nohup: 忽略输入
Dataset has size 100
Start from 0

  0%|          | 0/100 [00:00<?, ?it/s]Setting up [LPIPS] perceptual loss: trunk [vgg], v[0.1], spatial [off]
Loading model from: /root/.local/lib/python3.8/site-packages/lpips/weights/v0.1/vgg.pth
main_sampling.py:517: UserWarning: To copy construct from a tensor, it is recommended to use sourceTensor.clone().detach() or sourceTensor.clone().detach().requires_grad_(True), rather than torch.tensor(sourceTensor).
  LPIPS = loss_fn_vgg(2*orig-1.0, 2*torch.tensor(x[j]).to(torch.float32).cuda()-1.0)[0,0,0,0]

PSNR:31.6020 (0.0272), SSIM:0.82876 (0.00300), LPIPS:0.24223 (0.00395):   0%|          | 0/100 [09:25<?, ?it/s]
PSNR:31.6020 (0.0272), SSIM:0.82876 (0.00300), LPIPS:0.24223 (0.00395):   1%|          | 1/100 [09:25<15:33:49, 565.96s/it]
PSNR:29.9661 (0.0400), SSIM:0.84001 (0.00239), LPIPS:0.20829 (0.00299):   1%|          | 1/100 [19:50<15:33:49, 565.96s/it]
PSNR:29.9661 (0.0400), SSIM:0.84001 (0.00239), LPIPS:0.20829 (0.00299):   2%|▏         | 2/100 [19:50<16:20:51, 600.53s/it]
PSNR:30.0213 (0.0392), SSIM:0.82861 (0.00195), LPIPS:0.23471 (0.00390):   2%|▏         | 2/100 [30:31<16:20:51, 600.53s/it]
PSNR:30.0213 (0.0392), SSIM:0.82861 (0.00195), LPIPS:0.23471 (0.00390):   3%|▎         | 3/100 [30:31<16:40:48, 619.05s/it]
PSNR:28.7894 (0.0400), SSIM:0.80812 (0.00190), LPIPS:0.25313 (0.00373):   3%|▎         | 3/100 [41:37<16:40:48, 619.05s/it]
PSNR:28.7894 (0.0400), SSIM:0.80812 (0.00190), LPIPS:0.25313 (0.00373):   4%|▍         | 4/100 [41:37<16:59:59, 637.50s/it]
PSNR:28.6470 (0.0428), SSIM:0.80174 (0.00200), LPIPS:0.26471 (0.00424):   4%|▍         | 4/100 [51:16<16:59:59, 637.50s/it]
PSNR:28.6470 (0.0428), SSIM:0.80174 (0.00200), LPIPS:0.26471 (0.00424):   5%|▌         | 5/100 [51:16<16:15:41, 616.22s/it]
PSNR:28.7528 (0.0427), SSIM:0.80542 (0.00188), LPIPS:0.25842 (0.00392):   5%|▌         | 5/100 [1:01:53<16:15:41, 616.22s/it]
PSNR:28.7528 (0.0427), SSIM:0.80542 (0.00188), LPIPS:0.25842 (0.00392):   6%|▌         | 6/100 [1:01:53<16:16:58, 623.61s/it]
PSNR:28.8609 (0.0405), SSIM:0.81171 (0.00180), LPIPS:0.24951 (0.00392):   6%|▌         | 6/100 [1:11:25<16:16:58, 623.61s/it]
PSNR:28.8609 (0.0405), SSIM:0.81171 (0.00180), LPIPS:0.24951 (0.00392):   7%|▋         | 7/100 [1:11:25<15:39:56, 606.41s/it]
PSNR:28.3609 (0.0379), SSIM:0.79827 (0.00173), LPIPS:0.25376 (0.00393):   7%|▋         | 7/100 [1:21:45<15:39:56, 606.41s/it]
PSNR:28.3609 (0.0379), SSIM:0.79827 (0.00173), LPIPS:0.25376 (0.00393):   8%|▊         | 8/100 [1:21:45<15:36:34, 610.81s/it]
PSNR:28.3819 (0.0365), SSIM:0.80339 (0.00170), LPIPS:0.25439 (0.00363):   8%|▊         | 8/100 [1:31:33<15:36:34, 610.81s/it]
PSNR:28.3819 (0.0365), SSIM:0.80339 (0.00170), LPIPS:0.25439 (0.00363):   9%|▉         | 9/100 [1:31:33<15:15:54, 603.90s/it]
PSNR:28.2291 (0.0368), SSIM:0.79987 (0.00170), LPIPS:0.26289 (0.00349):   9%|▉         | 9/100 [1:42:22<15:15:54, 603.90s/it]
PSNR:28.2291 (0.0368), SSIM:0.79987 (0.00170), LPIPS:0.26289 (0.00349):  10%|█         | 10/100 [1:42:22<15:26:28, 617.65s/it]
PSNR:27.7514 (0.0349), SSIM:0.79406 (0.00165), LPIPS:0.26412 (0.00335):  10%|█         | 10/100 [1:53:04<15:26:28, 617.65s/it]
PSNR:27.7514 (0.0349), SSIM:0.79406 (0.00165), LPIPS:0.26412 (0.00335):  11%|█         | 11/100 [1:53:04<15:27:17, 625.14s/it]
PSNR:27.8143 (0.0367), SSIM:0.79442 (0.00168), LPIPS:0.26471 (0.00323):  11%|█         | 11/100 [2:03:20<15:27:17, 625.14s/it]
PSNR:27.8143 (0.0367), SSIM:0.79442 (0.00168), LPIPS:0.26471 (0.00323):  12%|█▏        | 12/100 [2:03:20<15:12:40, 622.27s/it]
PSNR:28.0067 (0.0374), SSIM:0.79804 (0.00167), LPIPS:0.26294 (0.00359):  12%|█▏        | 12/100 [2:13:42<15:12:40, 622.27s/it]
PSNR:28.0067 (0.0374), SSIM:0.79804 (0.00167), LPIPS:0.26294 (0.00359):  13%|█▎        | 13/100 [2:13:42<15:02:20, 622.31s/it]
PSNR:28.0894 (0.0372), SSIM:0.80256 (0.00161), LPIPS:0.26154 (0.00349):  13%|█▎        | 13/100 [2:24:45<15:02:20, 622.31s/it]
PSNR:28.0894 (0.0372), SSIM:0.80256 (0.00161), LPIPS:0.26154 (0.00349):  14%|█▍        | 14/100 [2:24:45<15:09:21, 634.43s/it]
PSNR:28.0892 (0.0366), SSIM:0.80558 (0.00156), LPIPS:0.25989 (0.00342):  14%|█▍        | 14/100 [2:35:38<15:09:21, 634.43s/it]
PSNR:28.0892 (0.0366), SSIM:0.80558 (0.00156), LPIPS:0.25989 (0.00342):  15%|█▌        | 15/100 [2:35:38<15:06:53, 640.16s/it]
PSNR:28.1412 (0.0377), SSIM:0.81086 (0.00155), LPIPS:0.25481 (0.00338):  15%|█▌        | 15/100 [2:46:44<15:06:53, 640.16s/it]
PSNR:28.1412 (0.0377), SSIM:0.81086 (0.00155), LPIPS:0.25481 (0.00338):  16%|█▌        | 16/100 [2:46:44<15:07:07, 647.95s/it]
PSNR:28.2892 (0.0375), SSIM:0.81091 (0.00150), LPIPS:0.25989 (0.00332):  16%|█▌        | 16/100 [2:57:10<15:07:07, 647.95s/it]
PSNR:28.2892 (0.0375), SSIM:0.81091 (0.00150), LPIPS:0.25989 (0.00332):  17%|█▋        | 17/100 [2:57:10<14:47:20, 641.45s/it]
PSNR:28.1797 (0.0379), SSIM:0.80580 (0.00154), LPIPS:0.26298 (0.00330):  17%|█▋        | 17/100 [3:08:18<14:47:20, 641.45s/it]
PSNR:28.1797 (0.0379), SSIM:0.80580 (0.00154), LPIPS:0.26298 (0.00330):  18%|█▊        | 18/100 [3:08:18<14:47:12, 649.17s/it]
PSNR:28.0815 (0.0376), SSIM:0.80284 (0.00151), LPIPS:0.26491 (0.00321):  18%|█▊        | 18/100 [3:19:20<14:47:12, 649.17s/it]
PSNR:28.0815 (0.0376), SSIM:0.80284 (0.00151), LPIPS:0.26491 (0.00321):  19%|█▉        | 19/100 [3:19:20<14:41:55, 653.28s/it]
PSNR:27.9952 (0.0378), SSIM:0.80247 (0.00147), LPIPS:0.26666 (0.00330):  19%|█▉        | 19/100 [3:29:57<14:41:55, 653.28s/it]
PSNR:27.9952 (0.0378), SSIM:0.80247 (0.00147), LPIPS:0.26666 (0.00330):  20%|██        | 20/100 [3:29:57<14:24:18, 648.23s/it]
PSNR:28.0836 (0.0382), SSIM:0.80341 (0.00148), LPIPS:0.26579 (0.00372):  20%|██        | 20/100 [3:39:52<14:24:18, 648.23s/it]
PSNR:28.0836 (0.0382), SSIM:0.80341 (0.00148), LPIPS:0.26579 (0.00372):  21%|██        | 21/100 [3:39:52<13:52:28, 632.26s/it]
PSNR:27.9913 (0.0388), SSIM:0.80340 (0.00153), LPIPS:0.26407 (0.00401):  21%|██        | 21/100 [3:50:39<13:52:28, 632.26s/it]
PSNR:27.9913 (0.0388), SSIM:0.80340 (0.00153), LPIPS:0.26407 (0.00401):  22%|██▏       | 22/100 [3:50:39<13:47:43, 636.71s/it]
PSNR:28.1050 (0.0384), SSIM:0.80567 (0.00150), LPIPS:0.26267 (0.00404):  22%|██▏       | 22/100 [4:01:31<13:47:43, 636.71s/it]
PSNR:28.1050 (0.0384), SSIM:0.80567 (0.00150), LPIPS:0.26267 (0.00404):  23%|██▎       | 23/100 [4:01:31<13:43:03, 641.35s/it]
PSNR:27.9147 (0.0382), SSIM:0.80329 (0.00152), LPIPS:0.26254 (0.00399):  23%|██▎       | 23/100 [4:17:13<13:43:03, 641.35s/it]
PSNR:27.9147 (0.0382), SSIM:0.80329 (0.00152), LPIPS:0.26254 (0.00399):  24%|██▍       | 24/100 [4:17:13<15:26:39, 731.57s/it]
PSNR:27.9204 (0.0398), SSIM:0.80321 (0.00152), LPIPS:0.26241 (0.00394):  24%|██▍       | 24/100 [4:34:08<15:26:39, 731.57s/it]
PSNR:27.9204 (0.0398), SSIM:0.80321 (0.00152), LPIPS:0.26241 (0.00394):  25%|██▌       | 25/100 [4:34:08<17:00:46, 816.62s/it]
PSNR:27.9378 (0.0398), SSIM:0.80330 (0.00151), LPIPS:0.26158 (0.00386):  25%|██▌       | 25/100 [4:48:05<17:00:46, 816.62s/it]
PSNR:27.9378 (0.0398), SSIM:0.80330 (0.00151), LPIPS:0.26158 (0.00386):  26%|██▌       | 26/100 [4:48:05<16:54:45, 822.77s/it]
PSNR:27.8088 (0.0393), SSIM:0.79934 (0.00153), LPIPS:0.26222 (0.00381):  26%|██▌       | 26/100 [4:58:32<16:54:45, 822.77s/it]
PSNR:27.8088 (0.0393), SSIM:0.79934 (0.00153), LPIPS:0.26222 (0.00381):  27%|██▋       | 27/100 [4:58:32<15:29:20, 763.84s/it]
PSNR:27.8112 (0.0394), SSIM:0.80043 (0.00151), LPIPS:0.26094 (0.00380):  27%|██▋       | 27/100 [5:08:45<15:29:20, 763.84s/it]
PSNR:27.8112 (0.0394), SSIM:0.80043 (0.00151), LPIPS:0.26094 (0.00380):  28%|██▊       | 28/100 [5:08:45<14:22:29, 718.74s/it]
PSNR:27.8427 (0.0388), SSIM:0.80153 (0.00149), LPIPS:0.26034 (0.00374):  28%|██▊       | 28/100 [5:23:25<14:22:29, 718.74s/it]
PSNR:27.8427 (0.0388), SSIM:0.80153 (0.00149), LPIPS:0.26034 (0.00374):  29%|██▉       | 29/100 [5:23:25<15:07:41, 767.06s/it]
PSNR:27.9445 (0.0393), SSIM:0.80365 (0.00147), LPIPS:0.25791 (0.00369):  29%|██▉       | 29/100 [5:37:59<15:07:41, 767.06s/it]
PSNR:27.9445 (0.0393), SSIM:0.80365 (0.00147), LPIPS:0.25791 (0.00369):  30%|███       | 30/100 [5:37:59<15:32:27, 799.25s/it]
PSNR:27.9848 (0.0408), SSIM:0.80575 (0.00148), LPIPS:0.25681 (0.00368):  30%|███       | 30/100 [5:51:00<15:32:27, 799.25s/it]
PSNR:27.9848 (0.0408), SSIM:0.80575 (0.00148), LPIPS:0.25681 (0.00368):  31%|███       | 31/100 [5:51:00<15:12:36, 793.58s/it]
PSNR:27.9348 (0.0401), SSIM:0.80405 (0.00147), LPIPS:0.25832 (0.00366):  31%|███       | 31/100 [6:03:56<15:12:36, 793.58s/it]
PSNR:27.9348 (0.0401), SSIM:0.80405 (0.00147), LPIPS:0.25832 (0.00366):  32%|███▏      | 32/100 [6:03:56<14:53:38, 788.50s/it]
PSNR:27.9337 (0.0417), SSIM:0.80265 (0.00149), LPIPS:0.26022 (0.00363):  32%|███▏      | 32/100 [6:14:44<14:53:38, 788.50s/it]
PSNR:27.9337 (0.0417), SSIM:0.80265 (0.00149), LPIPS:0.26022 (0.00363):  33%|███▎      | 33/100 [6:14:44<13:53:28, 746.39s/it]
PSNR:27.9678 (0.0417), SSIM:0.80151 (0.00151), LPIPS:0.26072 (0.00373):  33%|███▎      | 33/100 [6:24:51<13:53:28, 746.39s/it]
PSNR:27.9678 (0.0417), SSIM:0.80151 (0.00151), LPIPS:0.26072 (0.00373):  34%|███▍      | 34/100 [6:24:51<12:54:58, 704.53s/it]
PSNR:28.1190 (0.0425), SSIM:0.80223 (0.00152), LPIPS:0.26119 (0.00387):  34%|███▍      | 34/100 [6:34:52<12:54:58, 704.53s/it]
PSNR:28.1190 (0.0425), SSIM:0.80223 (0.00152), LPIPS:0.26119 (0.00387):  35%|███▌      | 35/100 [6:34:52<12:09:24, 673.30s/it]
PSNR:28.0956 (0.0418), SSIM:0.80204 (0.00151), LPIPS:0.26173 (0.00383):  35%|███▌      | 35/100 [6:45:15<12:09:24, 673.30s/it]
PSNR:28.0956 (0.0418), SSIM:0.80204 (0.00151), LPIPS:0.26173 (0.00383):  36%|███▌      | 36/100 [6:45:15<11:42:16, 658.38s/it]
PSNR:28.0394 (0.0419), SSIM:0.80284 (0.00150), LPIPS:0.26042 (0.00385):  36%|███▌      | 36/100 [6:55:13<11:42:16, 658.38s/it]
PSNR:28.0394 (0.0419), SSIM:0.80284 (0.00150), LPIPS:0.26042 (0.00385):  37%|███▋      | 37/100 [6:55:13<11:12:19, 640.31s/it]
PSNR:28.0101 (0.0417), SSIM:0.80343 (0.00149), LPIPS:0.25873 (0.00379):  37%|███▋      | 37/100 [7:06:14<11:12:19, 640.31s/it]
PSNR:28.0101 (0.0417), SSIM:0.80343 (0.00149), LPIPS:0.25873 (0.00379):  38%|███▊      | 38/100 [7:06:14<11:08:01, 646.48s/it]
PSNR:27.9901 (0.0416), SSIM:0.80436 (0.00149), LPIPS:0.25786 (0.00375):  38%|███▊      | 38/100 [7:16:55<11:08:01, 646.48s/it]
PSNR:27.9901 (0.0416), SSIM:0.80436 (0.00149), LPIPS:0.25786 (0.00375):  39%|███▉      | 39/100 [7:16:55<10:55:27, 644.71s/it]
PSNR:28.0591 (0.0417), SSIM:0.80492 (0.00149), LPIPS:0.25745 (0.00374):  39%|███▉      | 39/100 [7:27:14<10:55:27, 644.71s/it]
PSNR:28.0591 (0.0417), SSIM:0.80492 (0.00149), LPIPS:0.25745 (0.00374):  40%|████      | 40/100 [7:27:14<10:36:52, 636.88s/it]
PSNR:28.0455 (0.0413), SSIM:0.80382 (0.00150), LPIPS:0.25775 (0.00376):  40%|████      | 40/100 [7:37:37<10:36:52, 636.88s/it]
PSNR:28.0455 (0.0413), SSIM:0.80382 (0.00150), LPIPS:0.25775 (0.00376):  41%|████      | 41/100 [7:37:37<10:22:19, 632.87s/it]
PSNR:28.0814 (0.0412), SSIM:0.80428 (0.00149), LPIPS:0.25743 (0.00372):  41%|████      | 41/100 [7:48:27<10:22:19, 632.87s/it]
PSNR:28.0814 (0.0412), SSIM:0.80428 (0.00149), LPIPS:0.25743 (0.00372):  42%|████▏     | 42/100 [7:48:27<10:16:49, 638.09s/it]
PSNR:28.0931 (0.0415), SSIM:0.80479 (0.00148), LPIPS:0.25761 (0.00376):  42%|████▏     | 42/100 [7:58:53<10:16:49, 638.09s/it]
PSNR:28.0931 (0.0415), SSIM:0.80479 (0.00148), LPIPS:0.25761 (0.00376):  43%|████▎     | 43/100 [7:58:53<10:02:40, 634.40s/it]
PSNR:28.0445 (0.0411), SSIM:0.80210 (0.00148), LPIPS:0.25922 (0.00375):  43%|████▎     | 43/100 [8:09:51<10:02:40, 634.40s/it]
PSNR:28.0445 (0.0411), SSIM:0.80210 (0.00148), LPIPS:0.25922 (0.00375):  44%|████▍     | 44/100 [8:09:51<9:58:42, 641.48s/it] 
PSNR:28.0791 (0.0416), SSIM:0.80356 (0.00147), LPIPS:0.25737 (0.00377):  44%|████▍     | 44/100 [8:23:20<9:58:42, 641.48s/it]
PSNR:28.0791 (0.0416), SSIM:0.80356 (0.00147), LPIPS:0.25737 (0.00377):  45%|████▌     | 45/100 [8:23:20<10:34:09, 691.80s/it]
PSNR:28.1466 (0.0419), SSIM:0.80522 (0.00149), LPIPS:0.25574 (0.00372):  45%|████▌     | 45/100 [8:37:21<10:34:09, 691.80s/it]
PSNR:28.1466 (0.0419), SSIM:0.80522 (0.00149), LPIPS:0.25574 (0.00372):  46%|████▌     | 46/100 [8:37:21<11:02:51, 736.51s/it]
PSNR:28.2019 (0.0416), SSIM:0.80501 (0.00148), LPIPS:0.25732 (0.00375):  46%|████▌     | 46/100 [8:50:51<11:02:51, 736.51s/it]
PSNR:28.2019 (0.0416), SSIM:0.80501 (0.00148), LPIPS:0.25732 (0.00375):  47%|████▋     | 47/100 [8:50:51<11:09:57, 758.43s/it]
PSNR:28.1267 (0.0413), SSIM:0.80379 (0.00148), LPIPS:0.25905 (0.00373):  47%|████▋     | 47/100 [9:05:22<11:09:57, 758.43s/it]
PSNR:28.1267 (0.0413), SSIM:0.80379 (0.00148), LPIPS:0.25905 (0.00373):  48%|████▊     | 48/100 [9:05:22<11:26:42, 792.35s/it]
PSNR:28.1691 (0.0415), SSIM:0.80454 (0.00148), LPIPS:0.25847 (0.00372):  48%|████▊     | 48/100 [9:20:14<11:26:42, 792.35s/it]
PSNR:28.1691 (0.0415), SSIM:0.80454 (0.00148), LPIPS:0.25847 (0.00372):  49%|████▉     | 49/100 [9:20:14<11:38:44, 822.04s/it]
PSNR:28.1573 (0.0413), SSIM:0.80371 (0.00147), LPIPS:0.25803 (0.00373):  49%|████▉     | 49/100 [9:32:39<11:38:44, 822.04s/it]
PSNR:28.1573 (0.0413), SSIM:0.80371 (0.00147), LPIPS:0.25803 (0.00373):  50%|█████     | 50/100 [9:32:39<11:05:53, 799.08s/it]
PSNR:28.1749 (0.0411), SSIM:0.80335 (0.00147), LPIPS:0.25927 (0.00377):  50%|█████     | 50/100 [9:42:42<11:05:53, 799.08s/it]
PSNR:28.1749 (0.0411), SSIM:0.80335 (0.00147), LPIPS:0.25927 (0.00377):  51%|█████     | 51/100 [9:42:42<10:04:36, 740.34s/it]
PSNR:28.1919 (0.0410), SSIM:0.80346 (0.00146), LPIPS:0.25939 (0.00376):  51%|█████     | 51/100 [9:52:56<10:04:36, 740.34s/it]
PSNR:28.1919 (0.0410), SSIM:0.80346 (0.00146), LPIPS:0.25939 (0.00376):  52%|█████▏    | 52/100 [9:52:56<9:21:55, 702.41s/it] 
PSNR:28.1393 (0.0409), SSIM:0.80208 (0.00146), LPIPS:0.26053 (0.00371):  52%|█████▏    | 52/100 [10:04:04<9:21:55, 702.41s/it]
PSNR:28.1393 (0.0409), SSIM:0.80208 (0.00146), LPIPS:0.26053 (0.00371):  53%|█████▎    | 53/100 [10:04:04<9:02:06, 692.06s/it]
PSNR:28.0726 (0.0408), SSIM:0.80032 (0.00147), LPIPS:0.26090 (0.00369):  53%|█████▎    | 53/100 [10:15:09<9:02:06, 692.06s/it]
PSNR:28.0726 (0.0408), SSIM:0.80032 (0.00147), LPIPS:0.26090 (0.00369):  54%|█████▍    | 54/100 [10:15:09<8:44:18, 683.89s/it]
PSNR:28.0676 (0.0407), SSIM:0.80046 (0.00147), LPIPS:0.26033 (0.00374):  54%|█████▍    | 54/100 [10:25:59<8:44:18, 683.89s/it]
PSNR:28.0676 (0.0407), SSIM:0.80046 (0.00147), LPIPS:0.26033 (0.00374):  55%|█████▌    | 55/100 [10:25:59<8:25:22, 673.84s/it]
PSNR:28.0974 (0.0410), SSIM:0.80154 (0.00146), LPIPS:0.25983 (0.00371):  55%|█████▌    | 55/100 [10:36:47<8:25:22, 673.84s/it]
PSNR:28.0974 (0.0410), SSIM:0.80154 (0.00146), LPIPS:0.25983 (0.00371):  56%|█████▌    | 56/100 [10:36:47<8:08:27, 666.09s/it]
PSNR:28.1778 (0.0412), SSIM:0.80231 (0.00148), LPIPS:0.25962 (0.00378):  56%|█████▌    | 56/100 [10:46:32<8:08:27, 666.09s/it]
PSNR:28.1778 (0.0412), SSIM:0.80231 (0.00148), LPIPS:0.25962 (0.00378):  57%|█████▋    | 57/100 [10:46:32<7:39:48, 641.59s/it]
PSNR:28.2306 (0.0413), SSIM:0.80379 (0.00148), LPIPS:0.25856 (0.00376):  57%|█████▋    | 57/100 [10:57:16<7:39:48, 641.59s/it]
PSNR:28.2306 (0.0413), SSIM:0.80379 (0.00148), LPIPS:0.25856 (0.00376):  58%|█████▊    | 58/100 [10:57:16<7:29:35, 642.28s/it]
PSNR:28.2650 (0.0421), SSIM:0.80372 (0.00149), LPIPS:0.25944 (0.00376):  58%|█████▊    | 58/100 [11:07:06<7:29:35, 642.28s/it]
PSNR:28.2650 (0.0421), SSIM:0.80372 (0.00149), LPIPS:0.25944 (0.00376):  59%|█████▉    | 59/100 [11:07:06<7:08:14, 626.70s/it]
PSNR:28.3073 (0.0421), SSIM:0.80417 (0.00148), LPIPS:0.25983 (0.00375):  59%|█████▉    | 59/100 [11:18:57<7:08:14, 626.70s/it]
PSNR:28.3073 (0.0421), SSIM:0.80417 (0.00148), LPIPS:0.25983 (0.00375):  60%|██████    | 60/100 [11:18:57<7:14:40, 652.01s/it]
PSNR:28.3252 (0.0424), SSIM:0.80416 (0.00149), LPIPS:0.26075 (0.00383):  60%|██████    | 60/100 [11:29:21<7:14:40, 652.01s/it]
PSNR:28.3252 (0.0424), SSIM:0.80416 (0.00149), LPIPS:0.26075 (0.00383):  61%|██████    | 61/100 [11:29:21<6:58:20, 643.61s/it]
PSNR:28.3259 (0.0423), SSIM:0.80390 (0.00148), LPIPS:0.26128 (0.00382):  61%|██████    | 61/100 [11:39:50<6:58:20, 643.61s/it]
PSNR:28.3259 (0.0423), SSIM:0.80390 (0.00148), LPIPS:0.26128 (0.00382):  62%|██████▏   | 62/100 [11:39:50<6:44:54, 639.32s/it]
PSNR:28.3406 (0.0427), SSIM:0.80358 (0.00148), LPIPS:0.26209 (0.00383):  62%|██████▏   | 62/100 [11:50:41<6:44:54, 639.32s/it]
PSNR:28.3406 (0.0427), SSIM:0.80358 (0.00148), LPIPS:0.26209 (0.00383):  63%|██████▎   | 63/100 [11:50:41<6:36:14, 642.56s/it]
PSNR:28.3392 (0.0431), SSIM:0.80313 (0.00148), LPIPS:0.26209 (0.00386):  63%|██████▎   | 63/100 [12:01:14<6:36:14, 642.56s/it]
PSNR:28.3392 (0.0431), SSIM:0.80313 (0.00148), LPIPS:0.26209 (0.00386):  64%|██████▍   | 64/100 [12:01:14<6:23:58, 639.96s/it]
PSNR:28.3557 (0.0437), SSIM:0.80380 (0.00147), LPIPS:0.26154 (0.00393):  64%|██████▍   | 64/100 [12:11:45<6:23:58, 639.96s/it]
PSNR:28.3557 (0.0437), SSIM:0.80380 (0.00147), LPIPS:0.26154 (0.00393):  65%|██████▌   | 65/100 [12:11:45<6:11:40, 637.16s/it]
PSNR:28.3098 (0.0440), SSIM:0.80273 (0.00150), LPIPS:0.26331 (0.00395):  65%|██████▌   | 65/100 [12:23:29<6:11:40, 637.16s/it]
PSNR:28.3098 (0.0440), SSIM:0.80273 (0.00150), LPIPS:0.26331 (0.00395):  66%|██████▌   | 66/100 [12:23:29<6:12:26, 657.26s/it]
PSNR:28.2963 (0.0438), SSIM:0.80247 (0.00149), LPIPS:0.26369 (0.00392):  66%|██████▌   | 66/100 [12:34:18<6:12:26, 657.26s/it]
PSNR:28.2963 (0.0438), SSIM:0.80247 (0.00149), LPIPS:0.26369 (0.00392):  67%|██████▋   | 67/100 [12:34:18<6:00:04, 654.69s/it]
PSNR:28.3012 (0.0436), SSIM:0.80277 (0.00149), LPIPS:0.26493 (0.00390):  67%|██████▋   | 67/100 [12:45:00<6:00:04, 654.69s/it]
PSNR:28.3012 (0.0436), SSIM:0.80277 (0.00149), LPIPS:0.26493 (0.00390):  68%|██████▊   | 68/100 [12:45:00<5:47:10, 650.96s/it]
PSNR:28.2980 (0.0439), SSIM:0.80333 (0.00150), LPIPS:0.26437 (0.00387):  68%|██████▊   | 68/100 [12:56:07<5:47:10, 650.96s/it]
PSNR:28.2980 (0.0439), SSIM:0.80333 (0.00150), LPIPS:0.26437 (0.00387):  69%|██████▉   | 69/100 [12:56:07<5:38:46, 655.70s/it]
PSNR:28.3292 (0.0435), SSIM:0.80399 (0.00148), LPIPS:0.26356 (0.00385):  69%|██████▉   | 69/100 [13:07:06<5:38:46, 655.70s/it]
PSNR:28.3292 (0.0435), SSIM:0.80399 (0.00148), LPIPS:0.26356 (0.00385):  70%|███████   | 70/100 [13:07:06<5:28:20, 656.67s/it]
PSNR:28.2719 (0.0434), SSIM:0.80301 (0.00149), LPIPS:0.26367 (0.00381):  70%|███████   | 70/100 [13:17:27<5:28:20, 656.67s/it]
PSNR:28.2719 (0.0434), SSIM:0.80301 (0.00149), LPIPS:0.26367 (0.00381):  71%|███████   | 71/100 [13:17:27<5:12:11, 645.93s/it]
PSNR:28.2183 (0.0431), SSIM:0.80177 (0.00149), LPIPS:0.26400 (0.00378):  71%|███████   | 71/100 [13:28:13<5:12:11, 645.93s/it]
PSNR:28.2183 (0.0431), SSIM:0.80177 (0.00149), LPIPS:0.26400 (0.00378):  72%|███████▏  | 72/100 [13:28:13<5:01:28, 646.00s/it]
PSNR:28.2353 (0.0430), SSIM:0.80164 (0.00148), LPIPS:0.26457 (0.00379):  72%|███████▏  | 72/100 [13:38:21<5:01:28, 646.00s/it]
PSNR:28.2353 (0.0430), SSIM:0.80164 (0.00148), LPIPS:0.26457 (0.00379):  73%|███████▎  | 73/100 [13:38:21<4:45:33, 634.56s/it]
PSNR:28.2651 (0.0429), SSIM:0.80211 (0.00150), LPIPS:0.26431 (0.00379):  73%|███████▎  | 73/100 [13:49:04<4:45:33, 634.56s/it]
PSNR:28.2651 (0.0429), SSIM:0.80211 (0.00150), LPIPS:0.26431 (0.00379):  74%|███████▍  | 74/100 [13:49:04<4:36:09, 637.30s/it]
PSNR:28.2842 (0.0428), SSIM:0.80243 (0.00150), LPIPS:0.26396 (0.00377):  74%|███████▍  | 74/100 [13:59:34<4:36:09, 637.30s/it]
PSNR:28.2842 (0.0428), SSIM:0.80243 (0.00150), LPIPS:0.26396 (0.00377):  75%|███████▌  | 75/100 [13:59:34<4:24:36, 635.04s/it]
PSNR:28.2275 (0.0426), SSIM:0.80203 (0.00150), LPIPS:0.26388 (0.00379):  75%|███████▌  | 75/100 [14:10:26<4:24:36, 635.04s/it]
PSNR:28.2275 (0.0426), SSIM:0.80203 (0.00150), LPIPS:0.26388 (0.00379):  76%|███████▌  | 76/100 [14:10:26<4:15:58, 639.94s/it]
PSNR:28.2006 (0.0428), SSIM:0.80181 (0.00150), LPIPS:0.26464 (0.00378):  76%|███████▌  | 76/100 [14:21:16<4:15:58, 639.94s/it]
PSNR:28.2006 (0.0428), SSIM:0.80181 (0.00150), LPIPS:0.26464 (0.00378):  77%|███████▋  | 77/100 [14:21:16<4:06:27, 642.94s/it]
PSNR:28.1811 (0.0426), SSIM:0.80053 (0.00152), LPIPS:0.26551 (0.00375):  77%|███████▋  | 77/100 [14:32:06<4:06:27, 642.94s/it]
PSNR:28.1811 (0.0426), SSIM:0.80053 (0.00152), LPIPS:0.26551 (0.00375):  78%|███████▊  | 78/100 [14:32:06<3:56:34, 645.19s/it]
PSNR:28.1883 (0.0424), SSIM:0.80016 (0.00151), LPIPS:0.26510 (0.00375):  78%|███████▊  | 78/100 [14:42:33<3:56:34, 645.19s/it]
PSNR:28.1883 (0.0424), SSIM:0.80016 (0.00151), LPIPS:0.26510 (0.00375):  79%|███████▉  | 79/100 [14:42:33<3:43:54, 639.74s/it]
PSNR:28.2042 (0.0424), SSIM:0.80051 (0.00152), LPIPS:0.26488 (0.00377):  79%|███████▉  | 79/100 [14:54:14<3:43:54, 639.74s/it]
PSNR:28.2042 (0.0424), SSIM:0.80051 (0.00152), LPIPS:0.26488 (0.00377):  80%|████████  | 80/100 [14:54:14<3:39:19, 657.98s/it]
PSNR:28.2320 (0.0427), SSIM:0.80072 (0.00152), LPIPS:0.26453 (0.00378):  80%|████████  | 80/100 [15:04:35<3:39:19, 657.98s/it]
PSNR:28.2320 (0.0427), SSIM:0.80072 (0.00152), LPIPS:0.26453 (0.00378):  81%|████████  | 81/100 [15:04:35<3:24:56, 647.16s/it]
PSNR:28.2366 (0.0425), SSIM:0.80090 (0.00152), LPIPS:0.26428 (0.00377):  81%|████████  | 81/100 [15:14:56<3:24:56, 647.16s/it]
PSNR:28.2366 (0.0425), SSIM:0.80090 (0.00152), LPIPS:0.26428 (0.00377):  82%|████████▏ | 82/100 [15:14:56<3:11:46, 639.22s/it]
PSNR:28.2483 (0.0423), SSIM:0.80121 (0.00151), LPIPS:0.26366 (0.00375):  82%|████████▏ | 82/100 [15:25:16<3:11:46, 639.22s/it]
PSNR:28.2483 (0.0423), SSIM:0.80121 (0.00151), LPIPS:0.26366 (0.00375):  83%|████████▎ | 83/100 [15:25:16<2:59:27, 633.38s/it]
PSNR:28.2566 (0.0425), SSIM:0.80157 (0.00152), LPIPS:0.26350 (0.00376):  83%|████████▎ | 83/100 [15:34:49<2:59:27, 633.38s/it]
PSNR:28.2566 (0.0425), SSIM:0.80157 (0.00152), LPIPS:0.26350 (0.00376):  84%|████████▍ | 84/100 [15:34:49<2:44:04, 615.31s/it]
PSNR:28.2431 (0.0423), SSIM:0.80096 (0.00152), LPIPS:0.26397 (0.00375):  84%|████████▍ | 84/100 [15:45:48<2:44:04, 615.31s/it]
PSNR:28.2431 (0.0423), SSIM:0.80096 (0.00152), LPIPS:0.26397 (0.00375):  85%|████████▌ | 85/100 [15:45:48<2:37:04, 628.32s/it]
PSNR:28.2080 (0.0423), SSIM:0.80017 (0.00152), LPIPS:0.26421 (0.00373):  85%|████████▌ | 85/100 [15:55:58<2:37:04, 628.32s/it]
PSNR:28.2080 (0.0423), SSIM:0.80017 (0.00152), LPIPS:0.26421 (0.00373):  86%|████████▌ | 86/100 [15:55:58<2:25:19, 622.80s/it]
PSNR:28.2206 (0.0422), SSIM:0.80009 (0.00151), LPIPS:0.26476 (0.00373):  86%|████████▌ | 86/100 [16:06:34<2:25:19, 622.80s/it]
PSNR:28.2206 (0.0422), SSIM:0.80009 (0.00151), LPIPS:0.26476 (0.00373):  87%|████████▋ | 87/100 [16:06:34<2:15:49, 626.89s/it]
PSNR:28.2661 (0.0423), SSIM:0.80068 (0.00152), LPIPS:0.26441 (0.00373):  87%|████████▋ | 87/100 [16:16:48<2:15:49, 626.89s/it]
PSNR:28.2661 (0.0423), SSIM:0.80068 (0.00152), LPIPS:0.26441 (0.00373):  88%|████████▊ | 88/100 [16:16:48<2:04:35, 622.94s/it]
PSNR:28.2765 (0.0422), SSIM:0.79997 (0.00154), LPIPS:0.26467 (0.00374):  88%|████████▊ | 88/100 [16:27:21<2:04:35, 622.94s/it]
PSNR:28.2765 (0.0422), SSIM:0.79997 (0.00154), LPIPS:0.26467 (0.00374):  89%|████████▉ | 89/100 [16:27:21<1:54:46, 626.04s/it]
PSNR:28.3078 (0.0420), SSIM:0.80079 (0.00153), LPIPS:0.26463 (0.00375):  89%|████████▉ | 89/100 [16:38:15<1:54:46, 626.04s/it]
PSNR:28.3078 (0.0420), SSIM:0.80079 (0.00153), LPIPS:0.26463 (0.00375):  90%|█████████ | 90/100 [16:38:15<1:45:44, 634.42s/it]
PSNR:28.3145 (0.0419), SSIM:0.80075 (0.00152), LPIPS:0.26468 (0.00375):  90%|█████████ | 90/100 [16:48:19<1:45:44, 634.42s/it]
PSNR:28.3145 (0.0419), SSIM:0.80075 (0.00152), LPIPS:0.26468 (0.00375):  91%|█████████ | 91/100 [16:48:19<1:33:48, 625.43s/it]
PSNR:28.3496 (0.0421), SSIM:0.80192 (0.00152), LPIPS:0.26396 (0.00382):  91%|█████████ | 91/100 [16:59:37<1:33:48, 625.43s/it]
PSNR:28.3496 (0.0421), SSIM:0.80192 (0.00152), LPIPS:0.26396 (0.00382):  92%|█████████▏| 92/100 [16:59:37<1:25:29, 641.17s/it]
PSNR:28.3601 (0.0422), SSIM:0.80248 (0.00151), LPIPS:0.26430 (0.00382):  92%|█████████▏| 92/100 [17:09:53<1:25:29, 641.17s/it]
PSNR:28.3601 (0.0422), SSIM:0.80248 (0.00151), LPIPS:0.26430 (0.00382):  93%|█████████▎| 93/100 [17:09:53<1:13:54, 633.43s/it]
PSNR:28.3761 (0.0421), SSIM:0.80291 (0.00151), LPIPS:0.26376 (0.00386):  93%|█████████▎| 93/100 [17:20:20<1:13:54, 633.43s/it]
PSNR:28.3761 (0.0421), SSIM:0.80291 (0.00151), LPIPS:0.26376 (0.00386):  94%|█████████▍| 94/100 [17:20:20<1:03:08, 631.45s/it]
PSNR:28.3059 (0.0420), SSIM:0.80174 (0.00151), LPIPS:0.26422 (0.00385):  94%|█████████▍| 94/100 [17:31:22<1:03:08, 631.45s/it]
PSNR:28.3059 (0.0420), SSIM:0.80174 (0.00151), LPIPS:0.26422 (0.00385):  95%|█████████▌| 95/100 [17:31:22<53:23, 640.63s/it]  
PSNR:28.3181 (0.0421), SSIM:0.80209 (0.00151), LPIPS:0.26367 (0.00391):  95%|█████████▌| 95/100 [17:41:58<53:23, 640.63s/it]
PSNR:28.3181 (0.0421), SSIM:0.80209 (0.00151), LPIPS:0.26367 (0.00391):  96%|█████████▌| 96/100 [17:41:58<42:37, 639.32s/it]
PSNR:28.2931 (0.0420), SSIM:0.80110 (0.00151), LPIPS:0.26424 (0.00391):  96%|█████████▌| 96/100 [17:52:58<42:37, 639.32s/it]
PSNR:28.2931 (0.0420), SSIM:0.80110 (0.00151), LPIPS:0.26424 (0.00391):  97%|█████████▋| 97/100 [17:52:58<32:16, 645.54s/it]
PSNR:28.2901 (0.0420), SSIM:0.80052 (0.00153), LPIPS:0.26458 (0.00392):  97%|█████████▋| 97/100 [18:03:46<32:16, 645.54s/it]
PSNR:28.2901 (0.0420), SSIM:0.80052 (0.00153), LPIPS:0.26458 (0.00392):  98%|█████████▊| 98/100 [18:03:46<21:32, 646.16s/it]
PSNR:28.2913 (0.0420), SSIM:0.79872 (0.00152), LPIPS:0.26564 (0.00395):  98%|█████████▊| 98/100 [18:14:13<21:32, 646.16s/it]
PSNR:28.2913 (0.0420), SSIM:0.79872 (0.00152), LPIPS:0.26564 (0.00395):  99%|█████████▉| 99/100 [18:14:13<10:40, 640.69s/it]
PSNR:28.3203 (0.0418), SSIM:0.79900 (0.00152), LPIPS:0.26557 (0.00392):  99%|█████████▉| 99/100 [18:25:03<10:40, 640.69s/it]
PSNR:28.3203 (0.0418), SSIM:0.79900 (0.00152), LPIPS:0.26557 (0.00392): 100%|██████████| 100/100 [18:25:03<00:00, 643.20s/it]
PSNR:28.3203 (0.0418), SSIM:0.79900 (0.00152), LPIPS:0.26557 (0.00392): 100%|██████████| 100/100 [18:25:03<00:00, 663.03s/it]
Total Average PSNR: 28.320 (0.0418)
Total Average SSIM: 0.79900 (0.00152)
Total Average LPIPS: 0.26557 (0.00392)
Number of samples: 100
