nohup: 忽略输入
Dataset has size 100
Start from 0
  0%|          | 0/100 [00:00<?, ?it/s]Setting up [LPIPS] perceptual loss: trunk [vgg], v[0.1], spatial [off]
Loading model from: /root/.local/lib/python3.8/site-packages/lpips/weights/v0.1/vgg.pth
epoch 1 PSNR: 15.665135383605957 sigma_y: 1.7000000000000002 tau: 1.0
epoch 2 PSNR: 19.201433181762695 sigma_y: 1.6471111111111112 tau: 1.0
epoch 3 PSNR: 20.441158294677734 sigma_y: 1.5951111111111111 tau: 1.0
epoch 4 PSNR: 22.43067741394043 sigma_y: 1.544 tau: 1.0
epoch 5 PSNR: 23.363073348999023 sigma_y: 1.493777777777778 tau: 1.0
epoch 6 PSNR: 24.55286407470703 sigma_y: 1.4444444444444444 tau: 1.0
epoch 7 PSNR: 25.151023864746094 sigma_y: 1.3960000000000004 tau: 1.0
epoch 8 PSNR: 25.367862701416016 sigma_y: 1.3484444444444446 tau: 1.0
epoch 9 PSNR: 25.58551597595215 sigma_y: 1.3017777777777781 tau: 1.0
epoch 10 PSNR: 25.3174991607666 sigma_y: 1.256 tau: 1.0
epoch 11 PSNR: 25.584270477294922 sigma_y: 1.2111111111111115 tau: 1.0
epoch 12 PSNR: 25.675098419189453 sigma_y: 1.1671111111111112 tau: 0.95
epoch 13 PSNR: 26.217517852783203 sigma_y: 1.1240000000000003 tau: 0.95
epoch 14 PSNR: 26.199195861816406 sigma_y: 1.081777777777778 tau: 0.95
epoch 15 PSNR: 26.505727767944336 sigma_y: 1.0404444444444445 tau: 0.95
epoch 16 PSNR: 26.393125534057617 sigma_y: 1.0 tau: 0.95
epoch 17 PSNR: 26.488792419433594 sigma_y: 0.9604444444444447 tau: 0.8573749999999999
epoch 18 PSNR: 26.692157745361328 sigma_y: 0.9217777777777778 tau: 0.8573749999999999
epoch 19 PSNR: 27.121030807495117 sigma_y: 0.8839999999999999 tau: 0.8573749999999999
epoch 20 PSNR: 26.671825408935547 sigma_y: 0.8471111111111111 tau: 0.8573749999999999
epoch 21 PSNR: 27.26183319091797 sigma_y: 0.8111111111111112 tau: 0.8573749999999999
epoch 22 PSNR: 26.867502212524414 sigma_y: 0.7760000000000001 tau: 0.8573749999999999
epoch 23 PSNR: 27.126110076904297 sigma_y: 0.7417777777777778 tau: 0.8573749999999999
epoch 24 PSNR: 26.90103530883789 sigma_y: 0.7084444444444445 tau: 0.8145062499999999
epoch 25 PSNR: 26.9715576171875 sigma_y: 0.6759999999999999 tau: 0.8145062499999999
epoch 26 PSNR: 27.023927688598633 sigma_y: 0.6444444444444443 tau: 0.8145062499999999
epoch 27 PSNR: 27.4295711517334 sigma_y: 0.6137777777777778 tau: 0.8145062499999999
epoch 28 PSNR: 27.24724578857422 sigma_y: 0.5840000000000001 tau: 0.6634204312890623
epoch 29 PSNR: 27.394336700439453 sigma_y: 0.5551111111111111 tau: 0.5688000922764596
epoch 30 PSNR: 27.593402862548828 sigma_y: 0.527111111111111 tau: 0.5403600876626365
epoch 31 PSNR: 27.45261001586914 sigma_y: 0.5 tau: 0.5403600876626365
epoch 32 PSNR: 27.75743865966797 sigma_y: 0.47377777777777774 tau: 0.48767497911552943
epoch 33 PSNR: 27.691390991210938 sigma_y: 0.44844444444444453 tau: 0.48767497911552943
epoch 34 PSNR: 27.751358032226562 sigma_y: 0.42399999999999993 tau: 0.48767497911552943
epoch 35 PSNR: 27.6193904876709 sigma_y: 0.4004444444444445 tau: 0.48767497911552943
epoch 36 PSNR: 27.67939567565918 sigma_y: 0.37777777777777777 tau: 0.44012666865176525
epoch 37 PSNR: 27.86377716064453 sigma_y: 0.3560000000000001 tau: 0.34056162628811465
epoch 38 PSNR: 27.62718391418457 sigma_y: 0.33511111111111114 tau: 0.34056162628811465
epoch 39 PSNR: 28.027191162109375 sigma_y: 0.3151111111111112 tau: 0.30735686772502346
epoch 40 PSNR: 28.176050186157227 sigma_y: 0.296 tau: 0.30735686772502346
epoch 41 PSNR: 28.316242218017578 sigma_y: 0.2777777777777778 tau: 0.263520094465742
epoch 42 PSNR: 28.377090454101562 sigma_y: 0.2604444444444445 tau: 0.20390682574579033
epoch 43 PSNR: 28.545339584350586 sigma_y: 0.24400000000000005 tau: 0.20390682574579033
epoch 44 PSNR: 28.511981964111328 sigma_y: 0.22844444444444445 tau: 0.20390682574579033
epoch 45 PSNR: 28.69593048095703 sigma_y: 0.21377777777777784 tau: 0.20390682574579033
epoch 46 PSNR: 28.6044979095459 sigma_y: 0.2 tau: 0.20390682574579033
epoch 47 PSNR: 28.692829132080078 sigma_y: 0.1871111111111111 tau: 0.1937114844585008
epoch 48 PSNR: 28.773235321044922 sigma_y: 0.17511111111111113 tau: 0.18402591023557577
epoch 49 PSNR: 28.830177307128906 sigma_y: 0.16399999999999998 tau: 0.15777921478822676
epoch 50 PSNR: 28.9045352935791 sigma_y: 0.1537777777777778 tau: 0.14239574134637464
epoch 51 PSNR: 28.901269912719727 sigma_y: 0.14444444444444443 tau: 0.14239574134637464
epoch 52 PSNR: 28.997831344604492 sigma_y: 0.136 tau: 0.14239574134637464
epoch 53 PSNR: 29.025352478027344 sigma_y: 0.12844444444444444 tau: 0.14239574134637464
epoch 54 PSNR: 29.02145767211914 sigma_y: 0.12177777777777779 tau: 0.11018311023500525
epoch 55 PSNR: 29.070823669433594 sigma_y: 0.11599999999999999 tau: 0.10467395472325498
epoch 56 PSNR: 29.09996795654297 sigma_y: 0.11111111111111113 tau: 0.10467395472325498
epoch 57 PSNR: 29.14363670349121 sigma_y: 0.10711111111111112 tau: 0.10467395472325498
epoch 58 PSNR: 29.22226333618164 sigma_y: 0.10400000000000001 tau: 0.10467395472325498
epoch 59 PSNR: 29.241901397705078 sigma_y: 0.10177777777777779 tau: 0.10467395472325498
epoch 60 PSNR: 29.236440658569336 sigma_y: 0.10044444444444445 tau: 0.10467395472325498
epoch 61 PSNR: 29.279935836791992 sigma_y: 0.1 tau: 0.05688000922764597
epoch 62 PSNR: 29.27471923828125 sigma_y: 0.1 tau: 0.05688000922764597
epoch 63 PSNR: 29.38201141357422 sigma_y: 0.1 tau: 0.04876749791155295
epoch 64 PSNR: 29.36979103088379 sigma_y: 0.1 tau: 0.04876749791155295
epoch 65 PSNR: 29.45398712158203 sigma_y: 0.1 tau: 0.04876749791155295
epoch 66 PSNR: 29.40760612487793 sigma_y: 0.1 tau: 0.04876749791155295
epoch 67 PSNR: 29.435806274414062 sigma_y: 0.1 tau: 0.03235335449737091
epoch 68 PSNR: 29.424543380737305 sigma_y: 0.1 tau: 0.03235335449737091
epoch 69 PSNR: 29.472431182861328 sigma_y: 0.1 tau: 0.03235335449737091
epoch 70 PSNR: 29.437358856201172 sigma_y: 0.1 tau: 0.03235335449737091
epoch 71 PSNR: 29.44585418701172 sigma_y: 0.1 tau: 0.03235335449737091
epoch 72 PSNR: 29.432052612304688 sigma_y: 0.1 tau: 0.030735686772502362
epoch 73 PSNR: 29.504911422729492 sigma_y: 0.1 tau: 0.030735686772502362
epoch 74 PSNR: 29.48626708984375 sigma_y: 0.1 tau: 0.030735686772502362
epoch 75 PSNR: 29.546279907226562 sigma_y: 0.1 tau: 0.030735686772502362
epoch 76 PSNR: 29.508392333984375 sigma_y: 0.1 tau: 0.030735686772502362
epoch 77 PSNR: 29.556543350219727 sigma_y: 0.1 tau: 0.030735686772502362
epoch 78 PSNR: 29.528139114379883 sigma_y: 0.1 tau: 0.030735686772502362
epoch 79 PSNR: 29.540546417236328 sigma_y: 0.1 tau: 0.030735686772502362
epoch 80 PSNR: 29.55470848083496 sigma_y: 0.1 tau: 0.030735686772502362
epoch 81 PSNR: 29.56134033203125 sigma_y: 0.1 tau: 0.030735686772502362
epoch 82 PSNR: 29.59439468383789 sigma_y: 0.1 tau: 0.030735686772502362
epoch 83 PSNR: 29.629932403564453 sigma_y: 0.1 tau: 0.030735686772502362
epoch 84 PSNR: 29.668453216552734 sigma_y: 0.1 tau: 0.030735686772502362
epoch 85 PSNR: 29.673084259033203 sigma_y: 0.1 tau: 0.030735686772502362
epoch 86 PSNR: 29.662635803222656 sigma_y: 0.1 tau: 0.030735686772502362
epoch 87 PSNR: 29.63036346435547 sigma_y: 0.1 tau: 0.030735686772502362
epoch 88 PSNR: 29.644336700439453 sigma_y: 0.1 tau: 0.027738957312183378
epoch 89 PSNR: 29.65008544921875 sigma_y: 0.1 tau: 0.027738957312183378
epoch 90 PSNR: 29.70554542541504 sigma_y: 0.1 tau: 0.027738957312183378
epoch 91 PSNR: 29.66586685180664 sigma_y: 0.1 tau: 0.027738957312183378
epoch 92 PSNR: 29.650562286376953 sigma_y: 0.1 tau: 0.027738957312183378
epoch 93 PSNR: 29.66047477722168 sigma_y: 0.1 tau: 0.027738957312183378
epoch 94 PSNR: 29.660106658935547 sigma_y: 0.1 tau: 0.027738957312183378
epoch 95 PSNR: 29.638607025146484 sigma_y: 0.1 tau: 0.027738957312183378
epoch 96 PSNR: 29.60678482055664 sigma_y: 0.1 tau: 0.027738957312183378
epoch 97 PSNR: 29.63005256652832 sigma_y: 0.1 tau: 0.027738957312183378
epoch 98 PSNR: 29.62308120727539 sigma_y: 0.1 tau: 0.025034408974245494
epoch 99 PSNR: 29.671945571899414 sigma_y: 0.1 tau: 0.025034408974245494
epoch 100 PSNR: 29.645788192749023 sigma_y: 0.1 tau: 0.025034408974245494
main_sampling.py:521: UserWarning: To copy construct from a tensor, it is recommended to use sourceTensor.clone().detach() or sourceTensor.clone().detach().requires_grad_(True), rather than torch.tensor(sourceTensor).
  LPIPS = loss_fn_vgg(2*orig-1.0, 2*torch.tensor(x[j]).to(torch.float32).cuda()-1.0)[0,0,0,0]
PSNR:29.6437 (0.0318), SSIM:0.79925 (0.00138), LPIPS:0.22778 (0.00196):   0%|          | 0/100 [18:01<?, ?it/s]PSNR:29.6437 (0.0318), SSIM:0.79925 (0.00138), LPIPS:0.22778 (0.00196):   1%|          | 1/100 [18:01<29:44:29, 1081.51s/it]epoch 1 PSNR: 16.584407806396484 sigma_y: 1.7000000000000002 tau: 1.0
epoch 2 PSNR: 18.54724884033203 sigma_y: 1.6471111111111112 tau: 1.0
epoch 3 PSNR: 20.543437957763672 sigma_y: 1.5951111111111111 tau: 1.0
epoch 4 PSNR: 21.954139709472656 sigma_y: 1.544 tau: 1.0
epoch 5 PSNR: 22.718523025512695 sigma_y: 1.493777777777778 tau: 1.0
epoch 6 PSNR: 23.148529052734375 sigma_y: 1.4444444444444444 tau: 1.0
epoch 7 PSNR: 23.640596389770508 sigma_y: 1.3960000000000004 tau: 1.0
epoch 8 PSNR: 23.60902976989746 sigma_y: 1.3484444444444446 tau: 1.0
epoch 9 PSNR: 23.98895263671875 sigma_y: 1.3017777777777781 tau: 1.0
epoch 10 PSNR: 23.837900161743164 sigma_y: 1.256 tau: 1.0
epoch 11 PSNR: 24.385761260986328 sigma_y: 1.2111111111111115 tau: 1.0
epoch 12 PSNR: 24.31749725341797 sigma_y: 1.1671111111111112 tau: 1.0
epoch 13 PSNR: 24.378765106201172 sigma_y: 1.1240000000000003 tau: 1.0
epoch 14 PSNR: 24.292924880981445 sigma_y: 1.081777777777778 tau: 1.0
epoch 15 PSNR: 24.681285858154297 sigma_y: 1.0404444444444445 tau: 1.0
epoch 16 PSNR: 24.728105545043945 sigma_y: 1.0 tau: 1.0
epoch 17 PSNR: 24.727554321289062 sigma_y: 0.9604444444444447 tau: 1.0
epoch 18 PSNR: 25.012929916381836 sigma_y: 0.9217777777777778 tau: 1.0
epoch 19 PSNR: 24.835519790649414 sigma_y: 0.8839999999999999 tau: 1.0
epoch 20 PSNR: 25.143728256225586 sigma_y: 0.8471111111111111 tau: 1.0
epoch 21 PSNR: 25.156965255737305 sigma_y: 0.8111111111111112 tau: 1.0
epoch 22 PSNR: 25.354366302490234 sigma_y: 0.7760000000000001 tau: 1.0
epoch 23 PSNR: 25.417348861694336 sigma_y: 0.7417777777777778 tau: 1.0
epoch 24 PSNR: 25.269010543823242 sigma_y: 0.7084444444444445 tau: 1.0
epoch 25 PSNR: 25.316722869873047 sigma_y: 0.6759999999999999 tau: 1.0
epoch 26 PSNR: 25.358726501464844 sigma_y: 0.6444444444444443 tau: 1.0
epoch 27 PSNR: 25.674468994140625 sigma_y: 0.6137777777777778 tau: 1.0
epoch 28 PSNR: 25.932262420654297 sigma_y: 0.5840000000000001 tau: 0.8145062499999999
epoch 29 PSNR: 25.91887664794922 sigma_y: 0.5551111111111111 tau: 0.8145062499999999
epoch 30 PSNR: 26.160198211669922 sigma_y: 0.527111111111111 tau: 0.8145062499999999
epoch 31 PSNR: 26.11385726928711 sigma_y: 0.5 tau: 0.7737809374999999
epoch 32 PSNR: 26.34564208984375 sigma_y: 0.47377777777777774 tau: 0.7737809374999999
epoch 33 PSNR: 26.40924072265625 sigma_y: 0.44844444444444453 tau: 0.7350918906249998
epoch 34 PSNR: 26.29738998413086 sigma_y: 0.42399999999999993 tau: 0.6983372960937497
epoch 35 PSNR: 26.4107666015625 sigma_y: 0.4004444444444445 tau: 0.6634204312890623
epoch 36 PSNR: 26.569196701049805 sigma_y: 0.37777777777777777 tau: 0.6302494097246091
epoch 37 PSNR: 26.68512535095215 sigma_y: 0.3560000000000001 tau: 0.5403600876626365
epoch 38 PSNR: 26.862268447875977 sigma_y: 0.33511111111111114 tau: 0.5403600876626365
epoch 39 PSNR: 27.05487823486328 sigma_y: 0.3151111111111112 tau: 0.5403600876626365
epoch 40 PSNR: 27.205589294433594 sigma_y: 0.296 tau: 0.5133420832795047
epoch 41 PSNR: 27.101787567138672 sigma_y: 0.2777777777777778 tau: 0.48767497911552943
epoch 42 PSNR: 27.32483673095703 sigma_y: 0.2604444444444445 tau: 0.44012666865176525
epoch 43 PSNR: 27.375816345214844 sigma_y: 0.24400000000000005 tau: 0.37735360253530714
epoch 44 PSNR: 27.352672576904297 sigma_y: 0.22844444444444445 tau: 0.37735360253530714
epoch 45 PSNR: 27.502941131591797 sigma_y: 0.21377777777777784 tau: 0.34056162628811465
epoch 46 PSNR: 27.494285583496094 sigma_y: 0.2 tau: 0.30735686772502346
epoch 47 PSNR: 27.479618072509766 sigma_y: 0.1871111111111111 tau: 0.30735686772502346
epoch 48 PSNR: 27.584091186523438 sigma_y: 0.17511111111111113 tau: 0.263520094465742
epoch 49 PSNR: 27.67742347717285 sigma_y: 0.16399999999999998 tau: 0.263520094465742
epoch 50 PSNR: 27.73059844970703 sigma_y: 0.1537777777777778 tau: 0.2378268852553321
epoch 51 PSNR: 27.824424743652344 sigma_y: 0.14444444444444443 tau: 0.2378268852553321
epoch 52 PSNR: 27.81050682067871 sigma_y: 0.136 tau: 0.20390682574579033
epoch 53 PSNR: 27.85076141357422 sigma_y: 0.12844444444444444 tau: 0.20390682574579033
epoch 54 PSNR: 27.89856719970703 sigma_y: 0.12177777777777779 tau: 0.18402591023557577
epoch 55 PSNR: 28.023374557495117 sigma_y: 0.11599999999999999 tau: 0.17482461472379698
epoch 56 PSNR: 27.971378326416016 sigma_y: 0.11111111111111113 tau: 0.16608338398760714
epoch 57 PSNR: 27.99075698852539 sigma_y: 0.10711111111111112 tau: 0.16608338398760714
epoch 58 PSNR: 27.975797653198242 sigma_y: 0.10400000000000001 tau: 0.16608338398760714
epoch 59 PSNR: 28.085203170776367 sigma_y: 0.10177777777777779 tau: 0.16608338398760714
epoch 60 PSNR: 28.081066131591797 sigma_y: 0.10044444444444445 tau: 0.16608338398760714
epoch 61 PSNR: 28.030452728271484 sigma_y: 0.1 tau: 0.09025
epoch 62 PSNR: 28.093021392822266 sigma_y: 0.1 tau: 0.06983372960937498
epoch 63 PSNR: 28.13381576538086 sigma_y: 0.1 tau: 0.06634204312890622
epoch 64 PSNR: 28.142908096313477 sigma_y: 0.1 tau: 0.05987369392383786
epoch 65 PSNR: 28.170127868652344 sigma_y: 0.1 tau: 0.05987369392383786
epoch 66 PSNR: 28.097026824951172 sigma_y: 0.1 tau: 0.05987369392383786
epoch 67 PSNR: 28.1573486328125 sigma_y: 0.1 tau: 0.05987369392383786
epoch 68 PSNR: 28.182132720947266 sigma_y: 0.1 tau: 0.05987369392383786
epoch 69 PSNR: 28.17948341369629 sigma_y: 0.1 tau: 0.05987369392383786
epoch 70 PSNR: 28.182376861572266 sigma_y: 0.1 tau: 0.05688000922764597
epoch 71 PSNR: 28.17884635925293 sigma_y: 0.1 tau: 0.05688000922764597
epoch 72 PSNR: 28.251266479492188 sigma_y: 0.1 tau: 0.05688000922764597
epoch 73 PSNR: 28.21014404296875 sigma_y: 0.1 tau: 0.05688000922764597
epoch 74 PSNR: 28.289125442504883 sigma_y: 0.1 tau: 0.05688000922764597
epoch 75 PSNR: 28.29419708251953 sigma_y: 0.1 tau: 0.05688000922764597
epoch 76 PSNR: 28.205692291259766 sigma_y: 0.1 tau: 0.05688000922764597
epoch 77 PSNR: 28.29899787902832 sigma_y: 0.1 tau: 0.05688000922764597
epoch 78 PSNR: 28.3023681640625 sigma_y: 0.1 tau: 0.05688000922764597
epoch 79 PSNR: 28.388263702392578 sigma_y: 0.1 tau: 0.05403600876626367
epoch 80 PSNR: 28.33051300048828 sigma_y: 0.1 tau: 0.05403600876626367
epoch 81 PSNR: 28.324371337890625 sigma_y: 0.1 tau: 0.05403600876626367
epoch 82 PSNR: 28.368186950683594 sigma_y: 0.1 tau: 0.05403600876626367
epoch 83 PSNR: 28.382347106933594 sigma_y: 0.1 tau: 0.05133420832795048
epoch 84 PSNR: 28.379653930664062 sigma_y: 0.1 tau: 0.05133420832795048
epoch 85 PSNR: 28.351421356201172 sigma_y: 0.1 tau: 0.04876749791155295
epoch 86 PSNR: 28.39107894897461 sigma_y: 0.1 tau: 0.04876749791155295
epoch 87 PSNR: 28.369686126708984 sigma_y: 0.1 tau: 0.04876749791155295
epoch 88 PSNR: 28.405075073242188 sigma_y: 0.1 tau: 0.04876749791155295
epoch 89 PSNR: 28.400705337524414 sigma_y: 0.1 tau: 0.04876749791155295
epoch 90 PSNR: 28.432682037353516 sigma_y: 0.1 tau: 0.04876749791155295
epoch 91 PSNR: 28.441144943237305 sigma_y: 0.1 tau: 0.04876749791155295
epoch 92 PSNR: 28.431081771850586 sigma_y: 0.1 tau: 0.04876749791155295
epoch 93 PSNR: 28.43519401550293 sigma_y: 0.1 tau: 0.04876749791155295
epoch 94 PSNR: 28.43273162841797 sigma_y: 0.1 tau: 0.04876749791155295
epoch 95 PSNR: 28.470012664794922 sigma_y: 0.1 tau: 0.04876749791155295
epoch 96 PSNR: 28.421831130981445 sigma_y: 0.1 tau: 0.04876749791155295
epoch 97 PSNR: 28.475509643554688 sigma_y: 0.1 tau: 0.04876749791155295
epoch 98 PSNR: 28.46533203125 sigma_y: 0.1 tau: 0.04876749791155295
epoch 99 PSNR: 28.455045700073242 sigma_y: 0.1 tau: 0.04876749791155295
epoch 100 PSNR: 28.42902374267578 sigma_y: 0.1 tau: 0.04876749791155295
PSNR:29.0284 (0.0366), SSIM:0.82991 (0.00104), LPIPS:0.19507 (0.00138):   1%|          | 1/100 [33:46<29:44:29, 1081.51s/it]PSNR:29.0284 (0.0366), SSIM:0.82991 (0.00104), LPIPS:0.19507 (0.00138):   2%|▏         | 2/100 [33:46<27:15:45, 1001.48s/it]epoch 1 PSNR: 15.92329216003418 sigma_y: 1.7000000000000002 tau: 0.95
epoch 2 PSNR: 17.908348083496094 sigma_y: 1.6471111111111112 tau: 0.9025
epoch 3 PSNR: 20.115142822265625 sigma_y: 1.5951111111111111 tau: 0.9025
epoch 4 PSNR: 21.139392852783203 sigma_y: 1.544 tau: 0.9025
epoch 5 PSNR: 21.77831268310547 sigma_y: 1.493777777777778 tau: 0.9025
epoch 6 PSNR: 21.472415924072266 sigma_y: 1.4444444444444444 tau: 0.9025
epoch 7 PSNR: 22.751575469970703 sigma_y: 1.3960000000000004 tau: 0.9025
epoch 8 PSNR: 22.258270263671875 sigma_y: 1.3484444444444446 tau: 0.9025
PSNR:29.0284 (0.0366), SSIM:0.82991 (0.00104), LPIPS:0.19507 (0.00138):   2%|▏         | 2/100 [35:07<28:41:08, 1053.76s/it]
Traceback (most recent call last):
  File "main_sampling.py", line 1039, in <module>
    sample_image(opt=opt, config=config, model_config=model_config, device=device)
  File "main_sampling.py", line 483, in sample_image
    xt = hmc(x, n, b, seq, seq_next, algo, opt, y_0, H_funcs, x_orig)
  File "main_sampling.py", line 709, in hmc
    xt = iterative_sampling(x_proposal, n, b, seq, seq_next, algo, opt, y_0, tqdm_disable=True).clip(-1, 1)
  File "main_sampling.py", line 904, in iterative_sampling
    at_next = compute_alpha(b, next_t.long())
  File "main_sampling.py", line 71, in compute_alpha
    beta = torch.cat([torch.zeros(1).to(beta.device), beta], dim=0)
  File "/root/miniconda3/envs/NHMC/lib/python3.8/site-packages/torch/utils/data/_utils/signal_handling.py", line 67, in handler
    _error_if_any_worker_fails()
RuntimeError: DataLoader worker (pid 208030) is killed by signal: Terminated. 
