nohup: 忽略输入
Dataset has size 100
Start from 0
sigma_y = opt.sigma_0 + 0.9 * (1 - epoch / epochs) ** 3
  0%|          | 0/100 [00:00<?, ?it/s]Setting up [LPIPS] perceptual loss: trunk [vgg], v[0.1], spatial [off]
Loading model from: /root/.local/lib/python3.8/site-packages/lpips/weights/v0.1/vgg.pth
epoch 1 PSNR: 16.402923583984375 sigma_y: 1.0 tau: 1.0
epoch 2 PSNR: 18.03424072265625 sigma_y: 0.9129666666666666 tau: 1.0
epoch 3 PSNR: 20.334781646728516 sigma_y: 0.8317333333333334 tau: 0.9025
epoch 4 PSNR: 21.345458984375 sigma_y: 0.7561000000000001 tau: 0.5987369392383786
epoch 5 PSNR: 22.150711059570312 sigma_y: 0.6858666666666667 tau: 0.5987369392383786
epoch 6 PSNR: 22.700645446777344 sigma_y: 0.6208333333333335 tau: 0.5987369392383786
epoch 7 PSNR: 23.47171401977539 sigma_y: 0.5608000000000001 tau: 0.5987369392383786
epoch 8 PSNR: 23.34613609313965 sigma_y: 0.5055666666666666 tau: 0.5133420832795047
epoch 9 PSNR: 23.76260757446289 sigma_y: 0.4549333333333334 tau: 0.5133420832795047
epoch 10 PSNR: 24.300472259521484 sigma_y: 0.40869999999999995 tau: 0.37735360253530714
epoch 11 PSNR: 25.176300048828125 sigma_y: 0.3666666666666668 tau: 0.30735686772502346
epoch 12 PSNR: 26.462257385253906 sigma_y: 0.32863333333333333 tau: 0.30735686772502346
epoch 13 PSNR: 26.81307029724121 sigma_y: 0.2944 tau: 0.16608338398760714
epoch 14 PSNR: 26.900745391845703 sigma_y: 0.26376666666666665 tau: 0.1352759542790559
epoch 15 PSNR: 27.17424201965332 sigma_y: 0.23653333333333335 tau: 0.1352759542790559
epoch 16 PSNR: 27.384151458740234 sigma_y: 0.21250000000000002 tau: 0.1352759542790559
epoch 17 PSNR: 27.42828369140625 sigma_y: 0.19146666666666667 tau: 0.1352759542790559
epoch 18 PSNR: 27.591066360473633 sigma_y: 0.17323333333333335 tau: 0.1352759542790559
epoch 19 PSNR: 27.752105712890625 sigma_y: 0.15760000000000002 tau: 0.1352759542790559
epoch 20 PSNR: 27.960487365722656 sigma_y: 0.1443666666666667 tau: 0.11598222130000553
epoch 21 PSNR: 28.151662826538086 sigma_y: 0.13333333333333336 tau: 0.11598222130000553
epoch 22 PSNR: 28.26510238647461 sigma_y: 0.12430000000000002 tau: 0.11598222130000553
epoch 23 PSNR: 28.323556900024414 sigma_y: 0.11706666666666668 tau: 0.09944025698709223
epoch 24 PSNR: 28.475364685058594 sigma_y: 0.11143333333333333 tau: 0.09944025698709223
epoch 25 PSNR: 28.57938575744629 sigma_y: 0.1072 tau: 0.08974483193085074
epoch 26 PSNR: 28.586151123046875 sigma_y: 0.10416666666666667 tau: 0.0852575903343082
epoch 27 PSNR: 28.693883895874023 sigma_y: 0.10213333333333334 tau: 0.0852575903343082
epoch 28 PSNR: 28.816232681274414 sigma_y: 0.1009 tau: 0.08099471081759278
epoch 29 PSNR: 28.841053009033203 sigma_y: 0.10026666666666667 tau: 0.08099471081759278
epoch 30 PSNR: 28.89934539794922 sigma_y: 0.10003333333333334 tau: 0.07694497527671314
epoch 31 PSNR: 28.983983993530273 sigma_y: 0.1 tau: 0.07309772651287748
epoch 32 PSNR: 29.026744842529297 sigma_y: 0.1 tau: 0.07309772651287748
epoch 33 PSNR: 29.06621551513672 sigma_y: 0.1 tau: 0.07309772651287748
epoch 34 PSNR: 29.07955551147461 sigma_y: 0.1 tau: 0.07309772651287748
epoch 35 PSNR: 29.11090087890625 sigma_y: 0.1 tau: 0.0659706981778719
epoch 36 PSNR: 29.08989715576172 sigma_y: 0.1 tau: 0.0659706981778719
epoch 37 PSNR: 29.12639617919922 sigma_y: 0.1 tau: 0.0659706981778719
epoch 38 PSNR: 29.104793548583984 sigma_y: 0.1 tau: 0.0626721632689783
epoch 39 PSNR: 29.073490142822266 sigma_y: 0.1 tau: 0.0626721632689783
epoch 40 PSNR: 29.056072235107422 sigma_y: 0.1 tau: 0.0626721632689783
epoch 41 PSNR: 29.093618392944336 sigma_y: 0.1 tau: 0.0626721632689783
epoch 42 PSNR: 29.122961044311523 sigma_y: 0.1 tau: 0.0626721632689783
epoch 43 PSNR: 29.206321716308594 sigma_y: 0.1 tau: 0.0626721632689783
epoch 44 PSNR: 29.28094482421875 sigma_y: 0.1 tau: 0.0626721632689783
epoch 45 PSNR: 29.269832611083984 sigma_y: 0.1 tau: 0.0626721632689783
epoch 46 PSNR: 29.23052978515625 sigma_y: 0.1 tau: 0.053733545982740265
epoch 47 PSNR: 29.270038604736328 sigma_y: 0.1 tau: 0.053733545982740265
epoch 48 PSNR: 29.2928524017334 sigma_y: 0.1 tau: 0.053733545982740265
epoch 49 PSNR: 29.296939849853516 sigma_y: 0.1 tau: 0.03752413921111601
epoch 50 PSNR: 29.28722381591797 sigma_y: 0.1 tau: 0.03752413921111601
epoch 51 PSNR: 29.294090270996094 sigma_y: 0.1 tau: 0.03752413921111601
epoch 52 PSNR: 29.33282470703125 sigma_y: 0.1 tau: 0.03752413921111601
epoch 53 PSNR: 29.36927032470703 sigma_y: 0.1 tau: 0.03752413921111601
epoch 54 PSNR: 29.339094161987305 sigma_y: 0.1 tau: 0.03752413921111601
epoch 55 PSNR: 29.358802795410156 sigma_y: 0.1 tau: 0.03752413921111601
epoch 56 PSNR: 29.32836151123047 sigma_y: 0.1 tau: 0.03752413921111601
epoch 57 PSNR: 29.35443878173828 sigma_y: 0.1 tau: 0.03752413921111601
epoch 58 PSNR: 29.370296478271484 sigma_y: 0.1 tau: 0.03752413921111601
epoch 59 PSNR: 29.383827209472656 sigma_y: 0.1 tau: 0.03752413921111601
epoch 60 PSNR: 29.3629093170166 sigma_y: 0.1 tau: 0.03752413921111601
epoch 61 PSNR: 29.393299102783203 sigma_y: 0.1 tau: 0.03752413921111601
epoch 62 PSNR: 29.38276481628418 sigma_y: 0.1 tau: 0.03752413921111601
epoch 63 PSNR: 29.422426223754883 sigma_y: 0.1 tau: 0.03752413921111601
epoch 64 PSNR: 29.375736236572266 sigma_y: 0.1 tau: 0.03752413921111601
epoch 65 PSNR: 29.41067123413086 sigma_y: 0.1 tau: 0.03752413921111601
epoch 66 PSNR: 29.398677825927734 sigma_y: 0.1 tau: 0.0338655356380322
epoch 67 PSNR: 29.41570472717285 sigma_y: 0.1 tau: 0.0338655356380322
epoch 68 PSNR: 29.404193878173828 sigma_y: 0.1 tau: 0.0338655356380322
epoch 69 PSNR: 29.43375587463379 sigma_y: 0.1 tau: 0.0338655356380322
epoch 70 PSNR: 29.420970916748047 sigma_y: 0.1 tau: 0.0338655356380322
main_sampling.py:521: UserWarning: To copy construct from a tensor, it is recommended to use sourceTensor.clone().detach() or sourceTensor.clone().detach().requires_grad_(True), rather than torch.tensor(sourceTensor).
  LPIPS = loss_fn_vgg(2*orig-1.0, 2*torch.tensor(x[j]).to(torch.float32).cuda()-1.0)[0,0,0,0]

PSNR:29.3301 (0.0848), SSIM:0.79487 (0.00112), LPIPS:0.24750 (0.00249):   0%|          | 0/100 [12:41<?, ?it/s]
PSNR:29.3301 (0.0848), SSIM:0.79487 (0.00112), LPIPS:0.24750 (0.00249):   1%|          | 1/100 [12:41<20:55:56, 761.18s/it]epoch 1 PSNR: 16.089536666870117 sigma_y: 1.0 tau: 1.0
epoch 2 PSNR: 17.8271427154541 sigma_y: 0.9129666666666666 tau: 1.0
epoch 3 PSNR: 19.117280960083008 sigma_y: 0.8317333333333334 tau: 1.0
epoch 4 PSNR: 20.07453727722168 sigma_y: 0.7561000000000001 tau: 1.0
epoch 5 PSNR: 20.81008529663086 sigma_y: 0.6858666666666667 tau: 0.95
epoch 6 PSNR: 22.195322036743164 sigma_y: 0.6208333333333335 tau: 0.6302494097246091
epoch 7 PSNR: 23.584266662597656 sigma_y: 0.5608000000000001 tau: 0.6302494097246091
epoch 8 PSNR: 25.30939292907715 sigma_y: 0.5055666666666666 tau: 0.6302494097246091
epoch 9 PSNR: 25.797916412353516 sigma_y: 0.4549333333333334 tau: 0.6302494097246091
epoch 10 PSNR: 25.892000198364258 sigma_y: 0.40869999999999995 tau: 0.6302494097246091
epoch 11 PSNR: 26.231821060180664 sigma_y: 0.3666666666666668 tau: 0.5987369392383786
epoch 12 PSNR: 26.44216537475586 sigma_y: 0.32863333333333333 tau: 0.5403600876626365
epoch 13 PSNR: 26.714563369750977 sigma_y: 0.2944 tau: 0.35848592240854177
epoch 14 PSNR: 26.953041076660156 sigma_y: 0.26376666666666665 tau: 0.3235335449737089
epoch 15 PSNR: 26.909996032714844 sigma_y: 0.23653333333333335 tau: 0.30735686772502346
epoch 16 PSNR: 27.094676971435547 sigma_y: 0.21250000000000002 tau: 0.263520094465742
epoch 17 PSNR: 27.164608001708984 sigma_y: 0.19146666666666667 tau: 0.2378268852553321
epoch 18 PSNR: 27.343942642211914 sigma_y: 0.17323333333333335 tau: 0.2146387639429372
epoch 19 PSNR: 27.53575897216797 sigma_y: 0.15760000000000002 tau: 0.20390682574579033
epoch 20 PSNR: 27.68355369567871 sigma_y: 0.1443666666666667 tau: 0.17482461472379698
epoch 21 PSNR: 27.828182220458984 sigma_y: 0.13333333333333336 tau: 0.17482461472379698
epoch 22 PSNR: 27.887786865234375 sigma_y: 0.12430000000000002 tau: 0.15777921478822676
epoch 23 PSNR: 28.047203063964844 sigma_y: 0.11706666666666668 tau: 0.14989025404881542
epoch 24 PSNR: 28.024250030517578 sigma_y: 0.11143333333333333 tau: 0.1352759542790559
epoch 25 PSNR: 28.046350479125977 sigma_y: 0.1072 tau: 0.1285121565651031
epoch 26 PSNR: 28.108217239379883 sigma_y: 0.10416666666666667 tau: 0.1285121565651031
epoch 27 PSNR: 28.215482711791992 sigma_y: 0.10213333333333334 tau: 0.1285121565651031
epoch 28 PSNR: 28.208702087402344 sigma_y: 0.1009 tau: 0.1285121565651031
epoch 29 PSNR: 28.26727294921875 sigma_y: 0.10026666666666667 tau: 0.1285121565651031
epoch 30 PSNR: 28.257118225097656 sigma_y: 0.10003333333333334 tau: 0.12208654873684793
epoch 31 PSNR: 28.324649810791016 sigma_y: 0.1 tau: 0.05688000922764597
epoch 32 PSNR: 28.326414108276367 sigma_y: 0.1 tau: 0.04401266686517654
epoch 33 PSNR: 28.349573135375977 sigma_y: 0.1 tau: 0.04181203352191771
epoch 34 PSNR: 28.34781837463379 sigma_y: 0.1 tau: 0.04181203352191771
epoch 35 PSNR: 28.386869430541992 sigma_y: 0.1 tau: 0.04181203352191771
epoch 36 PSNR: 28.367847442626953 sigma_y: 0.1 tau: 0.04181203352191771
epoch 37 PSNR: 28.365245819091797 sigma_y: 0.1 tau: 0.04181203352191771
epoch 38 PSNR: 28.420822143554688 sigma_y: 0.1 tau: 0.04181203352191771
epoch 39 PSNR: 28.39778709411621 sigma_y: 0.1 tau: 0.04181203352191771
epoch 40 PSNR: 28.351444244384766 sigma_y: 0.1 tau: 0.04181203352191771
epoch 41 PSNR: 28.428342819213867 sigma_y: 0.1 tau: 0.04181203352191771
epoch 42 PSNR: 28.473957061767578 sigma_y: 0.1 tau: 0.04181203352191771
epoch 43 PSNR: 28.465364456176758 sigma_y: 0.1 tau: 0.04181203352191771
epoch 44 PSNR: 28.438236236572266 sigma_y: 0.1 tau: 0.04181203352191771
epoch 45 PSNR: 28.477699279785156 sigma_y: 0.1 tau: 0.04181203352191771
epoch 46 PSNR: 28.481163024902344 sigma_y: 0.1 tau: 0.04181203352191771
epoch 47 PSNR: 28.46533966064453 sigma_y: 0.1 tau: 0.04181203352191771
epoch 48 PSNR: 28.464128494262695 sigma_y: 0.1 tau: 0.039721431845821824
epoch 49 PSNR: 28.47284698486328 sigma_y: 0.1 tau: 0.039721431845821824
epoch 50 PSNR: 28.507465362548828 sigma_y: 0.1 tau: 0.039721431845821824
epoch 51 PSNR: 28.49129867553711 sigma_y: 0.1 tau: 0.039721431845821824
epoch 52 PSNR: 28.520328521728516 sigma_y: 0.1 tau: 0.039721431845821824
epoch 53 PSNR: 28.558231353759766 sigma_y: 0.1 tau: 0.039721431845821824
epoch 54 PSNR: 28.542381286621094 sigma_y: 0.1 tau: 0.039721431845821824
epoch 55 PSNR: 28.549440383911133 sigma_y: 0.1 tau: 0.039721431845821824
epoch 56 PSNR: 28.53968620300293 sigma_y: 0.1 tau: 0.039721431845821824
epoch 57 PSNR: 28.549585342407227 sigma_y: 0.1 tau: 0.039721431845821824
epoch 58 PSNR: 28.599443435668945 sigma_y: 0.1 tau: 0.039721431845821824
epoch 59 PSNR: 28.604686737060547 sigma_y: 0.1 tau: 0.039721431845821824
epoch 60 PSNR: 28.599164962768555 sigma_y: 0.1 tau: 0.039721431845821824
epoch 61 PSNR: 28.642440795898438 sigma_y: 0.1 tau: 0.039721431845821824
epoch 62 PSNR: 28.645200729370117 sigma_y: 0.1 tau: 0.039721431845821824
epoch 63 PSNR: 28.605194091796875 sigma_y: 0.1 tau: 0.039721431845821824
epoch 64 PSNR: 28.695934295654297 sigma_y: 0.1 tau: 0.039721431845821824
epoch 65 PSNR: 28.67344093322754 sigma_y: 0.1 tau: 0.039721431845821824
epoch 66 PSNR: 28.679668426513672 sigma_y: 0.1 tau: 0.039721431845821824
epoch 67 PSNR: 28.734893798828125 sigma_y: 0.1 tau: 0.039721431845821824
epoch 68 PSNR: 28.709671020507812 sigma_y: 0.1 tau: 0.039721431845821824
epoch 69 PSNR: 28.729516983032227 sigma_y: 0.1 tau: 0.039721431845821824
epoch 70 PSNR: 28.70068359375 sigma_y: 0.1 tau: 0.039721431845821824

PSNR:28.9491 (0.0901), SSIM:0.82854 (0.00184), LPIPS:0.20405 (0.00242):   1%|          | 1/100 [21:37<20:55:56, 761.18s/it]
PSNR:28.9491 (0.0901), SSIM:0.82854 (0.00184), LPIPS:0.20405 (0.00242):   2%|▏         | 2/100 [21:37<17:06:56, 628.74s/it]epoch 1 PSNR: 17.304691314697266 sigma_y: 1.0 tau: 1.0
epoch 2 PSNR: 20.072452545166016 sigma_y: 0.9129666666666666 tau: 1.0
epoch 3 PSNR: 22.251502990722656 sigma_y: 0.8317333333333334 tau: 1.0
epoch 4 PSNR: 23.126022338867188 sigma_y: 0.7561000000000001 tau: 1.0
epoch 5 PSNR: 24.113122940063477 sigma_y: 0.6858666666666667 tau: 1.0
epoch 6 PSNR: 25.59638786315918 sigma_y: 0.6208333333333335 tau: 1.0
epoch 7 PSNR: 26.13294792175293 sigma_y: 0.5608000000000001 tau: 1.0
epoch 8 PSNR: 26.611806869506836 sigma_y: 0.5055666666666666 tau: 0.8145062499999999
epoch 9 PSNR: 26.999547958374023 sigma_y: 0.4549333333333334 tau: 0.7350918906249998
epoch 10 PSNR: 27.1195068359375 sigma_y: 0.40869999999999995 tau: 0.6983372960937497
epoch 11 PSNR: 27.45294189453125 sigma_y: 0.3666666666666668 tau: 0.5987369392383786
epoch 12 PSNR: 27.593788146972656 sigma_y: 0.32863333333333333 tau: 0.5688000922764596
epoch 13 PSNR: 27.920257568359375 sigma_y: 0.2944 tau: 0.35848592240854177
epoch 14 PSNR: 27.928592681884766 sigma_y: 0.26376666666666665 tau: 0.3235335449737089
epoch 15 PSNR: 28.030126571655273 sigma_y: 0.23653333333333335 tau: 0.27738957312183365
epoch 16 PSNR: 28.066625595092773 sigma_y: 0.21250000000000002 tau: 0.263520094465742
epoch 17 PSNR: 27.939743041992188 sigma_y: 0.19146666666666667 tau: 0.2378268852553321
epoch 18 PSNR: 28.01744842529297 sigma_y: 0.17323333333333335 tau: 0.2146387639429372
epoch 19 PSNR: 28.147554397583008 sigma_y: 0.15760000000000002 tau: 0.20390682574579033
epoch 20 PSNR: 28.318115234375 sigma_y: 0.1443666666666667 tau: 0.18402591023557577
epoch 21 PSNR: 28.382699966430664 sigma_y: 0.13333333333333336 tau: 0.16608338398760714
epoch 22 PSNR: 28.520374298095703 sigma_y: 0.12430000000000002 tau: 0.14989025404881542
epoch 23 PSNR: 28.466882705688477 sigma_y: 0.11706666666666668 tau: 0.14989025404881542
epoch 24 PSNR: 28.513916015625 sigma_y: 0.11143333333333333 tau: 0.14239574134637464
epoch 25 PSNR: 28.61345100402832 sigma_y: 0.1072 tau: 0.1352759542790559
epoch 26 PSNR: 28.616214752197266 sigma_y: 0.10416666666666667 tau: 0.11598222130000553
epoch 27 PSNR: 28.65008544921875 sigma_y: 0.10213333333333334 tau: 0.09944025698709223
epoch 28 PSNR: 28.678062438964844 sigma_y: 0.1009 tau: 0.09944025698709223
epoch 29 PSNR: 28.71874237060547 sigma_y: 0.10026666666666667 tau: 0.09944025698709223
epoch 30 PSNR: 28.7291316986084 sigma_y: 0.10003333333333334 tau: 0.09446824413773762
epoch 31 PSNR: 28.768091201782227 sigma_y: 0.1 tau: 0.08974483193085074
epoch 32 PSNR: 28.748151779174805 sigma_y: 0.1 tau: 0.08974483193085074
epoch 33 PSNR: 28.78411293029785 sigma_y: 0.1 tau: 0.08974483193085074
epoch 34 PSNR: 28.82461929321289 sigma_y: 0.1 tau: 0.08974483193085074
epoch 35 PSNR: 28.81594467163086 sigma_y: 0.1 tau: 0.08974483193085074
epoch 36 PSNR: 28.829910278320312 sigma_y: 0.1 tau: 0.08974483193085074
epoch 37 PSNR: 28.857929229736328 sigma_y: 0.1 tau: 0.08974483193085074
epoch 38 PSNR: 28.874256134033203 sigma_y: 0.1 tau: 0.08974483193085074
epoch 39 PSNR: 28.901065826416016 sigma_y: 0.1 tau: 0.08974483193085074
epoch 40 PSNR: 28.902587890625 sigma_y: 0.1 tau: 0.08974483193085074
epoch 41 PSNR: 28.960912704467773 sigma_y: 0.1 tau: 0.08974483193085074
epoch 42 PSNR: 28.949417114257812 sigma_y: 0.1 tau: 0.08974483193085074
epoch 43 PSNR: 28.959430694580078 sigma_y: 0.1 tau: 0.08974483193085074
epoch 44 PSNR: 28.976215362548828 sigma_y: 0.1 tau: 0.08974483193085074
epoch 45 PSNR: 28.937183380126953 sigma_y: 0.1 tau: 0.08974483193085074
epoch 46 PSNR: 28.96632957458496 sigma_y: 0.1 tau: 0.08974483193085074
epoch 47 PSNR: 29.021713256835938 sigma_y: 0.1 tau: 0.07694497527671314
epoch 48 PSNR: 29.071731567382812 sigma_y: 0.1 tau: 0.07694497527671314
epoch 49 PSNR: 29.09844398498535 sigma_y: 0.1 tau: 0.07694497527671314
epoch 50 PSNR: 29.08441162109375 sigma_y: 0.1 tau: 0.07694497527671314
epoch 51 PSNR: 29.073562622070312 sigma_y: 0.1 tau: 0.07694497527671314
epoch 52 PSNR: 29.08348846435547 sigma_y: 0.1 tau: 0.07694497527671314
epoch 53 PSNR: 29.106538772583008 sigma_y: 0.1 tau: 0.07694497527671314
epoch 54 PSNR: 29.093204498291016 sigma_y: 0.1 tau: 0.07694497527671314
epoch 55 PSNR: 29.092613220214844 sigma_y: 0.1 tau: 0.07694497527671314
epoch 56 PSNR: 29.077072143554688 sigma_y: 0.1 tau: 0.07694497527671314
epoch 57 PSNR: 29.10872459411621 sigma_y: 0.1 tau: 0.0659706981778719
epoch 58 PSNR: 29.108863830566406 sigma_y: 0.1 tau: 0.0659706981778719
epoch 59 PSNR: 29.088232040405273 sigma_y: 0.1 tau: 0.0659706981778719
epoch 60 PSNR: 29.05359649658203 sigma_y: 0.1 tau: 0.0659706981778719
epoch 61 PSNR: 29.031326293945312 sigma_y: 0.1 tau: 0.0659706981778719
epoch 62 PSNR: 29.040828704833984 sigma_y: 0.1 tau: 0.0659706981778719
epoch 63 PSNR: 29.057106018066406 sigma_y: 0.1 tau: 0.0659706981778719
epoch 64 PSNR: 29.005462646484375 sigma_y: 0.1 tau: 0.0659706981778719
epoch 65 PSNR: 29.05664825439453 sigma_y: 0.1 tau: 0.0659706981778719
epoch 66 PSNR: 29.03915786743164 sigma_y: 0.1 tau: 0.0659706981778719
epoch 67 PSNR: 29.071666717529297 sigma_y: 0.1 tau: 0.059538555105529384
epoch 68 PSNR: 29.07756996154785 sigma_y: 0.1 tau: 0.059538555105529384
epoch 69 PSNR: 29.069969177246094 sigma_y: 0.1 tau: 0.059538555105529384
epoch 70 PSNR: 29.07322120666504 sigma_y: 0.1 tau: 0.059538555105529384

PSNR:28.9820 (0.0774), SSIM:0.81306 (0.00189), LPIPS:0.23654 (0.00264):   2%|▏         | 2/100 [35:05<17:06:56, 628.74s/it]
PSNR:28.9820 (0.0774), SSIM:0.81306 (0.00189), LPIPS:0.23654 (0.00264):   3%|▎         | 3/100 [35:05<19:08:48, 710.60s/it]epoch 1 PSNR: 14.039953231811523 sigma_y: 1.0 tau: 0.6634204312890623
epoch 2 PSNR: 14.285420417785645 sigma_y: 0.9129666666666666 tau: 0.6634204312890623
epoch 3 PSNR: 15.307304382324219 sigma_y: 0.8317333333333334 tau: 0.6634204312890623
epoch 4 PSNR: 15.425959587097168 sigma_y: 0.7561000000000001 tau: 0.5403600876626365
epoch 5 PSNR: 15.534738540649414 sigma_y: 0.6858666666666667 tau: 0.5133420832795047
epoch 6 PSNR: 15.712843894958496 sigma_y: 0.6208333333333335 tau: 0.5133420832795047
epoch 7 PSNR: 15.876188278198242 sigma_y: 0.5608000000000001 tau: 0.44012666865176525
epoch 8 PSNR: 16.059728622436523 sigma_y: 0.5055666666666666 tau: 0.2259355409925655
epoch 9 PSNR: 16.183170318603516 sigma_y: 0.4549333333333334 tau: 0.1937114844585008
epoch 10 PSNR: 16.17676544189453 sigma_y: 0.40869999999999995 tau: 0.18402591023557577
epoch 11 PSNR: 16.2917423248291 sigma_y: 0.3666666666666668 tau: 0.18402591023557577
epoch 12 PSNR: 16.319957733154297 sigma_y: 0.32863333333333333 tau: 0.18402591023557577
epoch 13 PSNR: 16.304441452026367 sigma_y: 0.2944 tau: 0.12208654873684793
epoch 14 PSNR: 16.36151123046875 sigma_y: 0.26376666666666665 tau: 0.0852575903343082
epoch 15 PSNR: 16.33807373046875 sigma_y: 0.23653333333333335 tau: 0.0659706981778719
epoch 16 PSNR: 16.479961395263672 sigma_y: 0.21250000000000002 tau: 0.0659706981778719
epoch 17 PSNR: 16.434663772583008 sigma_y: 0.19146666666666667 tau: 0.0659706981778719
epoch 18 PSNR: 16.427248001098633 sigma_y: 0.17323333333333335 tau: 0.0659706981778719
epoch 19 PSNR: 16.501684188842773 sigma_y: 0.15760000000000002 tau: 0.0659706981778719
epoch 20 PSNR: 16.517559051513672 sigma_y: 0.1443666666666667 tau: 0.059538555105529384
epoch 21 PSNR: 16.52716827392578 sigma_y: 0.13333333333333336 tau: 0.04849452524942309
epoch 22 PSNR: 16.56269645690918 sigma_y: 0.12430000000000002 tau: 0.032172258856130585
epoch 23 PSNR: 16.535938262939453 sigma_y: 0.11706666666666668 tau: 0.029035463617657853
epoch 24 PSNR: 16.554454803466797 sigma_y: 0.11143333333333333 tau: 0.02620450591493621
epoch 25 PSNR: 16.57126235961914 sigma_y: 0.1072 tau: 0.02620450591493621
epoch 26 PSNR: 16.584617614746094 sigma_y: 0.10416666666666667 tau: 0.0248942806191894
epoch 27 PSNR: 16.60091209411621 sigma_y: 0.10213333333333334 tau: 0.022467088258818428
epoch 28 PSNR: 16.61018180847168 sigma_y: 0.1009 tau: 0.022467088258818428
epoch 29 PSNR: 16.624897003173828 sigma_y: 0.10026666666666667 tau: 0.021343733845877507
epoch 30 PSNR: 16.633169174194336 sigma_y: 0.10003333333333334 tau: 0.02027654715358363
epoch 31 PSNR: 16.62921142578125 sigma_y: 0.1 tau: 0.019262719795904448
epoch 32 PSNR: 16.61809730529785 sigma_y: 0.1 tau: 0.019262719795904448
epoch 33 PSNR: 16.615503311157227 sigma_y: 0.1 tau: 0.018299583806109226
epoch 34 PSNR: 16.617515563964844 sigma_y: 0.1 tau: 0.012779281874799287
epoch 35 PSNR: 16.628671646118164 sigma_y: 0.1 tau: 0.0089242491504672
epoch 36 PSNR: 16.61511993408203 sigma_y: 0.1 tau: 0.0089242491504672
epoch 37 PSNR: 16.62312126159668 sigma_y: 0.1 tau: 0.0089242491504672
epoch 38 PSNR: 16.61235237121582 sigma_y: 0.1 tau: 0.008478036692943839
epoch 39 PSNR: 16.622539520263672 sigma_y: 0.1 tau: 0.005920529220333997

PSNR:28.9820 (0.0774), SSIM:0.81306 (0.00189), LPIPS:0.23654 (0.00264):   3%|▎         | 3/100 [47:54<25:48:55, 958.09s/it]
Traceback (most recent call last):
  File "main_sampling.py", line 1037, in <module>
    sample_image(opt=opt, config=config, model_config=model_config, device=device)
  File "main_sampling.py", line 483, in sample_image
    xt = hmc(x, n, b, seq, seq_next, algo, opt, y_0, H_funcs, x_orig)
  File "main_sampling.py", line 835, in hmc
    loss_grad = torch.autograd.grad(loss, x_proposal, retain_graph=False)[0]
  File "/root/miniconda3/envs/NHMC/lib/python3.8/site-packages/torch/autograd/__init__.py", line 436, in grad
    result = _engine_run_backward(
  File "/root/miniconda3/envs/NHMC/lib/python3.8/site-packages/torch/autograd/graph.py", line 769, in _engine_run_backward
    return Variable._execution_engine.run_backward(  # Calls into the C++ engine to run the backward pass
  File "/root/miniconda3/envs/NHMC/lib/python3.8/site-packages/torch/utils/data/_utils/signal_handling.py", line 67, in handler
    _error_if_any_worker_fails()
RuntimeError: DataLoader worker (pid 672043) is killed by signal: Terminated. 
