nohup: 忽略输入
Dataset has size 100
Start from 0
sigma_y = opt.sigma_0 + 0.9 * (1 - epoch / epochs) ** 3
M_diag = torch.exp(k * scores)
  0%|          | 0/100 [00:00<?, ?it/s]Setting up [LPIPS] perceptual loss: trunk [vgg], v[0.1], spatial [off]
Loading model from: /root/.local/lib/python3.8/site-packages/lpips/weights/v0.1/vgg.pth
epoch 1 PSNR: 16.48021125793457 sigma_y: 1.0 tau: 1.0
epoch 2 PSNR: 18.145977020263672 sigma_y: 0.9129666666666666 tau: 1.0
epoch 3 PSNR: 20.466785430908203 sigma_y: 0.8317333333333334 tau: 1.0
epoch 4 PSNR: 22.211618423461914 sigma_y: 0.7561000000000001 tau: 0.9025
epoch 5 PSNR: 23.707237243652344 sigma_y: 0.6858666666666667 tau: 0.9025
epoch 6 PSNR: 26.047666549682617 sigma_y: 0.6208333333333335 tau: 0.6302494097246091
epoch 7 PSNR: 27.0565185546875 sigma_y: 0.5608000000000001 tau: 0.6302494097246091
epoch 8 PSNR: 27.246910095214844 sigma_y: 0.5055666666666666 tau: 0.46329123015975293
epoch 9 PSNR: 27.743614196777344 sigma_y: 0.4549333333333334 tau: 0.46329123015975293
epoch 10 PSNR: 27.668073654174805 sigma_y: 0.40869999999999995 tau: 0.46329123015975293
epoch 11 PSNR: 28.16556739807129 sigma_y: 0.3666666666666668 tau: 0.44012666865176525
epoch 12 PSNR: 28.17966079711914 sigma_y: 0.32863333333333333 tau: 0.35848592240854177
epoch 13 PSNR: 28.446378707885742 sigma_y: 0.2944 tau: 0.30735686772502346
epoch 14 PSNR: 28.42738151550293 sigma_y: 0.26376666666666665 tau: 0.263520094465742
epoch 15 PSNR: 28.554819107055664 sigma_y: 0.23653333333333335 tau: 0.25034408974245487
epoch 16 PSNR: 28.682456970214844 sigma_y: 0.21250000000000002 tau: 0.2259355409925655
epoch 17 PSNR: 28.653900146484375 sigma_y: 0.19146666666666667 tau: 0.20390682574579033
epoch 18 PSNR: 28.83190155029297 sigma_y: 0.17323333333333335 tau: 0.16608338398760714
epoch 19 PSNR: 28.926475524902344 sigma_y: 0.15760000000000002 tau: 0.16608338398760714
epoch 20 PSNR: 28.919485092163086 sigma_y: 0.1443666666666667 tau: 0.14989025404881542
epoch 21 PSNR: 28.999364852905273 sigma_y: 0.13333333333333336 tau: 0.12208654873684793
epoch 22 PSNR: 29.176868438720703 sigma_y: 0.12430000000000002 tau: 0.12208654873684793
epoch 23 PSNR: 29.150285720825195 sigma_y: 0.11706666666666668 tau: 0.11598222130000553
epoch 24 PSNR: 29.349271774291992 sigma_y: 0.11143333333333333 tau: 0.11598222130000553
epoch 25 PSNR: 29.35549545288086 sigma_y: 0.1072 tau: 0.08974483193085074
epoch 26 PSNR: 29.47364616394043 sigma_y: 0.10416666666666667 tau: 0.08974483193085074
epoch 27 PSNR: 29.415836334228516 sigma_y: 0.10213333333333334 tau: 0.08974483193085074
epoch 28 PSNR: 29.48112678527832 sigma_y: 0.1009 tau: 0.08974483193085074
epoch 29 PSNR: 29.484527587890625 sigma_y: 0.10026666666666667 tau: 0.0852575903343082
epoch 30 PSNR: 29.525880813598633 sigma_y: 0.10003333333333334 tau: 0.0852575903343082
epoch 31 PSNR: 29.5450382232666 sigma_y: 0.1 tau: 0.0852575903343082
epoch 32 PSNR: 29.607954025268555 sigma_y: 0.1 tau: 0.0852575903343082
epoch 33 PSNR: 29.651241302490234 sigma_y: 0.1 tau: 0.0852575903343082
epoch 34 PSNR: 29.616947174072266 sigma_y: 0.1 tau: 0.0852575903343082
epoch 35 PSNR: 29.678585052490234 sigma_y: 0.1 tau: 0.0852575903343082
epoch 36 PSNR: 29.707534790039062 sigma_y: 0.1 tau: 0.0852575903343082
epoch 37 PSNR: 29.748149871826172 sigma_y: 0.1 tau: 0.08099471081759278
epoch 38 PSNR: 29.738073348999023 sigma_y: 0.1 tau: 0.08099471081759278
epoch 39 PSNR: 29.78738784790039 sigma_y: 0.1 tau: 0.08099471081759278
epoch 40 PSNR: 29.727773666381836 sigma_y: 0.1 tau: 0.08099471081759278
epoch 41 PSNR: 29.764270782470703 sigma_y: 0.1 tau: 0.08099471081759278
epoch 42 PSNR: 29.7603816986084 sigma_y: 0.1 tau: 0.08099471081759278
epoch 43 PSNR: 29.767053604125977 sigma_y: 0.1 tau: 0.08099471081759278
epoch 44 PSNR: 29.781089782714844 sigma_y: 0.1 tau: 0.08099471081759278
epoch 45 PSNR: 29.858470916748047 sigma_y: 0.1 tau: 0.08099471081759278
epoch 46 PSNR: 29.877613067626953 sigma_y: 0.1 tau: 0.08099471081759278
epoch 47 PSNR: 29.9393253326416 sigma_y: 0.1 tau: 0.08099471081759278
epoch 48 PSNR: 29.92196273803711 sigma_y: 0.1 tau: 0.08099471081759278
epoch 49 PSNR: 29.940988540649414 sigma_y: 0.1 tau: 0.08099471081759278
epoch 50 PSNR: 29.973840713500977 sigma_y: 0.1 tau: 0.08099471081759278
main_sampling.py:521: UserWarning: To copy construct from a tensor, it is recommended to use sourceTensor.clone().detach() or sourceTensor.clone().detach().requires_grad_(True), rather than torch.tensor(sourceTensor).
  LPIPS = loss_fn_vgg(2*orig-1.0, 2*torch.tensor(x[j]).to(torch.float32).cuda()-1.0)[0,0,0,0]

PSNR:29.8585 (0.0843), SSIM:0.79758 (0.00201), LPIPS:0.22656 (0.00127):   0%|          | 0/100 [07:24<?, ?it/s]
PSNR:29.8585 (0.0843), SSIM:0.79758 (0.00201), LPIPS:0.22656 (0.00127):   1%|          | 1/100 [07:24<12:13:58, 444.84s/it]epoch 1 PSNR: 15.600240707397461 sigma_y: 1.0 tau: 1.0
epoch 2 PSNR: 17.23456382751465 sigma_y: 0.9129666666666666 tau: 1.0
epoch 3 PSNR: 18.691164016723633 sigma_y: 0.8317333333333334 tau: 0.8573749999999999
epoch 4 PSNR: 20.431272506713867 sigma_y: 0.7561000000000001 tau: 0.8573749999999999
epoch 5 PSNR: 21.815757751464844 sigma_y: 0.6858666666666667 tau: 0.6983372960937497
epoch 6 PSNR: 22.112770080566406 sigma_y: 0.6208333333333335 tau: 0.6634204312890623
epoch 7 PSNR: 22.97330093383789 sigma_y: 0.5608000000000001 tau: 0.6634204312890623
epoch 8 PSNR: 23.87221908569336 sigma_y: 0.5055666666666666 tau: 0.6302494097246091
epoch 9 PSNR: 24.307125091552734 sigma_y: 0.4549333333333334 tau: 0.48767497911552943
epoch 10 PSNR: 24.862560272216797 sigma_y: 0.40869999999999995 tau: 0.48767497911552943
epoch 11 PSNR: 25.044639587402344 sigma_y: 0.3666666666666668 tau: 0.48767497911552943
epoch 12 PSNR: 25.558380126953125 sigma_y: 0.32863333333333333 tau: 0.48767497911552943
epoch 13 PSNR: 25.9200439453125 sigma_y: 0.2944 tau: 0.41812033521917696
epoch 14 PSNR: 26.265605926513672 sigma_y: 0.26376666666666665 tau: 0.3972143184582181
epoch 15 PSNR: 26.357406616210938 sigma_y: 0.23653333333333335 tau: 0.34056162628811465
epoch 16 PSNR: 26.406150817871094 sigma_y: 0.21250000000000002 tau: 0.2919890243387723
epoch 17 PSNR: 26.714656829833984 sigma_y: 0.19146666666666667 tau: 0.27738957312183365
epoch 18 PSNR: 26.71257781982422 sigma_y: 0.17323333333333335 tau: 0.2378268852553321
epoch 19 PSNR: 26.892318725585938 sigma_y: 0.15760000000000002 tau: 0.2259355409925655
epoch 20 PSNR: 26.932153701782227 sigma_y: 0.1443666666666667 tau: 0.1937114844585008
epoch 21 PSNR: 26.962574005126953 sigma_y: 0.13333333333333336 tau: 0.15777921478822676
epoch 22 PSNR: 27.02541160583496 sigma_y: 0.12430000000000002 tau: 0.14989025404881542
epoch 23 PSNR: 27.07086753845215 sigma_y: 0.11706666666666668 tau: 0.14239574134637464
epoch 24 PSNR: 27.10336685180664 sigma_y: 0.11143333333333333 tau: 0.14239574134637464
epoch 25 PSNR: 27.128623962402344 sigma_y: 0.1072 tau: 0.11598222130000553
epoch 26 PSNR: 27.218961715698242 sigma_y: 0.10416666666666667 tau: 0.11598222130000553
epoch 27 PSNR: 27.181795120239258 sigma_y: 0.10213333333333334 tau: 0.11598222130000553
epoch 28 PSNR: 27.18627166748047 sigma_y: 0.1009 tau: 0.11598222130000553
epoch 29 PSNR: 27.2696590423584 sigma_y: 0.10026666666666667 tau: 0.11598222130000553
epoch 30 PSNR: 27.302770614624023 sigma_y: 0.10003333333333334 tau: 0.09446824413773762
epoch 31 PSNR: 27.2861385345459 sigma_y: 0.1 tau: 0.09446824413773762
epoch 32 PSNR: 27.33293342590332 sigma_y: 0.1 tau: 0.09446824413773762
epoch 33 PSNR: 27.337778091430664 sigma_y: 0.1 tau: 0.08974483193085074
epoch 34 PSNR: 27.348291397094727 sigma_y: 0.1 tau: 0.08974483193085074
epoch 35 PSNR: 27.405521392822266 sigma_y: 0.1 tau: 0.08974483193085074
epoch 36 PSNR: 27.394058227539062 sigma_y: 0.1 tau: 0.08974483193085074
epoch 37 PSNR: 27.423572540283203 sigma_y: 0.1 tau: 0.08974483193085074
epoch 38 PSNR: 27.425655364990234 sigma_y: 0.1 tau: 0.08974483193085074
epoch 39 PSNR: 27.443906784057617 sigma_y: 0.1 tau: 0.08974483193085074
epoch 40 PSNR: 27.488555908203125 sigma_y: 0.1 tau: 0.08974483193085074
epoch 41 PSNR: 27.553619384765625 sigma_y: 0.1 tau: 0.08974483193085074
epoch 42 PSNR: 27.57018280029297 sigma_y: 0.1 tau: 0.08974483193085074
epoch 43 PSNR: 27.501022338867188 sigma_y: 0.1 tau: 0.08974483193085074
epoch 44 PSNR: 27.538799285888672 sigma_y: 0.1 tau: 0.08974483193085074
epoch 45 PSNR: 27.49460220336914 sigma_y: 0.1 tau: 0.08974483193085074
epoch 46 PSNR: 27.52071762084961 sigma_y: 0.1 tau: 0.08974483193085074
epoch 47 PSNR: 27.506614685058594 sigma_y: 0.1 tau: 0.08974483193085074
epoch 48 PSNR: 27.519588470458984 sigma_y: 0.1 tau: 0.08974483193085074
epoch 49 PSNR: 27.554058074951172 sigma_y: 0.1 tau: 0.08974483193085074
epoch 50 PSNR: 27.55599021911621 sigma_y: 0.1 tau: 0.0852575903343082

PSNR:28.6950 (0.0554), SSIM:0.82428 (0.00146), LPIPS:0.20081 (0.00124):   1%|          | 1/100 [14:55<12:13:58, 444.84s/it]
PSNR:28.6950 (0.0554), SSIM:0.82428 (0.00146), LPIPS:0.20081 (0.00124):   2%|▏         | 2/100 [14:55<12:12:29, 448.46s/it]epoch 1 PSNR: 16.118942260742188 sigma_y: 1.0 tau: 0.9025
epoch 2 PSNR: 19.227197647094727 sigma_y: 0.9129666666666666 tau: 0.9025
epoch 3 PSNR: 20.94078826904297 sigma_y: 0.8317333333333334 tau: 0.9025
epoch 4 PSNR: 22.547452926635742 sigma_y: 0.7561000000000001 tau: 0.9025
epoch 5 PSNR: 23.361356735229492 sigma_y: 0.6858666666666667 tau: 0.9025
epoch 6 PSNR: 24.293399810791016 sigma_y: 0.6208333333333335 tau: 0.9025
epoch 7 PSNR: 25.068037033081055 sigma_y: 0.5608000000000001 tau: 0.9025
epoch 8 PSNR: 25.14106559753418 sigma_y: 0.5055666666666666 tau: 0.7737809374999999
epoch 9 PSNR: 25.85962677001953 sigma_y: 0.4549333333333334 tau: 0.7737809374999999
epoch 10 PSNR: 26.246755599975586 sigma_y: 0.40869999999999995 tau: 0.6634204312890623
epoch 11 PSNR: 26.187284469604492 sigma_y: 0.3666666666666668 tau: 0.5987369392383786
epoch 12 PSNR: 26.492881774902344 sigma_y: 0.32863333333333333 tau: 0.48767497911552943
epoch 13 PSNR: 26.56882095336914 sigma_y: 0.2944 tau: 0.46329123015975293
epoch 14 PSNR: 26.892990112304688 sigma_y: 0.26376666666666665 tau: 0.37735360253530714
epoch 15 PSNR: 27.013853073120117 sigma_y: 0.23653333333333335 tau: 0.3235335449737089
epoch 16 PSNR: 27.108997344970703 sigma_y: 0.21250000000000002 tau: 0.3235335449737089
epoch 17 PSNR: 27.41885757446289 sigma_y: 0.19146666666666667 tau: 0.2919890243387723
epoch 18 PSNR: 27.45751190185547 sigma_y: 0.17323333333333335 tau: 0.263520094465742
epoch 19 PSNR: 27.667953491210938 sigma_y: 0.15760000000000002 tau: 0.2378268852553321
epoch 20 PSNR: 27.751548767089844 sigma_y: 0.1443666666666667 tau: 0.2259355409925655
epoch 21 PSNR: 27.89944839477539 sigma_y: 0.13333333333333336 tau: 0.20390682574579033
epoch 22 PSNR: 28.01967430114746 sigma_y: 0.12430000000000002 tau: 0.17482461472379698
epoch 23 PSNR: 28.005157470703125 sigma_y: 0.11706666666666668 tau: 0.17482461472379698
epoch 24 PSNR: 28.14558219909668 sigma_y: 0.11143333333333333 tau: 0.17482461472379698
epoch 25 PSNR: 28.176204681396484 sigma_y: 0.1072 tau: 0.15777921478822676
epoch 26 PSNR: 28.238903045654297 sigma_y: 0.10416666666666667 tau: 0.15777921478822676
epoch 27 PSNR: 28.40837860107422 sigma_y: 0.10213333333333334 tau: 0.15777921478822676
epoch 28 PSNR: 28.34099578857422 sigma_y: 0.1009 tau: 0.15777921478822676
epoch 29 PSNR: 28.539958953857422 sigma_y: 0.10026666666666667 tau: 0.15777921478822676
epoch 30 PSNR: 28.59149742126465 sigma_y: 0.10003333333333334 tau: 0.15777921478822676
epoch 31 PSNR: 28.622516632080078 sigma_y: 0.1 tau: 0.06634204312890622
epoch 32 PSNR: 28.61748504638672 sigma_y: 0.1 tau: 0.06634204312890622
epoch 33 PSNR: 28.721248626708984 sigma_y: 0.1 tau: 0.06634204312890622
epoch 34 PSNR: 28.708641052246094 sigma_y: 0.1 tau: 0.06634204312890622
epoch 35 PSNR: 28.79578399658203 sigma_y: 0.1 tau: 0.0630249409724609
epoch 36 PSNR: 28.864604949951172 sigma_y: 0.1 tau: 0.0630249409724609
epoch 37 PSNR: 28.901107788085938 sigma_y: 0.1 tau: 0.0630249409724609
epoch 38 PSNR: 28.949504852294922 sigma_y: 0.1 tau: 0.0630249409724609
epoch 39 PSNR: 29.016651153564453 sigma_y: 0.1 tau: 0.0630249409724609
epoch 40 PSNR: 28.969486236572266 sigma_y: 0.1 tau: 0.0630249409724609
epoch 41 PSNR: 29.034976959228516 sigma_y: 0.1 tau: 0.05987369392383786
epoch 42 PSNR: 28.999507904052734 sigma_y: 0.1 tau: 0.05688000922764597
epoch 43 PSNR: 29.09023094177246 sigma_y: 0.1 tau: 0.05688000922764597
epoch 44 PSNR: 29.055278778076172 sigma_y: 0.1 tau: 0.05688000922764597
epoch 45 PSNR: 29.105566024780273 sigma_y: 0.1 tau: 0.05688000922764597
epoch 46 PSNR: 29.01304054260254 sigma_y: 0.1 tau: 0.05403600876626367
epoch 47 PSNR: 29.110498428344727 sigma_y: 0.1 tau: 0.05403600876626367
epoch 48 PSNR: 29.069644927978516 sigma_y: 0.1 tau: 0.05403600876626367
epoch 49 PSNR: 29.13150405883789 sigma_y: 0.1 tau: 0.046329123015975304
epoch 50 PSNR: 29.145288467407227 sigma_y: 0.1 tau: 0.046329123015975304

PSNR:28.8219 (0.0534), SSIM:0.81129 (0.00122), LPIPS:0.23489 (0.00174):   2%|▏         | 2/100 [22:31<12:12:29, 448.46s/it]
PSNR:28.8219 (0.0534), SSIM:0.81129 (0.00122), LPIPS:0.23489 (0.00174):   3%|▎         | 3/100 [22:31<12:10:11, 451.67s/it]epoch 1 PSNR: 12.935782432556152 sigma_y: 1.0 tau: 0.8145062499999999
epoch 2 PSNR: 13.672636985778809 sigma_y: 0.9129666666666666 tau: 0.8145062499999999
epoch 3 PSNR: 15.336079597473145 sigma_y: 0.8317333333333334 tau: 0.8145062499999999
epoch 4 PSNR: 16.17190170288086 sigma_y: 0.7561000000000001 tau: 0.6983372960937497
epoch 5 PSNR: 16.592403411865234 sigma_y: 0.6858666666666667 tau: 0.48767497911552943
epoch 6 PSNR: 16.817031860351562 sigma_y: 0.6208333333333335 tau: 0.34056162628811465
epoch 7 PSNR: 17.17133140563965 sigma_y: 0.5608000000000001 tau: 0.3235335449737089
epoch 8 PSNR: 17.69561767578125 sigma_y: 0.5055666666666666 tau: 0.3235335449737089
epoch 9 PSNR: 18.083646774291992 sigma_y: 0.4549333333333334 tau: 0.3235335449737089
epoch 10 PSNR: 18.430458068847656 sigma_y: 0.40869999999999995 tau: 0.30735686772502346
epoch 11 PSNR: 18.5552921295166 sigma_y: 0.3666666666666668 tau: 0.263520094465742
epoch 12 PSNR: 18.56644058227539 sigma_y: 0.32863333333333333 tau: 0.2378268852553321
epoch 13 PSNR: 18.604299545288086 sigma_y: 0.2944 tau: 0.18402591023557577
epoch 14 PSNR: 18.496091842651367 sigma_y: 0.26376666666666665 tau: 0.18402591023557577
epoch 15 PSNR: 18.609027862548828 sigma_y: 0.23653333333333335 tau: 0.16608338398760714
epoch 16 PSNR: 18.660762786865234 sigma_y: 0.21250000000000002 tau: 0.1285121565651031
epoch 17 PSNR: 18.739355087280273 sigma_y: 0.19146666666666667 tau: 0.1285121565651031
epoch 18 PSNR: 18.6796875 sigma_y: 0.17323333333333335 tau: 0.10467395472325498
epoch 19 PSNR: 18.75128173828125 sigma_y: 0.15760000000000002 tau: 0.10467395472325498
epoch 20 PSNR: 18.731517791748047 sigma_y: 0.1443666666666667 tau: 0.08099471081759278
epoch 21 PSNR: 18.830238342285156 sigma_y: 0.13333333333333336 tau: 0.08099471081759278
epoch 22 PSNR: 18.76064682006836 sigma_y: 0.12430000000000002 tau: 0.0626721632689783
epoch 23 PSNR: 18.842880249023438 sigma_y: 0.11706666666666668 tau: 0.0626721632689783
epoch 24 PSNR: 18.79314613342285 sigma_y: 0.11143333333333333 tau: 0.0626721632689783
epoch 25 PSNR: 18.882902145385742 sigma_y: 0.1072 tau: 0.0626721632689783
epoch 26 PSNR: 18.826448440551758 sigma_y: 0.10416666666666667 tau: 0.053733545982740265
epoch 27 PSNR: 18.906763076782227 sigma_y: 0.10213333333333334 tau: 0.053733545982740265
epoch 28 PSNR: 18.872041702270508 sigma_y: 0.1009 tau: 0.053733545982740265
epoch 29 PSNR: 18.908857345581055 sigma_y: 0.10026666666666667 tau: 0.053733545982740265
epoch 30 PSNR: 18.864213943481445 sigma_y: 0.10003333333333334 tau: 0.05104686868360325
epoch 31 PSNR: 18.907657623291016 sigma_y: 0.1 tau: 0.03564793225056021
epoch 32 PSNR: 18.885866165161133 sigma_y: 0.1 tau: 0.03564793225056021
epoch 33 PSNR: 18.906557083129883 sigma_y: 0.1 tau: 0.03564793225056021
epoch 34 PSNR: 18.928974151611328 sigma_y: 0.1 tau: 0.0338655356380322
epoch 35 PSNR: 18.957670211791992 sigma_y: 0.1 tau: 0.0338655356380322
epoch 36 PSNR: 18.95084571838379 sigma_y: 0.1 tau: 0.0338655356380322
epoch 37 PSNR: 18.9495792388916 sigma_y: 0.1 tau: 0.0338655356380322
epoch 38 PSNR: 18.95675277709961 sigma_y: 0.1 tau: 0.0338655356380322
epoch 39 PSNR: 18.979888916015625 sigma_y: 0.1 tau: 0.0338655356380322
epoch 40 PSNR: 18.926057815551758 sigma_y: 0.1 tau: 0.0338655356380322
epoch 41 PSNR: 18.948482513427734 sigma_y: 0.1 tau: 0.0338655356380322
epoch 42 PSNR: 18.95314598083496 sigma_y: 0.1 tau: 0.027583690436774957
epoch 43 PSNR: 18.952253341674805 sigma_y: 0.1 tau: 0.02620450591493621
epoch 44 PSNR: 18.986656188964844 sigma_y: 0.1 tau: 0.02620450591493621
epoch 45 PSNR: 18.982341766357422 sigma_y: 0.1 tau: 0.0248942806191894
epoch 46 PSNR: 18.96807098388672 sigma_y: 0.1 tau: 0.02027654715358363
epoch 47 PSNR: 18.965675354003906 sigma_y: 0.1 tau: 0.01490512538247475
epoch 48 PSNR: 18.96725845336914 sigma_y: 0.1 tau: 0.01490512538247475
epoch 49 PSNR: 18.97463035583496 sigma_y: 0.1 tau: 0.01490512538247475
epoch 50 PSNR: 18.980371475219727 sigma_y: 0.1 tau: 0.012140317781059323

PSNR:26.3584 (0.0434), SSIM:0.75744 (0.00107), LPIPS:0.28455 (0.00138):   3%|▎         | 3/100 [32:27<12:10:11, 451.67s/it]
PSNR:26.3584 (0.0434), SSIM:0.75744 (0.00107), LPIPS:0.28455 (0.00138):   4%|▍         | 4/100 [32:27<13:33:49, 508.64s/it]epoch 1 PSNR: 16.144168853759766 sigma_y: 1.0 tau: 1.0
epoch 2 PSNR: 17.479049682617188 sigma_y: 0.9129666666666666 tau: 1.0
epoch 3 PSNR: 18.266586303710938 sigma_y: 0.8317333333333334 tau: 1.0

PSNR:26.3584 (0.0434), SSIM:0.75744 (0.00107), LPIPS:0.28455 (0.00138):   4%|▍         | 4/100 [32:49<13:07:50, 492.40s/it]
Traceback (most recent call last):
  File "main_sampling.py", line 1037, in <module>
    sample_image(opt=opt, config=config, model_config=model_config, device=device)
  File "main_sampling.py", line 483, in sample_image
    xt = hmc(x, n, b, seq, seq_next, algo, opt, y_0, H_funcs, x_orig)
  File "main_sampling.py", line 833, in hmc
    xt = iterative_sampling(x_proposal, n, b, seq, seq_next, algo, opt, y_0, tqdm_disable=True).clip(-1, 1)
  File "main_sampling.py", line 899, in iterative_sampling
    t = (torch.ones(n) * i).to(xt.device)
  File "/root/miniconda3/envs/NHMC/lib/python3.8/site-packages/torch/utils/data/_utils/signal_handling.py", line 67, in handler
    _error_if_any_worker_fails()
RuntimeError: DataLoader worker (pid 261425) is killed by signal: Terminated. 
