nohup: 忽略输入
Dataset has size 100
Start from 0
  0%|          | 0/100 [00:00<?, ?it/s]Setting up [LPIPS] perceptual loss: trunk [vgg], v[0.1], spatial [off]
Loading model from: /root/.local/lib/python3.8/site-packages/lpips/weights/v0.1/vgg.pth
epoch 1 PSNR: 15.57158088684082 sigma_y: 1.7000000000000002 tau: 1.0
epoch 2 PSNR: 18.989410400390625 sigma_y: 1.6471111111111112 tau: 1.0
epoch 3 PSNR: 20.503822326660156 sigma_y: 1.5951111111111111 tau: 1.0
                    Rejected too many times, annealing tau: 0.95
                    Rejected too many times, annealing tau: 0.9025
epoch 4 PSNR: 22.151832580566406 sigma_y: 1.544 tau: 0.9025
epoch 5 PSNR: 23.513574600219727 sigma_y: 1.493777777777778 tau: 0.9025
epoch 6 PSNR: 24.45795249938965 sigma_y: 1.4444444444444444 tau: 0.9025
epoch 7 PSNR: 24.621484756469727 sigma_y: 1.3960000000000004 tau: 0.9025
epoch 8 PSNR: 24.837749481201172 sigma_y: 1.3484444444444446 tau: 0.9025
epoch 9 PSNR: 24.984243392944336 sigma_y: 1.3017777777777781 tau: 0.9025
                    Rejected too many times, annealing tau: 0.8573749999999999
                    Rejected too many times, annealing tau: 0.8145062499999999
epoch 10 PSNR: 25.453149795532227 sigma_y: 1.256 tau: 0.8145062499999999
epoch 11 PSNR: 25.49768829345703 sigma_y: 1.2111111111111115 tau: 0.8145062499999999
                    Rejected too many times, annealing tau: 0.7737809374999999
epoch 12 PSNR: 25.45790672302246 sigma_y: 1.1671111111111112 tau: 0.7737809374999999
epoch 13 PSNR: 25.710180282592773 sigma_y: 1.1240000000000003 tau: 0.7737809374999999
epoch 14 PSNR: 25.935609817504883 sigma_y: 1.081777777777778 tau: 0.7737809374999999
epoch 15 PSNR: 25.568607330322266 sigma_y: 1.0404444444444445 tau: 0.7737809374999999
epoch 16 PSNR: 25.915891647338867 sigma_y: 1.0 tau: 0.7737809374999999
epoch 17 PSNR: 26.058494567871094 sigma_y: 0.9604444444444447 tau: 0.7737809374999999
epoch 18 PSNR: 26.42206382751465 sigma_y: 0.9217777777777778 tau: 0.7737809374999999
epoch 19 PSNR: 26.478023529052734 sigma_y: 0.8839999999999999 tau: 0.7737809374999999
epoch 20 PSNR: 26.414329528808594 sigma_y: 0.8471111111111111 tau: 0.7737809374999999
                    Rejected too many times, annealing tau: 0.7350918906249998
epoch 21 PSNR: 26.385610580444336 sigma_y: 0.8111111111111112 tau: 0.7350918906249998
epoch 22 PSNR: 26.581809997558594 sigma_y: 0.7760000000000001 tau: 0.7350918906249998
                    Rejected too many times, annealing tau: 0.6983372960937497
epoch 23 PSNR: 26.7598876953125 sigma_y: 0.7417777777777778 tau: 0.6983372960937497
                    Rejected too many times, annealing tau: 0.6634204312890623
epoch 24 PSNR: 27.03834342956543 sigma_y: 0.7084444444444445 tau: 0.6634204312890623
epoch 25 PSNR: 27.071109771728516 sigma_y: 0.6759999999999999 tau: 0.6634204312890623
                    Rejected too many times, annealing tau: 0.6302494097246091
epoch 26 PSNR: 26.981250762939453 sigma_y: 0.6444444444444443 tau: 0.6302494097246091
epoch 27 PSNR: 26.964576721191406 sigma_y: 0.6137777777777778 tau: 0.6302494097246091
epoch 28 PSNR: 27.432146072387695 sigma_y: 0.5840000000000001 tau: 0.6302494097246091
epoch 29 PSNR: 27.078632354736328 sigma_y: 0.5551111111111111 tau: 0.6302494097246091
                    Rejected too many times, annealing tau: 0.5987369392383786
                    Rejected too many times, annealing tau: 0.5688000922764596
epoch 30 PSNR: 27.24790382385254 sigma_y: 0.527111111111111 tau: 0.5688000922764596
epoch 31 PSNR: 27.460851669311523 sigma_y: 0.5 tau: 0.5688000922764596
epoch 32 PSNR: 27.57737159729004 sigma_y: 0.47377777777777774 tau: 0.5688000922764596
                    Rejected too many times, annealing tau: 0.5403600876626365
                    Rejected too many times, annealing tau: 0.5133420832795047
epoch 33 PSNR: 27.418087005615234 sigma_y: 0.44844444444444453 tau: 0.5133420832795047
epoch 34 PSNR: 27.641326904296875 sigma_y: 0.42399999999999993 tau: 0.5133420832795047
                    Rejected too many times, annealing tau: 0.48767497911552943
                    Rejected too many times, annealing tau: 0.46329123015975293
epoch 35 PSNR: 27.63860511779785 sigma_y: 0.4004444444444445 tau: 0.46329123015975293
epoch 36 PSNR: 27.977108001708984 sigma_y: 0.37777777777777777 tau: 0.46329123015975293
                    Rejected too many times, annealing tau: 0.44012666865176525
                    Rejected too many times, annealing tau: 0.41812033521917696
                    Rejected too many times, annealing tau: 0.3972143184582181
epoch 37 PSNR: 27.902727127075195 sigma_y: 0.3560000000000001 tau: 0.3972143184582181
                    Rejected too many times, annealing tau: 0.37735360253530714
epoch 38 PSNR: 28.046083450317383 sigma_y: 0.33511111111111114 tau: 0.37735360253530714
                    Rejected too many times, annealing tau: 0.35848592240854177
epoch 39 PSNR: 28.042396545410156 sigma_y: 0.3151111111111112 tau: 0.35848592240854177
                    Rejected too many times, annealing tau: 0.34056162628811465
                    Rejected too many times, annealing tau: 0.3235335449737089
                    Rejected too many times, annealing tau: 0.30735686772502346
epoch 40 PSNR: 28.07571029663086 sigma_y: 0.296 tau: 0.30735686772502346
epoch 41 PSNR: 28.28244400024414 sigma_y: 0.2777777777777778 tau: 0.30735686772502346
epoch 42 PSNR: 28.313339233398438 sigma_y: 0.2604444444444445 tau: 0.30735686772502346
                    Rejected too many times, annealing tau: 0.2919890243387723
                    Rejected too many times, annealing tau: 0.27738957312183365
                    Rejected too many times, annealing tau: 0.263520094465742
                    Rejected too many times, annealing tau: 0.25034408974245487
epoch 43 PSNR: 28.20294189453125 sigma_y: 0.24400000000000005 tau: 0.25034408974245487
                    Rejected too many times, annealing tau: 0.2378268852553321
epoch 44 PSNR: 28.410947799682617 sigma_y: 0.22844444444444445 tau: 0.2378268852553321
                    Rejected too many times, annealing tau: 0.2259355409925655
                    Rejected too many times, annealing tau: 0.2146387639429372
epoch 45 PSNR: 28.65856170654297 sigma_y: 0.21377777777777784 tau: 0.2146387639429372
                    Rejected too many times, annealing tau: 0.20390682574579033
                    Rejected too many times, annealing tau: 0.1937114844585008
                    Rejected too many times, annealing tau: 0.18402591023557577
epoch 46 PSNR: 28.628070831298828 sigma_y: 0.2 tau: 0.18402591023557577
epoch 47 PSNR: 28.71295928955078 sigma_y: 0.1871111111111111 tau: 0.18402591023557577
epoch 48 PSNR: 28.776405334472656 sigma_y: 0.17511111111111113 tau: 0.18402591023557577
                    Rejected too many times, annealing tau: 0.17482461472379698
                    Rejected too many times, annealing tau: 0.16608338398760714
                    Rejected too many times, annealing tau: 0.15777921478822676
                    Rejected too many times, annealing tau: 0.14989025404881542
                    Rejected too many times, annealing tau: 0.14239574134637464
epoch 49 PSNR: 28.74245834350586 sigma_y: 0.16399999999999998 tau: 0.14239574134637464
epoch 50 PSNR: 28.715335845947266 sigma_y: 0.1537777777777778 tau: 0.14239574134637464
epoch 51 PSNR: 28.76846694946289 sigma_y: 0.14444444444444443 tau: 0.14239574134637464
epoch 52 PSNR: 28.88022232055664 sigma_y: 0.136 tau: 0.14239574134637464
epoch 53 PSNR: 28.844106674194336 sigma_y: 0.12844444444444444 tau: 0.14239574134637464
                    Rejected too many times, annealing tau: 0.1352759542790559
epoch 54 PSNR: 28.94472885131836 sigma_y: 0.12177777777777779 tau: 0.1352759542790559
                    Rejected too many times, annealing tau: 0.1285121565651031
                    Rejected too many times, annealing tau: 0.12208654873684793
                    Rejected too many times, annealing tau: 0.11598222130000553
epoch 55 PSNR: 28.995323181152344 sigma_y: 0.11599999999999999 tau: 0.11598222130000553
                    Rejected too many times, annealing tau: 0.11018311023500525
epoch 56 PSNR: 29.066679000854492 sigma_y: 0.11111111111111113 tau: 0.11018311023500525
                    Rejected too many times, annealing tau: 0.10467395472325498
                    Rejected too many times, annealing tau: 0.09944025698709223
                    Rejected too many times, annealing tau: 0.09446824413773762
                    Rejected too many times, annealing tau: 0.08974483193085074
epoch 57 PSNR: 29.037139892578125 sigma_y: 0.10711111111111112 tau: 0.08974483193085074
epoch 58 PSNR: 29.068084716796875 sigma_y: 0.10400000000000001 tau: 0.08974483193085074
epoch 59 PSNR: 29.083065032958984 sigma_y: 0.10177777777777779 tau: 0.08974483193085074
epoch 60 PSNR: 29.157190322875977 sigma_y: 0.10044444444444445 tau: 0.08974483193085074
epoch 61 PSNR: 29.201496124267578 sigma_y: 0.1 tau: 0.08974483193085074
epoch 62 PSNR: 29.173603057861328 sigma_y: 0.1 tau: 0.08974483193085074
epoch 63 PSNR: 29.31543731689453 sigma_y: 0.1 tau: 0.08974483193085074
epoch 64 PSNR: 29.31859016418457 sigma_y: 0.1 tau: 0.08974483193085074
epoch 65 PSNR: 29.368247985839844 sigma_y: 0.1 tau: 0.08974483193085074
epoch 66 PSNR: 29.385841369628906 sigma_y: 0.1 tau: 0.08974483193085074
epoch 67 PSNR: 29.39166259765625 sigma_y: 0.1 tau: 0.08974483193085074
epoch 68 PSNR: 29.461864471435547 sigma_y: 0.1 tau: 0.08974483193085074
epoch 69 PSNR: 29.4873046875 sigma_y: 0.1 tau: 0.08974483193085074
epoch 70 PSNR: 29.521732330322266 sigma_y: 0.1 tau: 0.08974483193085074
                    Rejected too many times, annealing tau: 0.0852575903343082
epoch 71 PSNR: 29.55518341064453 sigma_y: 0.1 tau: 0.0852575903343082
epoch 72 PSNR: 29.566974639892578 sigma_y: 0.1 tau: 0.0852575903343082
epoch 73 PSNR: 29.51406478881836 sigma_y: 0.1 tau: 0.0852575903343082
epoch 74 PSNR: 29.533912658691406 sigma_y: 0.1 tau: 0.0852575903343082
epoch 75 PSNR: 29.546175003051758 sigma_y: 0.1 tau: 0.0852575903343082
                    Rejected too many times, annealing tau: 0.08099471081759278
epoch 76 PSNR: 29.581172943115234 sigma_y: 0.1 tau: 0.08099471081759278
epoch 77 PSNR: 29.663692474365234 sigma_y: 0.1 tau: 0.08099471081759278
epoch 78 PSNR: 29.672283172607422 sigma_y: 0.1 tau: 0.08099471081759278
epoch 79 PSNR: 29.72083854675293 sigma_y: 0.1 tau: 0.08099471081759278
                    Rejected too many times, annealing tau: 0.07694497527671314
epoch 80 PSNR: 29.72925567626953 sigma_y: 0.1 tau: 0.07694497527671314
epoch 81 PSNR: 29.712417602539062 sigma_y: 0.1 tau: 0.07694497527671314
epoch 82 PSNR: 29.686580657958984 sigma_y: 0.1 tau: 0.07694497527671314
epoch 83 PSNR: 29.68787384033203 sigma_y: 0.1 tau: 0.07694497527671314
epoch 84 PSNR: 29.687101364135742 sigma_y: 0.1 tau: 0.07694497527671314
epoch 85 PSNR: 29.749765396118164 sigma_y: 0.1 tau: 0.07694497527671314
epoch 86 PSNR: 29.706653594970703 sigma_y: 0.1 tau: 0.07694497527671314
                    Rejected too many times, annealing tau: 0.07309772651287748
                    Rejected too many times, annealing tau: 0.0694428401872336
epoch 87 PSNR: 29.74325942993164 sigma_y: 0.1 tau: 0.0694428401872336
epoch 88 PSNR: 29.730487823486328 sigma_y: 0.1 tau: 0.0694428401872336
epoch 89 PSNR: 29.72081184387207 sigma_y: 0.1 tau: 0.0694428401872336
epoch 90 PSNR: 29.72573471069336 sigma_y: 0.1 tau: 0.0694428401872336
epoch 91 PSNR: 29.716081619262695 sigma_y: 0.1 tau: 0.0694428401872336
epoch 92 PSNR: 29.702014923095703 sigma_y: 0.1 tau: 0.0694428401872336
epoch 93 PSNR: 29.766273498535156 sigma_y: 0.1 tau: 0.0694428401872336
epoch 94 PSNR: 29.76504135131836 sigma_y: 0.1 tau: 0.0694428401872336
                    Rejected too many times, annealing tau: 0.0659706981778719
epoch 95 PSNR: 29.72314453125 sigma_y: 0.1 tau: 0.0659706981778719
epoch 96 PSNR: 29.725814819335938 sigma_y: 0.1 tau: 0.0659706981778719
epoch 97 PSNR: 29.731218338012695 sigma_y: 0.1 tau: 0.0659706981778719
                    Rejected too many times, annealing tau: 0.0626721632689783
epoch 98 PSNR: 29.722890853881836 sigma_y: 0.1 tau: 0.0626721632689783
epoch 99 PSNR: 29.696138381958008 sigma_y: 0.1 tau: 0.0626721632689783
epoch 100 PSNR: 29.69833755493164 sigma_y: 0.1 tau: 0.0626721632689783
main_sampling.py:521: UserWarning: To copy construct from a tensor, it is recommended to use sourceTensor.clone().detach() or sourceTensor.clone().detach().requires_grad_(True), rather than torch.tensor(sourceTensor).
  LPIPS = loss_fn_vgg(2*orig-1.0, 2*torch.tensor(x[j]).to(torch.float32).cuda()-1.0)[0,0,0,0]
PSNR:29.7199 (0.0238), SSIM:0.79386 (0.00105), LPIPS:0.22084 (0.00144):   0%|          | 0/100 [16:58<?, ?it/s]PSNR:29.7199 (0.0238), SSIM:0.79386 (0.00105), LPIPS:0.22084 (0.00144):   1%|          | 1/100 [16:58<28:01:05, 1018.84s/it]epoch 1 PSNR: 16.312034606933594 sigma_y: 1.7000000000000002 tau: 1.0
epoch 2 PSNR: 18.58159828186035 sigma_y: 1.6471111111111112 tau: 1.0
epoch 3 PSNR: 19.351655960083008 sigma_y: 1.5951111111111111 tau: 1.0
epoch 4 PSNR: 21.255863189697266 sigma_y: 1.544 tau: 1.0
epoch 5 PSNR: 22.527164459228516 sigma_y: 1.493777777777778 tau: 1.0
epoch 6 PSNR: 23.390201568603516 sigma_y: 1.4444444444444444 tau: 1.0
                    Rejected too many times, annealing tau: 0.95
                    Rejected too many times, annealing tau: 0.9025
epoch 7 PSNR: 23.449146270751953 sigma_y: 1.3960000000000004 tau: 0.9025
epoch 8 PSNR: 23.678783416748047 sigma_y: 1.3484444444444446 tau: 0.9025
epoch 9 PSNR: 23.848060607910156 sigma_y: 1.3017777777777781 tau: 0.9025
epoch 10 PSNR: 23.891128540039062 sigma_y: 1.256 tau: 0.9025
epoch 11 PSNR: 24.063880920410156 sigma_y: 1.2111111111111115 tau: 0.9025
epoch 12 PSNR: 24.17291259765625 sigma_y: 1.1671111111111112 tau: 0.9025
                    Rejected too many times, annealing tau: 0.8573749999999999
                    Rejected too many times, annealing tau: 0.8145062499999999
                    Rejected too many times, annealing tau: 0.7737809374999999
epoch 13 PSNR: 24.452911376953125 sigma_y: 1.1240000000000003 tau: 0.7737809374999999
epoch 14 PSNR: 24.56264877319336 sigma_y: 1.081777777777778 tau: 0.7737809374999999
epoch 15 PSNR: 24.358522415161133 sigma_y: 1.0404444444444445 tau: 0.7737809374999999
epoch 16 PSNR: 24.87127113342285 sigma_y: 1.0 tau: 0.7737809374999999
epoch 17 PSNR: 24.674270629882812 sigma_y: 0.9604444444444447 tau: 0.7737809374999999
epoch 18 PSNR: 24.809720993041992 sigma_y: 0.9217777777777778 tau: 0.7737809374999999
epoch 19 PSNR: 25.07113265991211 sigma_y: 0.8839999999999999 tau: 0.7737809374999999
epoch 20 PSNR: 25.070104598999023 sigma_y: 0.8471111111111111 tau: 0.7737809374999999
epoch 21 PSNR: 25.241146087646484 sigma_y: 0.8111111111111112 tau: 0.7737809374999999
epoch 22 PSNR: 25.10969352722168 sigma_y: 0.7760000000000001 tau: 0.7737809374999999
epoch 23 PSNR: 25.322559356689453 sigma_y: 0.7417777777777778 tau: 0.7737809374999999
epoch 24 PSNR: 25.42192268371582 sigma_y: 0.7084444444444445 tau: 0.7737809374999999
epoch 25 PSNR: 25.62375831604004 sigma_y: 0.6759999999999999 tau: 0.7737809374999999
epoch 26 PSNR: 25.730915069580078 sigma_y: 0.6444444444444443 tau: 0.7737809374999999
epoch 27 PSNR: 25.648666381835938 sigma_y: 0.6137777777777778 tau: 0.7737809374999999
epoch 28 PSNR: 25.620647430419922 sigma_y: 0.5840000000000001 tau: 0.7737809374999999
epoch 29 PSNR: 25.649682998657227 sigma_y: 0.5551111111111111 tau: 0.7737809374999999
epoch 30 PSNR: 25.872888565063477 sigma_y: 0.527111111111111 tau: 0.7737809374999999
                    Rejected too many times, annealing tau: 0.7350918906249998
epoch 31 PSNR: 25.834619522094727 sigma_y: 0.5 tau: 0.7350918906249998
                    Rejected too many times, annealing tau: 0.6983372960937497
                    Rejected too many times, annealing tau: 0.6634204312890623
epoch 32 PSNR: 25.924606323242188 sigma_y: 0.47377777777777774 tau: 0.6634204312890623
epoch 33 PSNR: 26.157522201538086 sigma_y: 0.44844444444444453 tau: 0.6634204312890623
epoch 34 PSNR: 26.3337345123291 sigma_y: 0.42399999999999993 tau: 0.6634204312890623
epoch 35 PSNR: 26.257911682128906 sigma_y: 0.4004444444444445 tau: 0.6634204312890623
                    Rejected too many times, annealing tau: 0.6302494097246091
                    Rejected too many times, annealing tau: 0.5987369392383786
                    Rejected too many times, annealing tau: 0.5688000922764596
                    Rejected too many times, annealing tau: 0.5403600876626365
                    Rejected too many times, annealing tau: 0.5133420832795047
                    Rejected too many times, annealing tau: 0.48767497911552943
epoch 36 PSNR: 26.52096939086914 sigma_y: 0.37777777777777777 tau: 0.48767497911552943
                    Rejected too many times, annealing tau: 0.46329123015975293
                    Rejected too many times, annealing tau: 0.44012666865176525
                    Rejected too many times, annealing tau: 0.41812033521917696
                    Rejected too many times, annealing tau: 0.3972143184582181
epoch 37 PSNR: 26.550277709960938 sigma_y: 0.3560000000000001 tau: 0.3972143184582181
                    Rejected too many times, annealing tau: 0.37735360253530714
epoch 38 PSNR: 26.5267333984375 sigma_y: 0.33511111111111114 tau: 0.37735360253530714
epoch 39 PSNR: 26.69519805908203 sigma_y: 0.3151111111111112 tau: 0.37735360253530714
epoch 40 PSNR: 26.924421310424805 sigma_y: 0.296 tau: 0.37735360253530714
                    Rejected too many times, annealing tau: 0.35848592240854177
epoch 41 PSNR: 27.013948440551758 sigma_y: 0.2777777777777778 tau: 0.35848592240854177
epoch 42 PSNR: 27.168903350830078 sigma_y: 0.2604444444444445 tau: 0.35848592240854177
                    Rejected too many times, annealing tau: 0.34056162628811465
                    Rejected too many times, annealing tau: 0.3235335449737089
                    Rejected too many times, annealing tau: 0.30735686772502346
epoch 43 PSNR: 27.156185150146484 sigma_y: 0.24400000000000005 tau: 0.30735686772502346
epoch 44 PSNR: 27.190731048583984 sigma_y: 0.22844444444444445 tau: 0.30735686772502346
epoch 45 PSNR: 27.398189544677734 sigma_y: 0.21377777777777784 tau: 0.30735686772502346
                    Rejected too many times, annealing tau: 0.2919890243387723
                    Rejected too many times, annealing tau: 0.27738957312183365
                    Rejected too many times, annealing tau: 0.263520094465742
                    Rejected too many times, annealing tau: 0.25034408974245487
epoch 46 PSNR: 27.374683380126953 sigma_y: 0.2 tau: 0.25034408974245487
epoch 47 PSNR: 27.487918853759766 sigma_y: 0.1871111111111111 tau: 0.25034408974245487
                    Rejected too many times, annealing tau: 0.2378268852553321
epoch 48 PSNR: 27.472532272338867 sigma_y: 0.17511111111111113 tau: 0.2378268852553321
epoch 49 PSNR: 27.555150985717773 sigma_y: 0.16399999999999998 tau: 0.2378268852553321
epoch 50 PSNR: 27.51439094543457 sigma_y: 0.1537777777777778 tau: 0.2378268852553321
epoch 51 PSNR: 27.650379180908203 sigma_y: 0.14444444444444443 tau: 0.2378268852553321
epoch 52 PSNR: 27.66794204711914 sigma_y: 0.136 tau: 0.2378268852553321
                    Rejected too many times, annealing tau: 0.2259355409925655
                    Rejected too many times, annealing tau: 0.2146387639429372
epoch 53 PSNR: 27.830032348632812 sigma_y: 0.12844444444444444 tau: 0.2146387639429372
                    Rejected too many times, annealing tau: 0.20390682574579033
epoch 54 PSNR: 27.866439819335938 sigma_y: 0.12177777777777779 tau: 0.20390682574579033
                    Rejected too many times, annealing tau: 0.1937114844585008
epoch 55 PSNR: 28.017179489135742 sigma_y: 0.11599999999999999 tau: 0.1937114844585008
                    Rejected too many times, annealing tau: 0.18402591023557577
                    Rejected too many times, annealing tau: 0.17482461472379698
epoch 56 PSNR: 28.013107299804688 sigma_y: 0.11111111111111113 tau: 0.17482461472379698
                    Rejected too many times, annealing tau: 0.16608338398760714
                    Rejected too many times, annealing tau: 0.15777921478822676
epoch 57 PSNR: 28.053129196166992 sigma_y: 0.10711111111111112 tau: 0.15777921478822676
                    Rejected too many times, annealing tau: 0.14989025404881542
epoch 58 PSNR: 28.06769371032715 sigma_y: 0.10400000000000001 tau: 0.14989025404881542
epoch 59 PSNR: 28.130352020263672 sigma_y: 0.10177777777777779 tau: 0.14989025404881542
                    Rejected too many times, annealing tau: 0.14239574134637464
epoch 60 PSNR: 28.1578369140625 sigma_y: 0.10044444444444445 tau: 0.14239574134637464
                    Rejected too many times, annealing tau: 0.095
                    Rejected too many times, annealing tau: 0.09025
                    Rejected too many times, annealing tau: 0.0857375
epoch 61 PSNR: 28.132556915283203 sigma_y: 0.1 tau: 0.0857375
                    Rejected too many times, annealing tau: 0.08145062499999998
                    Rejected too many times, annealing tau: 0.07737809374999999
                    Rejected too many times, annealing tau: 0.07350918906249998
epoch 62 PSNR: 28.195167541503906 sigma_y: 0.1 tau: 0.07350918906249998
                    Rejected too many times, annealing tau: 0.06983372960937498
epoch 63 PSNR: 28.12647247314453 sigma_y: 0.1 tau: 0.06983372960937498
epoch 64 PSNR: 28.159706115722656 sigma_y: 0.1 tau: 0.06983372960937498
                    Rejected too many times, annealing tau: 0.06634204312890622
                    Rejected too many times, annealing tau: 0.0630249409724609
                    Rejected too many times, annealing tau: 0.05987369392383786
epoch 65 PSNR: 28.196924209594727 sigma_y: 0.1 tau: 0.05987369392383786
epoch 66 PSNR: 28.27642059326172 sigma_y: 0.1 tau: 0.05987369392383786
                    Rejected too many times, annealing tau: 0.05688000922764597
                    Rejected too many times, annealing tau: 0.05403600876626367
                    Rejected too many times, annealing tau: 0.05133420832795048
epoch 67 PSNR: 28.2517032623291 sigma_y: 0.1 tau: 0.05133420832795048
epoch 68 PSNR: 28.302425384521484 sigma_y: 0.1 tau: 0.05133420832795048
epoch 69 PSNR: 28.306827545166016 sigma_y: 0.1 tau: 0.05133420832795048
epoch 70 PSNR: 28.287464141845703 sigma_y: 0.1 tau: 0.05133420832795048
epoch 71 PSNR: 28.296443939208984 sigma_y: 0.1 tau: 0.05133420832795048
epoch 72 PSNR: 28.301307678222656 sigma_y: 0.1 tau: 0.05133420832795048
epoch 73 PSNR: 28.284164428710938 sigma_y: 0.1 tau: 0.05133420832795048
epoch 74 PSNR: 28.308799743652344 sigma_y: 0.1 tau: 0.05133420832795048
epoch 75 PSNR: 28.309764862060547 sigma_y: 0.1 tau: 0.05133420832795048
epoch 76 PSNR: 28.294897079467773 sigma_y: 0.1 tau: 0.05133420832795048
                    Rejected too many times, annealing tau: 0.04876749791155295
epoch 77 PSNR: 28.322431564331055 sigma_y: 0.1 tau: 0.04876749791155295
epoch 78 PSNR: 28.340089797973633 sigma_y: 0.1 tau: 0.04876749791155295
epoch 79 PSNR: 28.359912872314453 sigma_y: 0.1 tau: 0.04876749791155295
epoch 80 PSNR: 28.350048065185547 sigma_y: 0.1 tau: 0.04876749791155295
epoch 81 PSNR: 28.400493621826172 sigma_y: 0.1 tau: 0.04876749791155295
epoch 82 PSNR: 28.396400451660156 sigma_y: 0.1 tau: 0.04876749791155295
                    Rejected too many times, annealing tau: 0.046329123015975304
                    Rejected too many times, annealing tau: 0.04401266686517654
                    Rejected too many times, annealing tau: 0.04181203352191771
                    Rejected too many times, annealing tau: 0.039721431845821824
epoch 83 PSNR: 28.41080665588379 sigma_y: 0.1 tau: 0.039721431845821824
epoch 84 PSNR: 28.437976837158203 sigma_y: 0.1 tau: 0.039721431845821824
epoch 85 PSNR: 28.461807250976562 sigma_y: 0.1 tau: 0.039721431845821824
epoch 86 PSNR: 28.500167846679688 sigma_y: 0.1 tau: 0.039721431845821824
epoch 87 PSNR: 28.45882797241211 sigma_y: 0.1 tau: 0.039721431845821824
epoch 88 PSNR: 28.47482681274414 sigma_y: 0.1 tau: 0.039721431845821824
epoch 89 PSNR: 28.466222763061523 sigma_y: 0.1 tau: 0.039721431845821824
epoch 90 PSNR: 28.47515296936035 sigma_y: 0.1 tau: 0.039721431845821824
epoch 91 PSNR: 28.48170280456543 sigma_y: 0.1 tau: 0.039721431845821824
epoch 92 PSNR: 28.51820182800293 sigma_y: 0.1 tau: 0.039721431845821824
epoch 93 PSNR: 28.514514923095703 sigma_y: 0.1 tau: 0.039721431845821824
epoch 94 PSNR: 28.513214111328125 sigma_y: 0.1 tau: 0.039721431845821824
epoch 95 PSNR: 28.505342483520508 sigma_y: 0.1 tau: 0.039721431845821824
epoch 96 PSNR: 28.520734786987305 sigma_y: 0.1 tau: 0.039721431845821824
epoch 97 PSNR: 28.520465850830078 sigma_y: 0.1 tau: 0.039721431845821824
epoch 98 PSNR: 28.525474548339844 sigma_y: 0.1 tau: 0.039721431845821824
epoch 99 PSNR: 28.56047821044922 sigma_y: 0.1 tau: 0.039721431845821824
epoch 100 PSNR: 28.542282104492188 sigma_y: 0.1 tau: 0.039721431845821824
PSNR:29.1021 (0.0351), SSIM:0.82530 (0.00118), LPIPS:0.19386 (0.00133):   1%|          | 1/100 [33:19<28:01:05, 1018.84s/it]PSNR:29.1021 (0.0351), SSIM:0.82530 (0.00118), LPIPS:0.19386 (0.00133):   2%|▏         | 2/100 [33:19<27:07:49, 996.63s/it]                     Rejected too many times, annealing tau: 0.95
                    Rejected too many times, annealing tau: 0.9025
                    Rejected too many times, annealing tau: 0.8573749999999999
                    Rejected too many times, annealing tau: 0.8145062499999999
                    Rejected too many times, annealing tau: 0.7737809374999999
                    Rejected too many times, annealing tau: 0.7350918906249998
epoch 1 PSNR: 15.558229446411133 sigma_y: 1.7000000000000002 tau: 0.7350918906249998
PSNR:29.1021 (0.0351), SSIM:0.82530 (0.00118), LPIPS:0.19386 (0.00133):   2%|▏         | 2/100 [34:04<27:49:20, 1022.05s/it]
Traceback (most recent call last):
  File "main_sampling.py", line 1039, in <module>
  File "main_sampling.py", line 483, in sample_image
    xt = hmc(x, n, b, seq, seq_next, algo, opt, y_0, H_funcs, x_orig)
  File "main_sampling.py", line 851, in hmc
    acceptance_ratio = min(torch.tensor([1], device=device), torch.exp(-delta_H))
  File "/root/miniconda3/envs/NHMC/lib/python3.8/site-packages/torch/utils/data/_utils/signal_handling.py", line 67, in handler
    _error_if_any_worker_fails()
RuntimeError: DataLoader worker (pid 212624) is killed by signal: Terminated. 
