nohup: 忽略输入
Dataset has size 100
Start from 0
  0%|          | 0/100 [00:00<?, ?it/s]Setting up [LPIPS] perceptual loss: trunk [vgg], v[0.1], spatial [off]
Loading model from: /root/.local/lib/python3.8/site-packages/lpips/weights/v0.1/vgg.pth
M_diag tensor([0.3152, 2.3291, 0.3418, 1.0453, 0.6025, 0.1840, 0.3540, 2.4797, 0.3979,
        0.2870], device='cuda:0')
epoch 1 PSNR: 15.621522903442383 sigma_y: 1.7000000000000002 tau: 1.0
M_diag tensor([4.8826, 0.4883, 0.6088, 0.3760, 0.3695, 3.9378, 2.3725, 0.9955, 2.4930,
        3.8769], device='cuda:0')
epoch 2 PSNR: 18.78951644897461 sigma_y: 1.6471111111111112 tau: 1.0
M_diag tensor([0.1935, 1.5156, 0.6025, 1.8866, 0.1652, 0.2628, 1.4334, 1.2351, 4.1191,
        0.3485], device='cuda:0')
epoch 3 PSNR: 20.78497314453125 sigma_y: 1.5951111111111111 tau: 1.0
M_diag tensor([5.6780, 0.4813, 1.0584, 2.1606, 1.5772, 7.1696, 0.2649, 0.2324, 0.1378,
        1.8747], device='cuda:0')
epoch 4 PSNR: 22.12226104736328 sigma_y: 1.544 tau: 0.95
M_diag tensor([0.1936, 4.9599, 2.4673, 0.7822, 0.7432, 0.1949, 0.5455, 2.3718, 3.4138,
        4.6843], device='cuda:0')
epoch 5 PSNR: 24.032238006591797 sigma_y: 1.493777777777778 tau: 0.95
M_diag tensor([2.0456, 2.7281, 0.3788, 0.6280, 2.6467, 6.9778, 3.3147, 0.2040, 1.3038,
        0.5360], device='cuda:0')
epoch 6 PSNR: 24.52365493774414 sigma_y: 1.4444444444444444 tau: 0.9025
M_diag tensor([3.3289, 0.1891, 6.1584, 6.0065, 0.4529, 0.2560, 1.4200, 2.3855, 0.5482,
        1.6757], device='cuda:0')
epoch 7 PSNR: 25.302776336669922 sigma_y: 1.3960000000000004 tau: 0.9025
M_diag tensor([0.9351, 1.9242, 0.3048, 0.3275, 2.1802, 0.3062, 0.2688, 0.1398, 1.5850,
        0.1420], device='cuda:0')
epoch 8 PSNR: 25.1920166015625 sigma_y: 1.3484444444444446 tau: 0.9025
M_diag tensor([0.3097, 0.9064, 5.2613, 6.6798, 0.2221, 0.3575, 3.7416, 3.3458, 2.1305,
        1.3657], device='cuda:0')
epoch 9 PSNR: 25.869922637939453 sigma_y: 1.3017777777777781 tau: 0.9025
M_diag tensor([5.4828, 0.5430, 0.1583, 0.1916, 0.2760, 3.6013, 0.1483, 0.8029, 0.9111,
        2.2590], device='cuda:0')
epoch 10 PSNR: 25.688505172729492 sigma_y: 1.256 tau: 0.8573749999999999
M_diag tensor([0.2352, 0.8084, 2.5240, 2.4653, 1.8227, 0.2042, 4.3359, 0.5321, 1.0392,
        0.2997], device='cuda:0')
epoch 11 PSNR: 26.0201358795166 sigma_y: 1.2111111111111115 tau: 0.8573749999999999
M_diag tensor([4.8755, 1.5876, 1.8637, 0.7972, 0.9024, 4.7523, 1.4452, 0.2111, 0.2748,
        3.7166], device='cuda:0')
epoch 12 PSNR: 25.523378372192383 sigma_y: 1.1671111111111112 tau: 0.7350918906249998
M_diag tensor([0.7788, 0.5690, 1.5047, 2.2314, 0.2227, 0.4458, 0.2514, 0.3599, 0.5732,
        2.0865], device='cuda:0')
epoch 13 PSNR: 25.90630531311035 sigma_y: 1.1240000000000003 tau: 0.7350918906249998
M_diag tensor([2.7374, 1.7656, 0.5740, 1.1485, 1.9705, 0.5499, 1.0187, 0.4435, 0.2331,
        0.1397], device='cuda:0')
epoch 14 PSNR: 25.69647979736328 sigma_y: 1.081777777777778 tau: 0.7350918906249998
M_diag tensor([0.2767, 0.7135, 5.4190, 2.2568, 1.5177, 5.3499, 0.3806, 1.0975, 5.6622,
        2.7636], device='cuda:0')
epoch 15 PSNR: 26.23883819580078 sigma_y: 1.0404444444444445 tau: 0.7350918906249998
M_diag tensor([0.8611, 0.7804, 0.2259, 0.1632, 0.8128, 0.1576, 5.0087, 0.1488, 0.1943,
        0.2126], device='cuda:0')
epoch 16 PSNR: 26.1845703125 sigma_y: 1.0 tau: 0.6983372960937497
M_diag tensor([2.9177, 1.1148, 5.2756, 4.0844, 4.0012, 6.6795, 1.3241, 3.0999, 2.7487,
        2.8255], device='cuda:0')
epoch 17 PSNR: 26.594032287597656 sigma_y: 0.9604444444444447 tau: 0.6983372960937497
M_diag tensor([0.5854, 0.5902, 0.7291, 0.2743, 0.8000, 0.1410, 0.2826, 0.3215, 0.2298,
        0.5189], device='cuda:0')
epoch 18 PSNR: 26.282155990600586 sigma_y: 0.9217777777777778 tau: 0.6983372960937497
M_diag tensor([0.9075, 3.6360, 2.2404, 5.0328, 3.2429, 3.7709, 2.3172, 2.7403, 4.7940,
        0.8335], device='cuda:0')
epoch 19 PSNR: 26.719350814819336 sigma_y: 0.8839999999999999 tau: 0.6983372960937497
M_diag tensor([4.7366, 0.2990, 0.3662, 0.4686, 0.4362, 1.5307, 0.5192, 1.7943, 0.1400,
        0.3796], device='cuda:0')
epoch 20 PSNR: 26.245323181152344 sigma_y: 0.8471111111111111 tau: 0.6634204312890623
M_diag tensor([0.2208, 4.4102, 0.9234, 5.4355, 0.8321, 0.2784, 6.6562, 0.1677, 2.7801,
        0.7461], device='cuda:0')
epoch 21 PSNR: 26.737382888793945 sigma_y: 0.8111111111111112 tau: 0.6634204312890623
M_diag tensor([0.3654, 0.3799, 1.7429, 0.3755, 1.3817, 6.2074, 0.3032, 3.7918, 0.4043,
        0.2835], device='cuda:0')
epoch 22 PSNR: 26.848949432373047 sigma_y: 0.7760000000000001 tau: 0.6634204312890623
M_diag tensor([0.1790, 1.2620, 0.4919, 0.1620, 1.5795, 0.4447, 0.4620, 0.2483, 3.3020,
        2.1916], device='cuda:0')
epoch 23 PSNR: 26.93674087524414 sigma_y: 0.7417777777777778 tau: 0.5403600876626365
M_diag tensor([3.1414, 2.4251, 0.2856, 1.6244, 0.6291, 1.8958, 0.4760, 4.6906, 0.1699,
        0.2391], device='cuda:0')
epoch 24 PSNR: 26.697280883789062 sigma_y: 0.7084444444444445 tau: 0.5133420832795047
M_diag tensor([1.1478, 0.1823, 2.8012, 0.6503, 2.5894, 0.5370, 0.5406, 0.1932, 6.1801,
        6.0911], device='cuda:0')
epoch 25 PSNR: 27.110721588134766 sigma_y: 0.6759999999999999 tau: 0.48767497911552943
M_diag tensor([1.1631, 1.7213, 0.1472, 0.2001, 0.3477, 0.6030, 2.3201, 6.7983, 1.1147,
        0.3345], device='cuda:0')
epoch 26 PSNR: 27.50156021118164 sigma_y: 0.6444444444444443 tau: 0.44012666865176525
M_diag tensor([1.4120, 0.8009, 0.3242, 4.4782, 1.7489, 1.2486, 0.1954, 0.1456, 2.9806,
        5.0690], device='cuda:0')
epoch 27 PSNR: 27.47433853149414 sigma_y: 0.6137777777777778 tau: 0.41812033521917696
M_diag tensor([0.4998, 0.4868, 5.9872, 0.1783, 0.6097, 0.8382, 5.7737, 7.2224, 1.2142,
        0.3098], device='cuda:0')
epoch 28 PSNR: 27.34026336669922 sigma_y: 0.5840000000000001 tau: 0.41812033521917696
M_diag tensor([3.7157, 0.8053, 0.1458, 5.4541, 3.4509, 1.0140, 0.1354, 0.6790, 1.7578,
        2.2037], device='cuda:0')
epoch 29 PSNR: 27.504274368286133 sigma_y: 0.5551111111111111 tau: 0.34056162628811465
M_diag tensor([0.1436, 3.4922, 0.4762, 0.4728, 0.4695, 0.3625, 3.7344, 0.4653, 0.4242,
        0.4675], device='cuda:0')
epoch 30 PSNR: 27.427654266357422 sigma_y: 0.527111111111111 tau: 0.34056162628811465
M_diag tensor([1.9034, 0.1691, 0.1850, 3.2472, 5.0978, 0.2791, 0.4215, 0.9558, 4.0594,
        0.8032], device='cuda:0')
epoch 31 PSNR: 27.549137115478516 sigma_y: 0.5 tau: 0.34056162628811465
M_diag tensor([1.1397, 6.2036, 6.5605, 0.1668, 0.6931, 4.4720, 4.5493, 0.7775, 0.2107,
        2.5234], device='cuda:0')
epoch 32 PSNR: 27.291109085083008 sigma_y: 0.47377777777777774 tau: 0.34056162628811465
M_diag tensor([3.8570, 0.1424, 0.5406, 6.6892, 1.2260, 0.1428, 0.1430, 2.0722, 3.5592,
        0.4422], device='cuda:0')
epoch 33 PSNR: 27.59304428100586 sigma_y: 0.44844444444444453 tau: 0.30735686772502346
M_diag tensor([0.1362, 7.2078, 0.7458, 1.4347, 0.8287, 0.2029, 3.0151, 0.5166, 2.2179,
        2.3641], device='cuda:0')
epoch 34 PSNR: 27.644140243530273 sigma_y: 0.42399999999999993 tau: 0.30735686772502346
M_diag tensor([5.3742, 0.8578, 5.0137, 0.4204, 3.6273, 6.8840, 0.1971, 2.5470, 0.8828,
        2.4679], device='cuda:0')
epoch 35 PSNR: 28.115737915039062 sigma_y: 0.4004444444444445 tau: 0.30735686772502346
M_diag tensor([0.3135, 0.8269, 1.1389, 4.8038, 1.2234, 0.9101, 5.7258, 0.4111, 1.9090,
        0.2471], device='cuda:0')
epoch 36 PSNR: 28.205142974853516 sigma_y: 0.37777777777777777 tau: 0.30735686772502346
M_diag tensor([2.4088, 2.1101, 0.6652, 0.5315, 0.3938, 1.8475, 0.1595, 2.0012, 1.7172,
        4.3121], device='cuda:0')
epoch 37 PSNR: 28.273151397705078 sigma_y: 0.3560000000000001 tau: 0.27738957312183365
M_diag tensor([0.4513, 0.1410, 2.8246, 3.9053, 4.4504, 0.3619, 7.2775, 0.1426, 0.2211,
        0.4918], device='cuda:0')
epoch 38 PSNR: 28.258092880249023 sigma_y: 0.33511111111111114 tau: 0.25034408974245487
M_diag tensor([0.1603, 7.2887, 1.8633, 0.1377, 0.8837, 0.3176, 1.0236, 0.2051, 2.4821,
        5.0217], device='cuda:0')
epoch 39 PSNR: 28.230085372924805 sigma_y: 0.3151111111111112 tau: 0.17482461472379698
M_diag tensor([6.3689, 0.2304, 0.1644, 7.0089, 2.7073, 2.1681, 3.8388, 2.6449, 0.5946,
        0.2640], device='cuda:0')
epoch 40 PSNR: 28.416967391967773 sigma_y: 0.296 tau: 0.17482461472379698
M_diag tensor([0.2281, 5.2922, 0.3614, 1.4046, 0.9513, 0.8864, 0.9678, 0.6755, 0.2734,
        6.4259], device='cuda:0')
epoch 41 PSNR: 28.3328800201416 sigma_y: 0.2777777777777778 tau: 0.17482461472379698
M_diag tensor([6.5099, 0.1712, 2.2788, 2.2041, 0.2795, 0.4850, 0.6952, 0.7964, 1.9400,
        0.8294], device='cuda:0')
epoch 42 PSNR: 28.42595100402832 sigma_y: 0.2604444444444445 tau: 0.17482461472379698
M_diag tensor([0.7187, 6.1009, 0.5112, 0.2172, 0.2239, 2.1059, 0.8278, 2.9733, 0.1459,
        1.3706], device='cuda:0')
epoch 43 PSNR: 28.70517349243164 sigma_y: 0.24400000000000005 tau: 0.17482461472379698
M_diag tensor([5.2065, 0.2392, 2.5619, 5.4195, 6.8163, 0.8335, 0.1830, 0.3587, 1.8050,
        1.0696], device='cuda:0')
epoch 44 PSNR: 28.744953155517578 sigma_y: 0.22844444444444445 tau: 0.17482461472379698
M_diag tensor([1.3910, 3.8118, 0.2016, 0.2387, 0.6289, 0.9350, 4.9385, 0.7838, 2.0984,
        3.1234], device='cuda:0')
epoch 45 PSNR: 28.722257614135742 sigma_y: 0.21377777777777784 tau: 0.17482461472379698
M_diag tensor([1.0283, 1.3627, 0.4081, 5.9848, 4.3240, 0.2272, 0.4277, 0.1520, 1.0451,
        0.1545], device='cuda:0')
epoch 46 PSNR: 28.792518615722656 sigma_y: 0.2 tau: 0.17482461472379698
M_diag tensor([2.4182, 0.1593, 5.6686, 0.1492, 0.6999, 7.0838, 3.0964, 6.6896, 0.1811,
        5.4748], device='cuda:0')
epoch 47 PSNR: 28.826797485351562 sigma_y: 0.1871111111111111 tau: 0.16608338398760714
M_diag tensor([0.2406, 6.6805, 0.2630, 1.9708, 0.8627, 0.4035, 3.0237, 0.5238, 0.2221,
        0.1472], device='cuda:0')
epoch 48 PSNR: 28.850360870361328 sigma_y: 0.17511111111111113 tau: 0.1352759542790559
M_diag tensor([0.3756, 0.6785, 0.2764, 1.5533, 1.1076, 0.3330, 1.7154, 1.1774, 3.5133,
        0.2086], device='cuda:0')
epoch 49 PSNR: 28.933910369873047 sigma_y: 0.16399999999999998 tau: 0.1352759542790559
M_diag tensor([2.9913, 2.9181, 5.9559, 0.5092, 0.3438, 4.7491, 3.6235, 0.4472, 2.5763,
        1.8637], device='cuda:0')
epoch 50 PSNR: 29.101903915405273 sigma_y: 0.1537777777777778 tau: 0.1352759542790559
M_diag tensor([1.4571, 1.1010, 0.4930, 3.8109, 0.7106, 0.9821, 1.1952, 3.5043, 0.5777,
        0.9359], device='cuda:0')
epoch 51 PSNR: 29.023876190185547 sigma_y: 0.14444444444444443 tau: 0.1352759542790559
M_diag tensor([3.4677, 0.6028, 1.5442, 0.3267, 0.9047, 4.8113, 4.5461, 0.2181, 3.6074,
        2.1468], device='cuda:0')
epoch 52 PSNR: 29.251964569091797 sigma_y: 0.136 tau: 0.1285121565651031
M_diag tensor([0.2156, 0.8306, 1.4490, 0.9829, 0.3358, 0.7707, 0.1779, 4.0353, 1.8169,
        0.2383], device='cuda:0')
epoch 53 PSNR: 29.325115203857422 sigma_y: 0.12844444444444444 tau: 0.12208654873684793
M_diag tensor([0.5339, 0.7482, 2.9643, 1.6605, 5.7594, 1.3906, 0.3106, 0.3850, 2.2476,
        5.2074], device='cuda:0')
epoch 54 PSNR: 29.384729385375977 sigma_y: 0.12177777777777779 tau: 0.12208654873684793
M_diag tensor([0.5012, 2.4924, 1.7429, 0.1688, 2.0140, 2.1233, 0.4811, 1.4461, 0.6574,
        0.3345], device='cuda:0')
epoch 55 PSNR: 29.456274032592773 sigma_y: 0.11599999999999999 tau: 0.11018311023500525
M_diag tensor([0.1457, 1.3570, 0.1910, 4.8669, 0.5579, 4.3145, 6.0407, 3.4043, 0.3273,
        0.1506], device='cuda:0')
epoch 56 PSNR: 29.542085647583008 sigma_y: 0.11111111111111113 tau: 0.10467395472325498
M_diag tensor([0.7906, 0.1425, 7.2320, 0.2603, 1.1220, 0.1882, 0.7417, 1.5769, 0.7439,
        3.0313], device='cuda:0')
epoch 57 PSNR: 29.564441680908203 sigma_y: 0.10711111111111112 tau: 0.09446824413773762
M_diag tensor([0.2960, 6.9809, 0.4308, 6.7321, 4.5827, 6.7702, 3.1637, 1.8544, 2.0459,
        0.9603], device='cuda:0')
epoch 58 PSNR: 29.552326202392578 sigma_y: 0.10400000000000001 tau: 0.0852575903343082
M_diag tensor([3.9429, 0.1630, 6.4187, 0.2003, 0.7796, 0.2177, 0.5831, 1.5268, 0.5779,
        0.4060], device='cuda:0')
epoch 59 PSNR: 29.570371627807617 sigma_y: 0.10177777777777779 tau: 0.0852575903343082
M_diag tensor([0.2745, 1.7353, 0.3347, 6.1437, 0.4113, 5.8388, 1.1898, 2.3161, 4.9013,
        1.3568], device='cuda:0')
epoch 60 PSNR: 29.679128646850586 sigma_y: 0.10044444444444445 tau: 0.0852575903343082
M_diag tensor([0.8746, 0.2741, 0.1488, 0.9855, 0.1569, 0.2552, 1.1533, 0.2867, 0.3290,
        0.4260], device='cuda:0')
epoch 61 PSNR: 29.688968658447266 sigma_y: 0.1 tau: 0.0852575903343082
M_diag tensor([0.3795, 0.6111, 5.9008, 0.3900, 1.0283, 1.7217, 2.3352, 2.2662, 3.8130,
        6.6854], device='cuda:0')
epoch 62 PSNR: 29.736770629882812 sigma_y: 0.1 tau: 0.08099471081759278
M_diag tensor([0.3157, 3.6610, 0.2716, 0.6029, 0.3864, 0.9322, 2.5159, 2.6516, 0.4339,
        1.1374], device='cuda:0')
epoch 63 PSNR: 29.73352813720703 sigma_y: 0.1 tau: 0.08099471081759278
M_diag tensor([3.3467, 2.0878, 4.8587, 2.1400, 0.8468, 0.2096, 0.1449, 0.9837, 1.0762,
        0.4461], device='cuda:0')
epoch 64 PSNR: 29.810989379882812 sigma_y: 0.1 tau: 0.08099471081759278
M_diag tensor([0.3106, 0.4030, 0.2512, 0.3949, 3.8634, 4.8463, 6.1465, 1.2052, 4.1691,
        4.0736], device='cuda:0')
epoch 65 PSNR: 29.780784606933594 sigma_y: 0.1 tau: 0.08099471081759278
M_diag tensor([0.4085, 3.4878, 0.2450, 6.4842, 0.3540, 1.0316, 0.3149, 1.5482, 1.6313,
        0.7459], device='cuda:0')
epoch 66 PSNR: 29.81041145324707 sigma_y: 0.1 tau: 0.08099471081759278
M_diag tensor([5.0517, 0.7332, 5.8047, 0.2194, 0.1956, 4.1123, 0.1990, 0.9599, 4.2247,
        2.6841], device='cuda:0')
epoch 67 PSNR: 29.8842830657959 sigma_y: 0.1 tau: 0.08099471081759278
M_diag tensor([0.4111, 2.4219, 0.3876, 1.9808, 4.2317, 0.5160, 0.2504, 0.1630, 0.3735,
        1.1437], device='cuda:0')
epoch 68 PSNR: 29.838638305664062 sigma_y: 0.1 tau: 0.08099471081759278
M_diag tensor([2.2905, 0.5345, 3.0521, 0.6732, 1.2938, 0.4321, 4.0128, 4.6191, 4.4092,
        3.3837], device='cuda:0')
epoch 69 PSNR: 29.865814208984375 sigma_y: 0.1 tau: 0.08099471081759278
M_diag tensor([0.3863, 2.2556, 0.2760, 3.0061, 2.3423, 5.1608, 0.5637, 0.1506, 0.3711,
        0.2036], device='cuda:0')
epoch 70 PSNR: 29.83004379272461 sigma_y: 0.1 tau: 0.08099471081759278
M_diag tensor([5.0793, 1.8188, 4.2826, 0.4952, 4.4555, 0.3036, 0.2025, 4.5478, 0.3082,
        1.2187], device='cuda:0')
epoch 71 PSNR: 29.86771583557129 sigma_y: 0.1 tau: 0.0694428401872336
M_diag tensor([0.4009, 0.1901, 0.4646, 0.1462, 0.1528, 0.3108, 0.5181, 1.1319, 4.2264,
        0.2590], device='cuda:0')
epoch 72 PSNR: 29.856548309326172 sigma_y: 0.1 tau: 0.0694428401872336
M_diag tensor([5.5696, 0.5478, 2.7677, 2.6953, 3.1724, 3.3251, 3.7536, 0.2824, 0.6828,
        3.0564], device='cuda:0')
epoch 73 PSNR: 29.892330169677734 sigma_y: 0.1 tau: 0.0694428401872336
M_diag tensor([0.2390, 4.0670, 1.8376, 0.1447, 0.6434, 0.4920, 0.7475, 3.2487, 4.6497,
        0.9187], device='cuda:0')
epoch 74 PSNR: 29.89689064025879 sigma_y: 0.1 tau: 0.0659706981778719
M_diag tensor([5.2641, 1.5873, 0.5853, 7.3559, 4.5557, 3.9875, 0.8427, 0.6590, 0.8308,
        0.2734], device='cuda:0')
epoch 75 PSNR: 29.94210433959961 sigma_y: 0.1 tau: 0.0626721632689783
M_diag tensor([0.9141, 0.3641, 0.7256, 0.2518, 0.6436, 0.2289, 1.4705, 5.4459, 2.9966,
        5.0998], device='cuda:0')
epoch 76 PSNR: 29.907203674316406 sigma_y: 0.1 tau: 0.0626721632689783
M_diag tensor([0.1465, 4.7179, 3.2079, 4.1495, 6.3278, 3.5916, 0.1615, 0.6488, 0.2354,
        0.3837], device='cuda:0')
epoch 77 PSNR: 29.92667007446289 sigma_y: 0.1 tau: 0.0626721632689783
M_diag tensor([1.3322, 0.3032, 0.8664, 0.2693, 1.0605, 0.4990, 2.1211, 4.9723, 0.5815,
        0.3200], device='cuda:0')
epoch 78 PSNR: 29.94316864013672 sigma_y: 0.1 tau: 0.0626721632689783
M_diag tensor([2.9192, 3.7971, 0.5979, 2.1897, 0.4365, 0.3981, 0.9922, 1.9242, 1.3349,
        0.6251], device='cuda:0')
epoch 79 PSNR: 30.001968383789062 sigma_y: 0.1 tau: 0.05656162735025291
M_diag tensor([1.0736, 0.2577, 3.1078, 0.5913, 4.4224, 0.5185, 5.4051, 2.4531, 3.8279,
        0.5171], device='cuda:0')
epoch 80 PSNR: 29.98539924621582 sigma_y: 0.1 tau: 0.05656162735025291
M_diag tensor([0.2501, 1.6285, 0.2624, 2.3169, 0.2133, 2.6129, 0.1501, 0.8006, 1.0293,
        1.6456], device='cuda:0')
epoch 81 PSNR: 29.97693634033203 sigma_y: 0.1 tau: 0.053733545982740265
M_diag tensor([0.2138, 0.5059, 4.5872, 0.5463, 0.5045, 1.3329, 7.1515, 4.7778, 3.1909,
        1.1862], device='cuda:0')
epoch 82 PSNR: 29.98504638671875 sigma_y: 0.1 tau: 0.053733545982740265
M_diag tensor([5.9002, 0.7766, 1.4465, 0.1915, 2.5623, 0.6449, 1.3970, 0.2127, 0.2521,
        0.8900], device='cuda:0')
epoch 83 PSNR: 29.955650329589844 sigma_y: 0.1 tau: 0.053733545982740265
M_diag tensor([0.1846, 0.2948, 0.1434, 0.6316, 0.5792, 2.7648, 1.3054, 1.3953, 6.4418,
        3.7567], device='cuda:0')
epoch 84 PSNR: 30.009429931640625 sigma_y: 0.1 tau: 0.053733545982740265
M_diag tensor([2.9496, 6.9960, 1.4306, 0.2587, 1.4404, 0.2607, 0.6043, 0.8694, 1.0536,
        0.2059], device='cuda:0')
epoch 85 PSNR: 29.993303298950195 sigma_y: 0.1 tau: 0.053733545982740265
M_diag tensor([1.1057, 0.3842, 4.9580, 0.6295, 0.1433, 0.6567, 0.9981, 3.3645, 0.1668,
        6.8892], device='cuda:0')
epoch 86 PSNR: 30.00827407836914 sigma_y: 0.1 tau: 0.053733545982740265
M_diag tensor([0.1877, 4.2943, 0.9597, 0.8840, 6.0384, 2.9006, 0.1480, 1.2800, 0.3329,
        0.2137], device='cuda:0')
epoch 87 PSNR: 29.95894432067871 sigma_y: 0.1 tau: 0.053733545982740265
M_diag tensor([6.9751, 0.2817, 0.4010, 0.1433, 0.1486, 0.6799, 2.1871, 0.2047, 2.4947,
        4.6825], device='cuda:0')
epoch 88 PSNR: 30.03525161743164 sigma_y: 0.1 tau: 0.053733545982740265
M_diag tensor([1.1512, 1.0994, 4.6246, 4.4062, 4.4525, 0.3148, 1.4914, 2.9511, 1.2324,
        0.1885], device='cuda:0')
epoch 89 PSNR: 30.021570205688477 sigma_y: 0.1 tau: 0.053733545982740265
M_diag tensor([0.7459, 0.7018, 1.1945, 0.1384, 0.1354, 5.3050, 1.4196, 0.3478, 0.6924,
        4.4787], device='cuda:0')
epoch 90 PSNR: 30.015640258789062 sigma_y: 0.1 tau: 0.053733545982740265
M_diag tensor([1.3861, 2.8503, 2.1422, 6.5269, 1.5118, 0.2297, 0.4998, 0.2305, 2.8908,
        0.4496], device='cuda:0')
epoch 91 PSNR: 30.033987045288086 sigma_y: 0.1 tau: 0.041577993585724116
M_diag tensor([1.2203, 1.0264, 2.5282, 0.2117, 0.2698, 6.2340, 0.5422, 6.3478, 2.4165,
        5.4921], device='cuda:0')
epoch 92 PSNR: 30.04652214050293 sigma_y: 0.1 tau: 0.041577993585724116
M_diag tensor([0.8110, 0.2455, 0.4054, 0.9046, 5.8987, 0.5077, 1.9269, 0.3655, 1.1448,
        1.2199], device='cuda:0')
epoch 93 PSNR: 30.079439163208008 sigma_y: 0.1 tau: 0.041577993585724116
M_diag tensor([2.0118, 0.3502, 4.7845, 0.3582, 1.2515, 0.6219, 2.7952, 0.6238, 2.1642,
        1.2383], device='cuda:0')
epoch 94 PSNR: 30.10097885131836 sigma_y: 0.1 tau: 0.041577993585724116
M_diag tensor([0.2318, 0.6798, 0.2597, 0.6884, 1.1100, 0.1421, 0.6145, 1.1945, 0.6701,
        3.3416], device='cuda:0')
epoch 95 PSNR: 30.124998092651367 sigma_y: 0.1 tau: 0.041577993585724116
M_diag tensor([0.7264, 2.2861, 5.3304, 0.1367, 0.6137, 0.4029, 0.6989, 0.3980, 0.5750,
        1.0634], device='cuda:0')
epoch 96 PSNR: 30.110567092895508 sigma_y: 0.1 tau: 0.041577993585724116
M_diag tensor([3.8675, 1.1211, 2.7048, 5.5178, 3.5197, 1.2302, 4.1924, 1.0198, 6.3759,
        0.3001], device='cuda:0')
epoch 97 PSNR: 30.127809524536133 sigma_y: 0.1 tau: 0.041577993585724116
M_diag tensor([0.4747, 0.6113, 1.1003, 0.2303, 0.4984, 0.3220, 0.2747, 4.5131, 0.3065,
        3.5795], device='cuda:0')
epoch 98 PSNR: 30.097532272338867 sigma_y: 0.1 tau: 0.041577993585724116
M_diag tensor([1.6820, 5.6601, 0.3169, 4.1491, 0.6918, 0.2154, 1.4457, 0.2706, 5.2654,
        1.1700], device='cuda:0')
epoch 99 PSNR: 30.129671096801758 sigma_y: 0.1 tau: 0.041577993585724116
M_diag tensor([1.8846, 0.1621, 4.8448, 0.1581, 3.8290, 0.8089, 0.1779, 0.5758, 0.4084,
        0.7643], device='cuda:0')
epoch 100 PSNR: 30.1488094329834 sigma_y: 0.1 tau: 0.041577993585724116
main_sampling.py:521: UserWarning: To copy construct from a tensor, it is recommended to use sourceTensor.clone().detach() or sourceTensor.clone().detach().requires_grad_(True), rather than torch.tensor(sourceTensor).
  LPIPS = loss_fn_vgg(2*orig-1.0, 2*torch.tensor(x[j]).to(torch.float32).cuda()-1.0)[0,0,0,0]
PSNR:30.0480 (0.0620), SSIM:0.81010 (0.00201), LPIPS:0.22741 (0.00245):   0%|          | 0/100 [17:29<?, ?it/s]PSNR:30.0480 (0.0620), SSIM:0.81010 (0.00201), LPIPS:0.22741 (0.00245):   1%|          | 1/100 [17:29<28:52:29, 1050.00s/it]M_diag tensor([0.7853, 6.7275, 3.0143, 0.2301, 0.2777, 0.4145, 0.1916, 1.1413, 1.0981,
        0.8572], device='cuda:0')
epoch 1 PSNR: 16.669384002685547 sigma_y: 1.7000000000000002 tau: 1.0
M_diag tensor([0.3376, 0.7688, 0.1608, 6.3978, 0.4555, 5.5870, 6.2063, 0.1481, 2.0059,
        2.1147], device='cuda:0')
epoch 2 PSNR: 19.633716583251953 sigma_y: 1.6471111111111112 tau: 1.0
M_diag tensor([5.6945, 2.7481, 0.5507, 0.1594, 0.1973, 0.1429, 0.5131, 0.3112, 2.3083,
        1.6208], device='cuda:0')
epoch 3 PSNR: 19.187759399414062 sigma_y: 1.5951111111111111 tau: 1.0
M_diag tensor([0.2483, 0.1811, 2.0571, 6.4062, 0.8155, 4.0142, 3.2484, 0.7173, 5.5392,
        4.4379], device='cuda:0')
epoch 4 PSNR: 21.747116088867188 sigma_y: 1.544 tau: 1.0
M_diag tensor([7.1531, 1.9771, 0.4575, 0.2008, 0.4300, 0.2087, 1.1484, 3.1664, 0.6483,
        0.3543], device='cuda:0')
epoch 5 PSNR: 22.243288040161133 sigma_y: 1.493777777777778 tau: 1.0
M_diag tensor([0.2029, 0.2188, 1.2395, 6.3507, 1.1569, 3.7741, 3.1369, 0.6800, 0.4878,
        0.6575], device='cuda:0')
epoch 6 PSNR: 22.75469207763672 sigma_y: 1.4444444444444444 tau: 1.0
M_diag tensor([6.5651, 1.1921, 0.5686, 0.9527, 0.8647, 0.5571, 1.6111, 5.8411, 0.4455,
        2.0027], device='cuda:0')
epoch 7 PSNR: 23.3964900970459 sigma_y: 1.3960000000000004 tau: 1.0
M_diag tensor([0.2488, 0.6199, 0.7957, 1.0198, 0.7880, 1.9045, 1.5365, 0.2933, 0.7540,
        0.2071], device='cuda:0')
epoch 8 PSNR: 23.36379051208496 sigma_y: 1.3484444444444446 tau: 1.0
M_diag tensor([1.1930, 1.3799, 4.6947, 0.9361, 5.2307, 0.6310, 1.4941, 6.0054, 5.1560,
        2.4423], device='cuda:0')
epoch 9 PSNR: 23.675195693969727 sigma_y: 1.3017777777777781 tau: 1.0
M_diag tensor([1.2026, 1.4349, 0.1838, 2.7559, 0.1716, 0.4771, 0.1708, 0.5305, 1.7524,
        0.6155], device='cuda:0')
epoch 10 PSNR: 23.79151153564453 sigma_y: 1.256 tau: 0.95
M_diag tensor([2.9047, 0.5231, 7.1974, 0.9150, 6.0020, 1.1279, 1.0652, 1.3115, 0.4834,
        1.7244], device='cuda:0')
epoch 11 PSNR: 24.089797973632812 sigma_y: 1.2111111111111115 tau: 0.95
M_diag tensor([0.8768, 4.5472, 0.1793, 0.6814, 0.1430, 0.3541, 1.0571, 0.9865, 0.3910,
        2.8163], device='cuda:0')
epoch 12 PSNR: 24.06751823425293 sigma_y: 1.1671111111111112 tau: 0.95
M_diag tensor([2.0836, 0.6431, 6.5105, 2.0006, 4.0440, 6.8200, 0.1861, 0.1742, 5.1027,
        0.1824], device='cuda:0')
epoch 13 PSNR: 24.182947158813477 sigma_y: 1.1240000000000003 tau: 0.95
M_diag tensor([1.2717, 0.8799, 1.9670, 0.7773, 0.3418, 0.2106, 0.4618, 0.7685, 0.2334,
        2.3851], device='cuda:0')
epoch 14 PSNR: 24.126890182495117 sigma_y: 1.081777777777778 tau: 0.95
M_diag tensor([1.2240, 0.1398, 0.6936, 0.4607, 4.5583, 7.1575, 0.2963, 4.8287, 6.0970,
        0.5740], device='cuda:0')
epoch 15 PSNR: 24.138729095458984 sigma_y: 1.0404444444444445 tau: 0.95
M_diag tensor([0.4317, 2.5016, 1.5004, 0.2102, 0.3369, 0.5012, 0.2675, 0.7889, 0.1437,
        4.9069], device='cuda:0')
epoch 16 PSNR: 24.54366683959961 sigma_y: 1.0 tau: 0.95
M_diag tensor([2.1073, 1.8862, 2.2294, 0.7321, 1.0573, 3.0421, 0.7030, 1.9312, 4.8913,
        2.3119], device='cuda:0')
epoch 17 PSNR: 24.5128231048584 sigma_y: 0.9604444444444447 tau: 0.95
M_diag tensor([4.3828, 0.5584, 0.9582, 0.2060, 2.5128, 0.2364, 2.3583, 0.3522, 0.2152,
        0.4216], device='cuda:0')
epoch 18 PSNR: 24.617645263671875 sigma_y: 0.9217777777777778 tau: 0.8573749999999999
M_diag tensor([1.2440, 3.6055, 0.7227, 0.9655, 0.1369, 3.2280, 0.4442, 1.5368, 5.0684,
        1.6799], device='cuda:0')
epoch 19 PSNR: 24.798099517822266 sigma_y: 0.8839999999999999 tau: 0.8573749999999999
M_diag tensor([0.5979, 0.3728, 1.2832, 1.2004, 3.4152, 0.8611, 0.5173, 3.3145, 0.2704,
        0.7976], device='cuda:0')
epoch 20 PSNR: 24.8480224609375 sigma_y: 0.8471111111111111 tau: 0.8573749999999999
M_diag tensor([0.3828, 1.3954, 0.3898, 3.0130, 0.1440, 0.7837, 0.3719, 0.2226, 5.5321,
        0.3455], device='cuda:0')
epoch 21 PSNR: 25.086956024169922 sigma_y: 0.8111111111111112 tau: 0.8573749999999999
M_diag tensor([0.8925, 2.6355, 3.9240, 1.5511, 5.7925, 1.0088, 0.4550, 6.7438, 0.1673,
        0.6312], device='cuda:0')
epoch 22 PSNR: 25.174694061279297 sigma_y: 0.7760000000000001 tau: 0.8573749999999999
M_diag tensor([0.1579, 0.4828, 0.9477, 1.1825, 0.5033, 0.6580, 0.8840, 0.1558, 2.2746,
        1.3887], device='cuda:0')
epoch 23 PSNR: 25.471702575683594 sigma_y: 0.7417777777777778 tau: 0.8573749999999999
M_diag tensor([3.6799, 2.8948, 2.0107, 0.9683, 1.4507, 2.9208, 1.1946, 5.1969, 1.1815,
        0.2046], device='cuda:0')
epoch 24 PSNR: 25.394580841064453 sigma_y: 0.7084444444444445 tau: 0.8573749999999999
M_diag tensor([1.5430, 0.3731, 0.5055, 0.5040, 0.7834, 0.1507, 3.5249, 0.1971, 1.8739,
        4.4918], device='cuda:0')
epoch 25 PSNR: 25.30237579345703 sigma_y: 0.6759999999999999 tau: 0.8145062499999999
M_diag tensor([2.1501, 0.5565, 2.4153, 4.0616, 0.2794, 3.3581, 0.3023, 3.9509, 3.5897,
        1.5390], device='cuda:0')
epoch 26 PSNR: 25.494356155395508 sigma_y: 0.6444444444444443 tau: 0.7737809374999999
M_diag tensor([2.9881, 0.1899, 0.6043, 0.1398, 5.2425, 0.4431, 2.9764, 0.5358, 0.4437,
        1.2027], device='cuda:0')
epoch 27 PSNR: 25.53771209716797 sigma_y: 0.6137777777777778 tau: 0.6983372960937497
M_diag tensor([0.9918, 5.4030, 0.6848, 7.0751, 0.3790, 0.3278, 0.1833, 2.4490, 3.5657,
        1.4891], device='cuda:0')
epoch 28 PSNR: 25.763490676879883 sigma_y: 0.5840000000000001 tau: 0.6634204312890623
M_diag tensor([2.9207, 0.5170, 0.4702, 0.2223, 0.3339, 3.3893, 2.2799, 0.2834, 0.9762,
        0.1606], device='cuda:0')
epoch 29 PSNR: 25.709537506103516 sigma_y: 0.5551111111111111 tau: 0.6302494097246091
M_diag tensor([0.1772, 0.3737, 0.3612, 7.3314, 0.9670, 0.4205, 0.2459, 0.4165, 1.3931,
        4.1153], device='cuda:0')
epoch 30 PSNR: 25.77559471130371 sigma_y: 0.527111111111111 tau: 0.6302494097246091
M_diag tensor([7.1364, 0.5222, 0.3599, 0.5756, 0.1511, 1.4090, 5.0612, 3.1477, 0.8708,
        0.2429], device='cuda:0')
epoch 31 PSNR: 26.01088523864746 sigma_y: 0.5 tau: 0.5403600876626365
M_diag tensor([0.7965, 0.9584, 3.0776, 1.3035, 5.5129, 1.6147, 0.1397, 0.1917, 1.1184,
        1.6607], device='cuda:0')
epoch 32 PSNR: 26.029958724975586 sigma_y: 0.47377777777777774 tau: 0.5133420832795047
M_diag tensor([0.2732, 0.1599, 2.1781, 0.4290, 0.4742, 0.3910, 1.6827, 0.9364, 1.8819,
        3.2793], device='cuda:0')
epoch 33 PSNR: 26.24028778076172 sigma_y: 0.44844444444444453 tau: 0.46329123015975293
M_diag tensor([2.9258, 0.8734, 3.9248, 2.2788, 0.6230, 4.0545, 0.1565, 0.8816, 2.8818,
        1.1578], device='cuda:0')
epoch 34 PSNR: 26.116233825683594 sigma_y: 0.42399999999999993 tau: 0.46329123015975293
M_diag tensor([0.7348, 0.5113, 0.5211, 0.4745, 0.2526, 1.1293, 1.2620, 1.1284, 0.6572,
        2.6982], device='cuda:0')
epoch 35 PSNR: 26.24628257751465 sigma_y: 0.4004444444444445 tau: 0.46329123015975293
M_diag tensor([5.9736, 2.7159, 0.2794, 0.2442, 5.7217, 6.0292, 0.7895, 0.6693, 3.0888,
        0.2658], device='cuda:0')
epoch 36 PSNR: 26.560277938842773 sigma_y: 0.37777777777777777 tau: 0.44012666865176525
M_diag tensor([0.2812, 0.8356, 2.1011, 0.6793, 0.1392, 0.1985, 2.0724, 5.0282, 1.0962,
        2.9339], device='cuda:0')
epoch 37 PSNR: 26.75398826599121 sigma_y: 0.3560000000000001 tau: 0.41812033521917696
M_diag tensor([6.2920, 6.8812, 4.0209, 4.5734, 1.1761, 1.2769, 0.7754, 0.1619, 0.5775,
        0.1730], device='cuda:0')
epoch 38 PSNR: 26.83578109741211 sigma_y: 0.33511111111111114 tau: 0.41812033521917696
M_diag tensor([0.4034, 0.3438, 1.2651, 0.4176, 0.8544, 4.9135, 3.8681, 0.3795, 3.5173,
        1.0444], device='cuda:0')
epoch 39 PSNR: 26.641664505004883 sigma_y: 0.3151111111111112 tau: 0.3972143184582181
M_diag tensor([4.0609, 0.7338, 1.1284, 4.9122, 2.9910, 0.5620, 0.3172, 0.4826, 1.3750,
        2.5712], device='cuda:0')
epoch 40 PSNR: 26.729049682617188 sigma_y: 0.296 tau: 0.37735360253530714
M_diag tensor([1.0784, 4.3675, 1.2104, 0.2988, 1.9828, 1.0699, 0.5184, 5.3407, 0.3382,
        0.1950], device='cuda:0')
epoch 41 PSNR: 26.899137496948242 sigma_y: 0.2777777777777778 tau: 0.3235335449737089
M_diag tensor([0.9816, 0.3903, 0.2472, 5.6393, 0.3256, 0.1500, 5.9289, 0.6274, 1.6649,
        2.5075], device='cuda:0')
epoch 42 PSNR: 26.911287307739258 sigma_y: 0.2604444444444445 tau: 0.3235335449737089
M_diag tensor([0.2796, 1.8170, 3.6537, 2.4612, 0.8007, 6.9024, 1.8198, 2.5835, 2.0451,
        1.1822], device='cuda:0')
epoch 43 PSNR: 27.00762939453125 sigma_y: 0.24400000000000005 tau: 0.30735686772502346
M_diag tensor([2.7113, 0.7969, 0.3580, 0.2146, 1.0288, 0.3243, 3.3396, 0.8834, 4.2533,
        1.8048], device='cuda:0')
epoch 44 PSNR: 26.968603134155273 sigma_y: 0.22844444444444445 tau: 0.27738957312183365
M_diag tensor([0.2960, 2.1817, 0.6325, 1.3259, 0.4092, 1.7472, 0.4248, 0.2384, 0.1926,
        0.1375], device='cuda:0')
epoch 45 PSNR: 27.098636627197266 sigma_y: 0.21377777777777784 tau: 0.25034408974245487
M_diag tensor([0.4558, 0.5249, 4.5234, 0.9942, 3.4830, 0.2236, 1.9786, 1.4913, 0.6316,
        0.1930], device='cuda:0')
epoch 46 PSNR: 27.171648025512695 sigma_y: 0.2 tau: 0.25034408974245487
M_diag tensor([0.8520, 2.2764, 0.1486, 0.2893, 1.0322, 0.7337, 2.0578, 0.6475, 0.2711,
        6.5188], device='cuda:0')
epoch 47 PSNR: 27.195362091064453 sigma_y: 0.1871111111111111 tau: 0.2259355409925655
M_diag tensor([0.9942, 2.1741, 6.2594, 1.8928, 2.2499, 2.8397, 2.4936, 3.0569, 2.1389,
        0.4616], device='cuda:0')
epoch 48 PSNR: 27.32973289489746 sigma_y: 0.17511111111111113 tau: 0.2259355409925655
M_diag tensor([1.0379, 1.3658, 0.3583, 0.1951, 1.7851, 0.9266, 0.1708, 1.1165, 1.4797,
        0.6743], device='cuda:0')
epoch 49 PSNR: 27.42131233215332 sigma_y: 0.16399999999999998 tau: 0.2146387639429372
M_diag tensor([1.4432, 1.4451, 0.2443, 6.6512, 2.3271, 0.2607, 0.8325, 0.1735, 4.6550,
        2.6254], device='cuda:0')
epoch 50 PSNR: 27.484535217285156 sigma_y: 0.1537777777777778 tau: 0.1937114844585008
M_diag tensor([3.9914, 3.3154, 0.9422, 0.5823, 0.3458, 0.7198, 2.7861, 4.9971, 0.6035,
        0.1681], device='cuda:0')
epoch 51 PSNR: 27.50311851501465 sigma_y: 0.14444444444444443 tau: 0.16608338398760714
M_diag tensor([0.5158, 0.3108, 0.6475, 0.9368, 5.9700, 0.7383, 1.5495, 0.5774, 0.2565,
        7.0055], device='cuda:0')
epoch 52 PSNR: 27.670425415039062 sigma_y: 0.136 tau: 0.14989025404881542
M_diag tensor([1.0347, 0.1521, 1.2319, 0.6579, 1.3348, 0.3546, 0.9654, 1.4039, 0.6205,
        0.2738], device='cuda:0')
epoch 53 PSNR: 27.667951583862305 sigma_y: 0.12844444444444444 tau: 0.14989025404881542
M_diag tensor([3.1317, 6.5316, 0.8754, 2.0001, 3.3429, 6.0439, 3.1100, 0.1672, 5.6549,
        1.9343], device='cuda:0')
epoch 54 PSNR: 27.72464942932129 sigma_y: 0.12177777777777779 tau: 0.14989025404881542
M_diag tensor([0.1493, 0.2388, 1.1188, 0.8421, 0.2559, 0.6497, 0.2934, 4.8857, 0.8009,
        0.5832], device='cuda:0')
epoch 55 PSNR: 27.7939453125 sigma_y: 0.11599999999999999 tau: 0.14239574134637464
M_diag tensor([3.3691, 5.1831, 0.8406, 0.4101, 3.1700, 0.1375, 2.4209, 0.4083, 1.1746,
        3.5874], device='cuda:0')
epoch 56 PSNR: 27.760622024536133 sigma_y: 0.11111111111111113 tau: 0.14239574134637464
M_diag tensor([0.1909, 0.1745, 0.3997, 0.5702, 0.9504, 6.0932, 0.8739, 4.0690, 0.4080,
        0.2039], device='cuda:0')
epoch 57 PSNR: 27.824438095092773 sigma_y: 0.10711111111111112 tau: 0.12208654873684793
M_diag tensor([0.4197, 3.5579, 1.8917, 1.3770, 0.2051, 0.3235, 0.1580, 2.7349, 1.8622,
        3.0535], device='cuda:0')
epoch 58 PSNR: 27.89875030517578 sigma_y: 0.10400000000000001 tau: 0.12208654873684793
M_diag tensor([1.3912, 0.1442, 0.3655, 0.1543, 3.1604, 1.6547, 6.6265, 0.1764, 0.9279,
        0.6147], device='cuda:0')
epoch 59 PSNR: 27.784149169921875 sigma_y: 0.10177777777777779 tau: 0.12208654873684793
M_diag tensor([1.5820, 6.3759, 2.6110, 6.0319, 0.1421, 2.0378, 0.1414, 3.1013, 4.5907,
        0.2052], device='cuda:0')
epoch 60 PSNR: 27.87137794494629 sigma_y: 0.10044444444444445 tau: 0.12208654873684793
PSNR:30.0480 (0.0620), SSIM:0.81010 (0.00201), LPIPS:0.22741 (0.00245):   1%|          | 1/100 [29:17<48:19:47, 1757.45s/it]
Traceback (most recent call last):
  File "main_sampling.py", line 1045, in <module>
    sample_image(opt=opt, config=config, model_config=model_config, device=device)
  File "main_sampling.py", line 483, in sample_image
    xt = hmc(x, n, b, seq, seq_next, algo, opt, y_0, H_funcs, x_orig)
  File "main_sampling.py", line 833, in hmc
    xt = iterative_sampling(x_proposal, n, b, seq, seq_next, algo, opt, y_0, tqdm_disable=True).clip(-1, 1)
  File "main_sampling.py", line 907, in iterative_sampling
    t = (torch.ones(n) * i).to(xt.device)
  File "/root/miniconda3/envs/NHMC/lib/python3.8/site-packages/torch/utils/data/_utils/signal_handling.py", line 67, in handler
    _error_if_any_worker_fails()
RuntimeError: DataLoader worker (pid 229906) is killed by signal: Terminated. 
