nohup: 忽略输入
Dataset has size 100
Start from 0
  0%|          | 0/100 [00:00<?, ?it/s]Setting up [LPIPS] perceptual loss: trunk [vgg], v[0.1], spatial [off]
Loading model from: /root/.local/lib/python3.8/site-packages/lpips/weights/v0.1/vgg.pth
Annealed sigma_y: 1.6
epoch 0 PSNR: 15.02286148071289
Annealed sigma_y: 1.2800000000000002
epoch 1 PSNR: 18.6912841796875
Annealed sigma_y: 1.0240000000000002
epoch 3 PSNR: 19.82149314880371
Annealed sigma_y: 0.8192000000000003
epoch 4 PSNR: 21.392614364624023
Annealed sigma_y: 0.6553600000000003
epoch 5 PSNR: 22.386207580566406
Annealed sigma_y: 0.5242880000000002
epoch 6 PSNR: 24.12889289855957
Annealed sigma_y: 0.4194304000000002
epoch 7 PSNR: 25.214160919189453
Annealed sigma_y: 0.3355443200000002
epoch 8 PSNR: 25.8807373046875
Annealed sigma_y: 0.2684354560000001
epoch 9 PSNR: 27.016395568847656
Annealed sigma_y: 0.21474836480000012
epoch 10 PSNR: 27.92609405517578
Annealed sigma_y: 0.1717986918400001
epoch 11 PSNR: 28.502243041992188
Annealed sigma_y: 0.13743895347200008
epoch 12 PSNR: 29.439373016357422
Rejected too many times, annealing tau: 0.8
Rejected too many times, annealing tau: 0.6400000000000001
Annealed sigma_y: 0.10995116277760007
epoch 19 PSNR: 29.79587745666504
Rejected too many times, annealing tau: 0.5120000000000001
58.66710342157768
epoch 23 PSNR: 30.152442932128906
47.474686648610756
epoch 24 PSNR: 30.20655059814453
39.313797642792004
epoch 25 PSNR: 30.364643096923828
34.116188750599164
epoch 26 PSNR: 30.373825073242188
26.42489699509053
epoch 29 PSNR: 30.430370330810547
18.67130980796342
epoch 30 PSNR: 30.239364624023438
15.166713996547653
Annealed sigma_y: 0.09895604649984006
epoch 32 PSNR: 30.3873233795166
10.617828041074805
epoch 33 PSNR: 30.34480857849121
8.448780156668912
epoch 36 PSNR: 30.504409790039062
5.949274202156052
epoch 37 PSNR: 30.203763961791992
Rejected too many times, annealing tau: 0.40960000000000013
5.525157030530304
epoch 43 PSNR: 30.603988647460938
4.0637058762297285
epoch 44 PSNR: 30.394359588623047
3.814382675973227
epoch 47 PSNR: 30.42706298828125
2.6250258070586896
epoch 48 PSNR: 30.472471237182617
3.177116911344835
epoch 49 PSNR: 30.52832794189453
2.3045979250860604
epoch 50 PSNR: 30.378103256225586
1.7238007827223956
Annealed sigma_y: 0.08906044184985606
epoch 51 PSNR: 30.393367767333984
1.9543277833355521
epoch 52 PSNR: 30.506345748901367
2.1614706351041457
epoch 54 PSNR: 30.661571502685547
Rejected too many times, annealing tau: 0.32768000000000014
2.0888597754092797
epoch 58 PSNR: 30.644725799560547
2.359756399347457
epoch 60 PSNR: 30.474607467651367
2.4569189206327002
epoch 62 PSNR: 30.74283790588379
2.8653137297964704
epoch 63 PSNR: 30.470977783203125
3.1797500388810462
epoch 64 PSNR: 30.65430450439453
3.0877351140472187
epoch 65 PSNR: 30.480134963989258
3.039277570764176
epoch 66 PSNR: 30.404253005981445
1.349004087022665
Annealed sigma_y: 0.08015439766487047
epoch 67 PSNR: 30.267906188964844
1.5810556062088588
epoch 68 PSNR: 30.321386337280273
1.1071228493900631
epoch 69 PSNR: 30.57378387451172
Rejected too many times, annealing tau: 0.2621440000000001
0.9527727254505347
epoch 73 PSNR: 30.630382537841797
1.0675246438198727
epoch 74 PSNR: 30.68011474609375
1.1198215266491562
epoch 77 PSNR: 30.232601165771484
0.7645855854389927
epoch 78 PSNR: 30.38618278503418
0.594903254664414
epoch 79 PSNR: 30.394994735717773
0.9992250171179662
epoch 80 PSNR: 30.037080764770508
1.8431735142775074
epoch 81 PSNR: 30.02749252319336
1.0449265375418682
Annealed sigma_y: 0.07213895789838343
epoch 82 PSNR: 30.078737258911133
1.3946154504922204
epoch 83 PSNR: 30.10357093811035
1.6750165094130742
epoch 84 PSNR: 30.16586685180664
1.7406540353456679
epoch 85 PSNR: 30.055105209350586
1.94172069296209
epoch 86 PSNR: 30.331356048583984
2.3033608897179314
epoch 88 PSNR: 30.223997116088867
2.5382392554013755
epoch 89 PSNR: 30.005374908447266
2.1231310309033358
epoch 90 PSNR: 29.891769409179688
1.8568791663052364
epoch 92 PSNR: 29.940187454223633
2.197506829427398
epoch 93 PSNR: 29.890911102294922
2.101921852179389
Annealed sigma_y: 0.06492506210854508
epoch 96 PSNR: 29.697330474853516
2.2735453652462656
epoch 99 PSNR: 29.675186157226562
2.2121684600698965
epoch 100 PSNR: 29.491413116455078
2.1210903905572787
epoch 101 PSNR: 29.26921844482422
2.354759354298963
epoch 102 PSNR: 29.062692642211914
2.405958480991599
epoch 104 PSNR: 28.965425491333008
2.6336708050272772
epoch 105 PSNR: 29.17495346069336
2.9828645943911547
epoch 106 PSNR: 29.13943862915039
3.168048558883829
epoch 107 PSNR: 28.88275146484375
2.984436029943449
epoch 109 PSNR: 28.79300308227539
2.7836944240845263
Annealed sigma_y: 0.05843255589769057
epoch 110 PSNR: 28.398141860961914
2.794459875384736
epoch 111 PSNR: 28.570091247558594
3.1905727067513157
epoch 113 PSNR: 27.98954963684082
3.247012445769726
epoch 114 PSNR: 28.100326538085938
Rejected too many times, annealing tau: 0.2097152000000001
3.485257391313612
epoch 118 PSNR: 27.831912994384766
3.626673768577926
epoch 119 PSNR: 27.814067840576172
3.6033707405830895
epoch 120 PSNR: 27.483617782592773
3.8290457345831697
epoch 121 PSNR: 27.42766571044922
4.432700331583172
epoch 122 PSNR: 27.176206588745117
4.612903410602021
epoch 123 PSNR: 27.030521392822266
4.534876032620694
Annealed sigma_y: 0.05258930030792151
epoch 124 PSNR: 26.906478881835938
4.863581449535392
epoch 126 PSNR: 26.40688705444336
5.125421260842833
epoch 127 PSNR: 26.206790924072266
5.501695062426027
epoch 128 PSNR: 25.933027267456055
6.029007720607005
epoch 129 PSNR: 25.632360458374023
6.6652241211673235
epoch 130 PSNR: 25.436840057373047
7.301503797857012
epoch 132 PSNR: 25.110675811767578
7.657533298756237
epoch 133 PSNR: 24.837398529052734
8.42451239414178
epoch 134 PSNR: 24.490859985351562
8.881924223794258
epoch 135 PSNR: 24.327407836914062
9.112607060636291
Annealed sigma_y: 0.047330370277129365
epoch 137 PSNR: 24.01059341430664
10.416835223585085
epoch 138 PSNR: 23.62323570251465
11.5200677653559
epoch 139 PSNR: 23.442039489746094
12.466192689988931
epoch 140 PSNR: 23.08588218688965
Rejected too many times, annealing tau: 0.1677721600000001
12.78301505382775
epoch 144 PSNR: 22.95644760131836
13.138847666102926
epoch 145 PSNR: 22.674480438232422
13.53504700980782
epoch 146 PSNR: 22.585954666137695
14.027068311673197
epoch 147 PSNR: 22.375293731689453
14.764042426041824
epoch 148 PSNR: 22.00066566467285
14.950909051749338
epoch 149 PSNR: 21.966964721679688
14.170796916343164
Annealed sigma_y: 0.042597333249416426
epoch 150 PSNR: 21.692731857299805
14.761370521294703
epoch 152 PSNR: 21.54294204711914
15.45803762538861
epoch 154 PSNR: 21.257469177246094
16.54732545015524
epoch 155 PSNR: 21.097314834594727
17.323448670564566
epoch 156 PSNR: 20.836570739746094
18.554048905156684
epoch 157 PSNR: 20.664409637451172
19.75635322469418
epoch 158 PSNR: 20.503963470458984
20.942660222791332
epoch 159 PSNR: 20.322463989257812
22.275169562530838
epoch 161 PSNR: 20.115930557250977
23.30813006105268
epoch 162 PSNR: 20.0277099609375
23.711764773105383
Annealed sigma_y: 0.03833759992447478
epoch 163 PSNR: 19.767995834350586
25.023360247549675
epoch 166 PSNR: 19.65329933166504
26.518469690540503
epoch 168 PSNR: 19.408531188964844
28.1735553365412
epoch 169 PSNR: 19.221481323242188
29.61791386331538
epoch 170 PSNR: 19.06886863708496
30.475558075031227
epoch 171 PSNR: 18.92730712890625
31.18635173682771
epoch 173 PSNR: 18.867494583129883
32.290623277826604
epoch 174 PSNR: 18.749300003051758
33.24514523056268
epoch 175 PSNR: 18.71193504333496
33.55075465044395
epoch 176 PSNR: 18.622953414916992
33.04880204070888
Annealed sigma_y: 0.034503839932027304
epoch 177 PSNR: 18.53752326965332
33.978675618687035
epoch 179 PSNR: 18.437599182128906
34.405983661718764
epoch 180 PSNR: 18.291112899780273
35.29364214279758
epoch 182 PSNR: 18.162952423095703
35.42361171248465
epoch 184 PSNR: 18.112348556518555
36.02716240100269
epoch 185 PSNR: 18.0339412689209
35.95079606578879
epoch 187 PSNR: 18.03615379333496
36.204135192578335
epoch 188 PSNR: 17.949108123779297
36.187553977228006
epoch 189 PSNR: 17.859888076782227
36.58558951052685
epoch 190 PSNR: 17.819679260253906
34.94264721616762
Annealed sigma_y: 0.031053455938824574
epoch 191 PSNR: 17.751567840576172
35.85149593866516
epoch 193 PSNR: 17.715293884277344
Rejected too many times, annealing tau: 0.13421772800000006
33.78959508580215
epoch 197 PSNR: 17.668821334838867
32.44754259329321
epoch 198 PSNR: 17.628223419189453
Rejected too many times, annealing tau: 0.10737418240000006
30.070295254932567
epoch 202 PSNR: 17.635780334472656
28.06001883067871
epoch 203 PSNR: 17.607913970947266
25.662365932081734
epoch 205 PSNR: 17.579483032226562
24.333509338671988
epoch 206 PSNR: 17.56443214416504
22.624586095998268
epoch 207 PSNR: 17.541677474975586
21.05569438371947
epoch 209 PSNR: 17.49740219116211
16.45666099358245
Annealed sigma_y: 0.027948110344942118
epoch 210 PSNR: 17.52985382080078
16.143526680891906
epoch 212 PSNR: 17.531551361083984
16.539866076671938
epoch 213 PSNR: 17.57767105102539
17.105327281974468
epoch 214 PSNR: 17.552120208740234
17.92517256722821
epoch 215 PSNR: 17.5196475982666
18.216565343503877
epoch 216 PSNR: 17.528453826904297
18.18340457516895
epoch 217 PSNR: 17.49480628967285
Rejected too many times, annealing tau: 0.08589934592000005
18.258196438533858
epoch 221 PSNR: 17.452367782592773
18.447536727602674
epoch 222 PSNR: 17.449275970458984
18.257553609347955
epoch 223 PSNR: 17.44289207458496
16.41199589354141
Annealed sigma_y: 0.025153299310447907
epoch 224 PSNR: 17.43124771118164
15.516043469242524
epoch 225 PSNR: 17.42828369140625
15.728167817633231
epoch 226 PSNR: 17.40968894958496
14.882901043929376
epoch 227 PSNR: 17.380788803100586
14.87250579145709
epoch 228 PSNR: 17.337871551513672
15.375603086833067
epoch 229 PSNR: 17.357358932495117
15.06409956880681
epoch 230 PSNR: 17.370349884033203
14.859695704663068
epoch 231 PSNR: 17.343647003173828
15.275949239395848
epoch 232 PSNR: 17.35991668701172
16.396277616820765
epoch 233 PSNR: 17.35320472717285
14.592189974962954
Annealed sigma_y: 0.022637969379403117
epoch 234 PSNR: 17.30620574951172
15.046448511466226
epoch 236 PSNR: 17.280271530151367
15.887040456928325
epoch 238 PSNR: 17.252832412719727
16.320124766229828
epoch 239 PSNR: 17.280502319335938
16.012834588184155
epoch 240 PSNR: 17.234298706054688
15.428686628339083
epoch 241 PSNR: 17.27513885498047
15.665687642550186
epoch 242 PSNR: 17.229394912719727
15.543492474726328
epoch 243 PSNR: 17.214719772338867
15.07691590861845
epoch 246 PSNR: 17.18753433227539
16.292288513497855
epoch 247 PSNR: 17.18187141418457
15.165312524890417
Annealed sigma_y: 0.020374172441462807
epoch 249 PSNR: 17.179292678833008
15.684441711909402
epoch 250 PSNR: 17.155975341796875
16.467243667919128
epoch 251 PSNR: 17.172565460205078
16.787471869535032
epoch 252 PSNR: 17.164583206176758
18.039876311919578
epoch 253 PSNR: 17.181304931640625
19.243504861293616
epoch 255 PSNR: 17.1583194732666
19.623656123485567
epoch 256 PSNR: 17.150156021118164
20.647834934649556
epoch 257 PSNR: 17.15570831298828
19.925833769300482
epoch 258 PSNR: 17.11394500732422
19.190757082472164
epoch 260 PSNR: 17.121402740478516
17.11615016433823
Annealed sigma_y: 0.018336755197316527
epoch 261 PSNR: 17.11625099182129
18.655007336707218
epoch 263 PSNR: 17.0982666015625
19.69777436482618
epoch 264 PSNR: 17.081680297851562
19.910343467288673
epoch 265 PSNR: 17.04861831665039
19.510798588570267
epoch 266 PSNR: 17.035486221313477
19.930311512913423
epoch 267 PSNR: 17.024883270263672
18.900520740764705
epoch 268 PSNR: 17.033611297607422
19.460359998014077
epoch 269 PSNR: 17.03211212158203
20.048249162335463
epoch 271 PSNR: 17.01143455505371
21.29468432737046
epoch 273 PSNR: 16.996728897094727
18.649495990014042
Annealed sigma_y: 0.016503079677584874
epoch 274 PSNR: 16.984695434570312
19.576965270800763
epoch 275 PSNR: 16.981542587280273
19.210234267079585
epoch 276 PSNR: 16.96529769897461
19.201847572629216
epoch 277 PSNR: 16.952621459960938
20.32631689354024
epoch 278 PSNR: 16.9594783782959
20.59967796565012
epoch 279 PSNR: 16.948108673095703
19.85328693168339
epoch 280 PSNR: 16.931745529174805
Rejected too many times, annealing tau: 0.06871947673600004
19.146653216293117
epoch 284 PSNR: 16.93899917602539
18.01172708504272
epoch 285 PSNR: 16.942440032958984
17.718176182971167
epoch 287 PSNR: 16.940208435058594
13.96287730232264
Annealed sigma_y: 0.014852771709826388
epoch 290 PSNR: 16.950313568115234
14.05997316127554
epoch 291 PSNR: 16.94155502319336
13.112947532917795
epoch 293 PSNR: 16.943065643310547
12.200972331269522
epoch 295 PSNR: 16.952112197875977
11.930340185687239
epoch 296 PSNR: 16.973670959472656
13.1270554004694
epoch 298 PSNR: 16.93815040588379
13.368586282210638
epoch 299 PSNR: 16.942909240722656
13.545692802711473
epoch 302 PSNR: 16.95319938659668
Rejected too many times, annealing tau: 0.054975581388800036
12.4991004931708
epoch 306 PSNR: 16.958423614501953
12.280791135536296
epoch 309 PSNR: 16.9495849609375
10.782415878345086
Annealed sigma_y: 0.01336749453884375
epoch 310 PSNR: 16.937715530395508
11.870118825792076
epoch 312 PSNR: 16.935626983642578
11.238222007642173
epoch 313 PSNR: 16.929492950439453
11.376668183515381
epoch 314 PSNR: 16.91302490234375
10.59202064707334
epoch 316 PSNR: 16.91659927368164
Rejected too many times, annealing tau: 0.043980465111040035
10.744934579950293
epoch 321 PSNR: 16.909893035888672
10.893056290447312
epoch 322 PSNR: 16.914833068847656
11.454389063537885
epoch 323 PSNR: 16.901403427124023
12.054407806597101
epoch 324 PSNR: 16.897737503051758
12.144720738068049
epoch 325 PSNR: 16.894208908081055
10.12857892052683
Annealed sigma_y: 0.012030745084959375
epoch 326 PSNR: 16.895387649536133
10.201880623265536
epoch 327 PSNR: 16.904010772705078
10.460510672700297
epoch 328 PSNR: 16.891796112060547
11.174293083152154
epoch 329 PSNR: 16.900558471679688
11.435586821023957
epoch 330 PSNR: 16.89027976989746
11.284819564160353
epoch 331 PSNR: 16.893699645996094
11.231883807462772
epoch 333 PSNR: 16.886804580688477
11.690794407464466
epoch 334 PSNR: 16.890775680541992
11.827367687474144
epoch 335 PSNR: 16.886987686157227
12.296392894341313
epoch 336 PSNR: 16.892078399658203
11.457389080786983
Annealed sigma_y: 0.010827670576463439
epoch 337 PSNR: 16.886045455932617
11.925775117950788
epoch 338 PSNR: 16.88382911682129
11.826068036631888
epoch 340 PSNR: 16.876819610595703
12.198766895674417
epoch 341 PSNR: 16.887920379638672
12.855518973583491
epoch 342 PSNR: 16.874170303344727
13.314679437633659
epoch 343 PSNR: 16.8876895904541
13.1342019634893
epoch 344 PSNR: 16.86412239074707
12.907503461247028
epoch 346 PSNR: 16.85526466369629
13.418947339764841
epoch 347 PSNR: 16.879962921142578
13.045511750825668
epoch 349 PSNR: 16.871004104614258
Rejected too many times, annealing tau: 0.03518437208883203
11.684572327332376
Annealed sigma_y: 0.009744903518817094
epoch 355 PSNR: 16.87588119506836
11.400329398016495
epoch 356 PSNR: 16.86475372314453
Rejected too many times, annealing tau: 0.028147497671065627
10.670128276677382
epoch 360 PSNR: 16.864219665527344
9.795908570407274
epoch 361 PSNR: 16.8620662689209
9.428517025225469
epoch 362 PSNR: 16.865755081176758
8.884648508156957
epoch 363 PSNR: 16.853912353515625
8.947956656031774
epoch 364 PSNR: 16.858699798583984
8.253064999644321
epoch 365 PSNR: 16.855567932128906
8.767668079883196
epoch 366 PSNR: 16.858505249023438
8.77403198400396
epoch 368 PSNR: 16.854551315307617
8.189587718656878
Annealed sigma_y: 0.008770413166935385
epoch 369 PSNR: 16.857036590576172
8.68750121592965
epoch 370 PSNR: 16.84381675720215
8.527596180864627
epoch 371 PSNR: 16.85338592529297
8.829588989545112
epoch 372 PSNR: 16.848413467407227
9.087203313317527
epoch 373 PSNR: 16.84903907775879
8.845734438690645
epoch 374 PSNR: 16.849422454833984
9.104141712672497
epoch 375 PSNR: 16.84844398498535
8.763113104412156
epoch 376 PSNR: 16.84235191345215
8.348564393922631
epoch 378 PSNR: 16.845661163330078
8.643367713066352
epoch 380 PSNR: 16.842714309692383
7.985109719190209
Annealed sigma_y: 0.007893371850241847
epoch 381 PSNR: 16.84538459777832
8.988665285574204
epoch 383 PSNR: 16.83661651611328
9.189679683613594
epoch 384 PSNR: 16.83136749267578
9.308123981456928
epoch 385 PSNR: 16.832334518432617
9.461968417310807
epoch 386 PSNR: 16.826343536376953
9.564054793170518
epoch 387 PSNR: 16.835487365722656
Rejected too many times, annealing tau: 0.022517998136852502
9.869574410518545
epoch 391 PSNR: 16.835508346557617
10.02940258906342
epoch 392 PSNR: 16.830381393432617
9.497067120165104
epoch 395 PSNR: 16.824216842651367
9.214712450810625
epoch 397 PSNR: 16.83344078063965
7.902293777788572
Annealed sigma_y: 0.007104034665217663
epoch 398 PSNR: 16.819623947143555
8.021983519450071
epoch 399 PSNR: 16.824607849121094
main_sampling.py:492: UserWarning: To copy construct from a tensor, it is recommended to use sourceTensor.clone().detach() or sourceTensor.clone().detach().requires_grad_(True), rather than torch.tensor(sourceTensor).
  LPIPS = loss_fn_vgg(2*orig-1.0, 2*torch.tensor(x[j]).to(torch.float32).cuda()-1.0)
PSNR:16.824607849121094, SSIM:0.14436984062194824, LPIPS:0.7171706557273865:   0%|          | 0/100 [07:34<?, ?it/s]PSNR:16.824607849121094, SSIM:0.14436984062194824, LPIPS:0.7171706557273865:   1%|          | 1/100 [07:34<12:30:12, 454.67s/it]Annealed sigma_y: 1.6
epoch 0 PSNR: 11.157313346862793
Annealed sigma_y: 1.2800000000000002
epoch 1 PSNR: 14.146415710449219
Annealed sigma_y: 1.0240000000000002
epoch 2 PSNR: 16.662046432495117
Annealed sigma_y: 0.8192000000000003
epoch 3 PSNR: 19.237197875976562
Annealed sigma_y: 0.6553600000000003
epoch 4 PSNR: 20.538957595825195
Annealed sigma_y: 0.5242880000000002
epoch 5 PSNR: 22.186511993408203
Annealed sigma_y: 0.4194304000000002
epoch 6 PSNR: 23.143692016601562
Annealed sigma_y: 0.3355443200000002
epoch 7 PSNR: 24.005943298339844
Annealed sigma_y: 0.2684354560000001
epoch 8 PSNR: 24.36549186706543
Annealed sigma_y: 0.21474836480000012
epoch 9 PSNR: 25.152332305908203
Annealed sigma_y: 0.1717986918400001
epoch 10 PSNR: 25.83173942565918
Rejected too many times, annealing tau: 0.8
Annealed sigma_y: 0.13743895347200008
epoch 14 PSNR: 26.347970962524414
Rejected too many times, annealing tau: 0.6400000000000001
Annealed sigma_y: 0.10995116277760007
epoch 18 PSNR: 26.57268524169922
Rejected too many times, annealing tau: 0.5120000000000001
66.29995552327262
epoch 22 PSNR: 26.843486785888672
55.5818755137186
epoch 23 PSNR: 27.018653869628906
47.5967824165361
epoch 25 PSNR: 27.100025177001953
40.77439981974563
epoch 26 PSNR: 27.278610229492188
36.52609379727644
epoch 28 PSNR: 27.39525604248047
28.811423363255518
epoch 29 PSNR: 27.3551025390625
Rejected too many times, annealing tau: 0.40960000000000013
21.31692059794724
Annealed sigma_y: 0.09895604649984006
epoch 35 PSNR: 27.344009399414062
17.117913421348618
epoch 36 PSNR: 27.46961212158203
13.347621146868327
epoch 37 PSNR: 27.52393913269043
9.668149640363355
epoch 40 PSNR: 27.66901969909668
8.237922902162452
epoch 41 PSNR: 27.569515228271484
6.7487089938436
epoch 42 PSNR: 27.54366111755371
5.80413287386331
epoch 43 PSNR: 27.511341094970703
4.6761513825261165
epoch 45 PSNR: 27.602317810058594
4.567452200249611
epoch 46 PSNR: 27.560874938964844
4.37284472027345
epoch 47 PSNR: 27.530067443847656
3.861353705261894
Annealed sigma_y: 0.08906044184985606
epoch 48 PSNR: 27.587779998779297
3.949976306873293
epoch 49 PSNR: 27.69097900390625
3.666625531308232
epoch 52 PSNR: 27.454130172729492
3.2654529702454416
epoch 53 PSNR: 27.501903533935547
3.611091452076154
epoch 55 PSNR: 27.538164138793945
4.110329373045973
epoch 56 PSNR: 27.598848342895508
Rejected too many times, annealing tau: 0.32768000000000014
4.444344131174671
epoch 60 PSNR: 27.463443756103516
3.8859121148236975
epoch 61 PSNR: 27.69386100769043
3.5740247013942628
epoch 62 PSNR: 27.481311798095703
3.316014810746448
epoch 64 PSNR: 27.650747299194336
2.308499573062728
Annealed sigma_y: 0.08015439766487047
epoch 66 PSNR: 27.646862030029297
2.5636421067409154
epoch 67 PSNR: 27.69247817993164
Rejected too many times, annealing tau: 0.2621440000000001
2.6650392344963802
epoch 71 PSNR: 27.66828155517578
2.4825420755660743
epoch 72 PSNR: 27.581573486328125
1.7836080168771917
epoch 73 PSNR: 27.622011184692383
1.554378684135993
epoch 75 PSNR: 27.692651748657227
1.6443170632507997
epoch 76 PSNR: 27.63858413696289
1.945523718266351
epoch 77 PSNR: 27.576311111450195
2.0171106031983244
epoch 78 PSNR: 27.612667083740234
2.1931615647330593
epoch 79 PSNR: 27.588104248046875
1.399395941606485
Annealed sigma_y: 0.07213895789838343
epoch 80 PSNR: 27.616382598876953
1.675199669868721
epoch 81 PSNR: 27.580707550048828
1.4717568034821937
epoch 82 PSNR: 27.67147445678711
2.0320136640699205
epoch 84 PSNR: 27.681711196899414
2.2488135424832745
epoch 85 PSNR: 27.650184631347656
2.034829864756371
epoch 86 PSNR: 27.565156936645508
1.9854232872714372
epoch 87 PSNR: 27.58376693725586
1.8132466481389775
epoch 88 PSNR: 27.532527923583984
2.0438601834817716
epoch 89 PSNR: 27.5131893157959
2.2059545203585773
epoch 90 PSNR: 27.539417266845703
2.0038164085992127
Annealed sigma_y: 0.06492506210854508
epoch 91 PSNR: 27.545047760009766
2.5728756557303334
epoch 92 PSNR: 27.589008331298828
2.2013724179049787
epoch 93 PSNR: 27.51805877685547
2.553444026710572
epoch 95 PSNR: 27.655065536499023
2.490796173482468
epoch 96 PSNR: 27.490692138671875
2.4419073931589708
epoch 97 PSNR: 27.464113235473633
2.898427423524441
epoch 98 PSNR: 27.416587829589844
Rejected too many times, annealing tau: 0.2097152000000001
2.5459438402953616
epoch 102 PSNR: 27.471342086791992
2.537872658662099
epoch 103 PSNR: 27.474010467529297
2.687142871234427
epoch 104 PSNR: 27.47520637512207
1.8274169448642463
Annealed sigma_y: 0.05843255589769057
epoch 106 PSNR: 27.409399032592773
2.3949417129368933
epoch 107 PSNR: 27.414600372314453
2.2639762227120275
epoch 108 PSNR: 27.344158172607422
2.4448305017068406
epoch 110 PSNR: 27.40003776550293
2.6385891699815645
epoch 111 PSNR: 27.31763458251953
2.519819745596119
epoch 112 PSNR: 27.33099937438965
2.515721986161734
epoch 114 PSNR: 27.326942443847656
2.602009443292397
epoch 115 PSNR: 27.311573028564453
2.602611978599967
epoch 116 PSNR: 27.20653533935547
2.9431438813344757
epoch 117 PSNR: 27.165058135986328
2.41375561904843
Annealed sigma_y: 0.05258930030792151
epoch 118 PSNR: 27.120683670043945
2.935156509670811
epoch 119 PSNR: 27.189786911010742
2.8277999722063463
epoch 120 PSNR: 26.984981536865234
2.999015095142543
epoch 122 PSNR: 27.03429412841797
2.9109194526320326
epoch 123 PSNR: 27.008779525756836
3.1785561929042916
epoch 124 PSNR: 26.845396041870117
3.1787057879078873
epoch 125 PSNR: 26.965087890625
3.148985468450338
epoch 126 PSNR: 26.872085571289062
3.415668712784836
epoch 129 PSNR: 26.90546417236328
3.6967370758868356
epoch 130 PSNR: 26.73916244506836
3.312553185641476
Annealed sigma_y: 0.047330370277129365
epoch 133 PSNR: 26.729860305786133
3.589778150942724
epoch 135 PSNR: 26.605680465698242
3.8001080771337126
epoch 136 PSNR: 26.6298770904541
4.208615199647969
epoch 137 PSNR: 26.500452041625977
