nohup: 忽略输入
Dataset has size 100
Start from 0

  0%|          | 0/100 [00:00<?, ?it/s]Setting up [LPIPS] perceptual loss: trunk [vgg], v[0.1], spatial [off]
Loading model from: /root/.local/lib/python3.8/site-packages/lpips/weights/v0.1/vgg.pth
main_sampling.py:517: UserWarning: To copy construct from a tensor, it is recommended to use sourceTensor.clone().detach() or sourceTensor.clone().detach().requires_grad_(True), rather than torch.tensor(sourceTensor).
  LPIPS = loss_fn_vgg(2*orig-1.0, 2*torch.tensor(x[j]).to(torch.float32).cuda()-1.0)[0,0,0,0]

PSNR:30.1238 (0.0288), SSIM:0.79556 (0.00145), LPIPS:0.23350 (0.00060):   0%|          | 0/100 [11:52<?, ?it/s]
PSNR:30.1238 (0.0288), SSIM:0.79556 (0.00145), LPIPS:0.23350 (0.00060):   1%|          | 1/100 [11:52<19:36:04, 712.77s/it]
PSNR:29.2628 (0.0285), SSIM:0.82645 (0.00100), LPIPS:0.20015 (0.00069):   1%|          | 1/100 [24:01<19:36:04, 712.77s/it]
PSNR:29.2628 (0.0285), SSIM:0.82645 (0.00100), LPIPS:0.20015 (0.00069):   2%|▏         | 2/100 [24:01<19:39:19, 722.03s/it]
PSNR:29.2507 (0.0280), SSIM:0.81375 (0.00094), LPIPS:0.23625 (0.00150):   2%|▏         | 2/100 [36:12<19:39:19, 722.03s/it]
PSNR:29.2507 (0.0280), SSIM:0.81375 (0.00094), LPIPS:0.23625 (0.00150):   3%|▎         | 3/100 [36:12<19:33:58, 726.17s/it]
PSNR:28.2903 (0.0271), SSIM:0.80599 (0.00083), LPIPS:0.24533 (0.00135):   3%|▎         | 3/100 [47:43<19:33:58, 726.17s/it]
PSNR:28.2903 (0.0271), SSIM:0.80599 (0.00083), LPIPS:0.24533 (0.00135):   4%|▍         | 4/100 [47:43<18:59:49, 712.39s/it]
PSNR:28.2593 (0.0262), SSIM:0.80267 (0.00074), LPIPS:0.25659 (0.00144):   4%|▍         | 4/100 [58:46<18:59:49, 712.39s/it]
PSNR:28.2593 (0.0262), SSIM:0.80267 (0.00074), LPIPS:0.25659 (0.00144):   5%|▌         | 5/100 [58:46<18:19:31, 694.43s/it]
PSNR:28.3231 (0.0282), SSIM:0.80369 (0.00068), LPIPS:0.25215 (0.00143):   5%|▌         | 5/100 [1:10:19<18:19:31, 694.43s/it]
PSNR:28.3231 (0.0282), SSIM:0.80369 (0.00068), LPIPS:0.25215 (0.00143):   6%|▌         | 6/100 [1:10:19<18:07:33, 694.19s/it]
PSNR:28.5083 (0.0270), SSIM:0.81060 (0.00068), LPIPS:0.24670 (0.00158):   6%|▌         | 6/100 [1:21:04<18:07:33, 694.19s/it]
PSNR:28.5083 (0.0270), SSIM:0.81060 (0.00068), LPIPS:0.24670 (0.00158):   7%|▋         | 7/100 [1:21:04<17:31:03, 678.10s/it]
PSNR:28.0350 (0.0249), SSIM:0.79708 (0.00068), LPIPS:0.25158 (0.00164):   7%|▋         | 7/100 [1:33:08<17:31:03, 678.10s/it]
PSNR:28.0350 (0.0249), SSIM:0.79708 (0.00068), LPIPS:0.25158 (0.00164):   8%|▊         | 8/100 [1:33:08<17:41:54, 692.54s/it]
PSNR:28.0343 (0.0241), SSIM:0.80058 (0.00066), LPIPS:0.25089 (0.00162):   8%|▊         | 8/100 [1:44:19<17:41:54, 692.54s/it]
PSNR:28.0343 (0.0241), SSIM:0.80058 (0.00066), LPIPS:0.25089 (0.00162):   9%|▉         | 9/100 [1:44:19<17:20:24, 685.98s/it]
PSNR:27.9283 (0.0232), SSIM:0.79880 (0.00067), LPIPS:0.25901 (0.00161):   9%|▉         | 9/100 [1:56:17<17:20:24, 685.98s/it]
PSNR:27.9283 (0.0232), SSIM:0.79880 (0.00067), LPIPS:0.25901 (0.00161):  10%|█         | 10/100 [1:56:17<17:23:39, 695.77s/it]
PSNR:27.5189 (0.0231), SSIM:0.79456 (0.00067), LPIPS:0.25849 (0.00161):  10%|█         | 10/100 [2:07:10<17:23:39, 695.77s/it]
PSNR:27.5189 (0.0231), SSIM:0.79456 (0.00067), LPIPS:0.25849 (0.00161):  11%|█         | 11/100 [2:07:10<16:52:33, 682.62s/it]
PSNR:27.5586 (0.0254), SSIM:0.79417 (0.00072), LPIPS:0.25853 (0.00156):  11%|█         | 11/100 [2:18:56<16:52:33, 682.62s/it]
PSNR:27.5586 (0.0254), SSIM:0.79417 (0.00072), LPIPS:0.25853 (0.00156):  12%|█▏        | 12/100 [2:18:56<16:51:28, 689.64s/it]
PSNR:27.7050 (0.0263), SSIM:0.79672 (0.00072), LPIPS:0.25871 (0.00156):  12%|█▏        | 12/100 [2:30:23<16:51:28, 689.64s/it]
PSNR:27.7050 (0.0263), SSIM:0.79672 (0.00072), LPIPS:0.25871 (0.00156):  13%|█▎        | 13/100 [2:30:23<16:39:06, 689.04s/it]
PSNR:27.7127 (0.0270), SSIM:0.80001 (0.00069), LPIPS:0.25808 (0.00158):  13%|█▎        | 13/100 [2:42:10<16:39:06, 689.04s/it]
PSNR:27.7127 (0.0270), SSIM:0.80001 (0.00069), LPIPS:0.25808 (0.00158):  14%|█▍        | 14/100 [2:42:10<16:35:15, 694.37s/it]
PSNR:27.6961 (0.0265), SSIM:0.80271 (0.00066), LPIPS:0.25576 (0.00157):  14%|█▍        | 14/100 [2:54:09<16:35:15, 694.37s/it]
PSNR:27.6961 (0.0265), SSIM:0.80271 (0.00066), LPIPS:0.25576 (0.00157):  15%|█▌        | 15/100 [2:54:09<16:34:00, 701.66s/it]
PSNR:27.7602 (0.0267), SSIM:0.80733 (0.00065), LPIPS:0.25086 (0.00151):  15%|█▌        | 15/100 [3:06:50<16:34:00, 701.66s/it]
PSNR:27.7602 (0.0267), SSIM:0.80733 (0.00065), LPIPS:0.25086 (0.00151):  16%|█▌        | 16/100 [3:06:50<16:47:35, 719.71s/it]
PSNR:27.8940 (0.0271), SSIM:0.80750 (0.00074), LPIPS:0.25340 (0.00153):  16%|█▌        | 16/100 [3:17:59<16:47:35, 719.71s/it]
PSNR:27.8940 (0.0271), SSIM:0.80750 (0.00074), LPIPS:0.25340 (0.00153):  17%|█▋        | 17/100 [3:17:59<16:14:36, 704.53s/it]
PSNR:27.7420 (0.0272), SSIM:0.80157 (0.00078), LPIPS:0.25564 (0.00157):  17%|█▋        | 17/100 [3:29:37<16:14:36, 704.53s/it]
PSNR:27.7420 (0.0272), SSIM:0.80157 (0.00078), LPIPS:0.25564 (0.00157):  18%|█▊        | 18/100 [3:29:37<16:00:02, 702.46s/it]
PSNR:27.5185 (0.0272), SSIM:0.79367 (0.00078), LPIPS:0.25969 (0.00154):  18%|█▊        | 18/100 [3:42:52<16:00:02, 702.46s/it]
PSNR:27.5185 (0.0272), SSIM:0.79367 (0.00078), LPIPS:0.25969 (0.00154):  19%|█▉        | 19/100 [3:42:52<16:25:40, 730.13s/it]
PSNR:27.4396 (0.0273), SSIM:0.79345 (0.00079), LPIPS:0.26190 (0.00153):  19%|█▉        | 19/100 [3:54:39<16:25:40, 730.13s/it]
PSNR:27.4396 (0.0273), SSIM:0.79345 (0.00079), LPIPS:0.26190 (0.00153):  20%|██        | 20/100 [3:54:39<16:04:18, 723.23s/it]
PSNR:27.5181 (0.0271), SSIM:0.79416 (0.00080), LPIPS:0.26178 (0.00158):  20%|██        | 20/100 [4:05:47<16:04:18, 723.23s/it]
PSNR:27.5181 (0.0271), SSIM:0.79416 (0.00080), LPIPS:0.26178 (0.00158):  21%|██        | 21/100 [4:05:47<15:30:24, 706.64s/it]
PSNR:27.4414 (0.0263), SSIM:0.79445 (0.00078), LPIPS:0.26042 (0.00153):  21%|██        | 21/100 [4:18:18<15:30:24, 706.64s/it]
PSNR:27.4414 (0.0263), SSIM:0.79445 (0.00078), LPIPS:0.26042 (0.00153):  22%|██▏       | 22/100 [4:18:18<15:36:04, 720.06s/it]
PSNR:27.5287 (0.0265), SSIM:0.79642 (0.00078), LPIPS:0.25911 (0.00157):  22%|██▏       | 22/100 [4:29:50<15:36:04, 720.06s/it]
PSNR:27.5287 (0.0265), SSIM:0.79642 (0.00078), LPIPS:0.25911 (0.00157):  23%|██▎       | 23/100 [4:29:50<15:13:17, 711.66s/it]
PSNR:27.3621 (0.0255), SSIM:0.79448 (0.00075), LPIPS:0.25917 (0.00151):  23%|██▎       | 23/100 [4:44:30<15:13:17, 711.66s/it]
PSNR:27.3621 (0.0255), SSIM:0.79448 (0.00075), LPIPS:0.25917 (0.00151):  24%|██▍       | 24/100 [4:44:30<16:05:26, 762.18s/it]
PSNR:27.2689 (0.0269), SSIM:0.79264 (0.00074), LPIPS:0.26034 (0.00149):  24%|██▍       | 24/100 [4:57:18<16:05:26, 762.18s/it]
PSNR:27.2689 (0.0269), SSIM:0.79264 (0.00074), LPIPS:0.26034 (0.00149):  25%|██▌       | 25/100 [4:57:18<15:54:51, 763.88s/it]
PSNR:27.2822 (0.0277), SSIM:0.79263 (0.00076), LPIPS:0.25917 (0.00151):  25%|██▌       | 25/100 [5:09:02<15:54:51, 763.88s/it]
PSNR:27.2822 (0.0277), SSIM:0.79263 (0.00076), LPIPS:0.25917 (0.00151):  26%|██▌       | 26/100 [5:09:02<15:20:02, 745.98s/it]
PSNR:27.1903 (0.0269), SSIM:0.78989 (0.00075), LPIPS:0.25946 (0.00152):  26%|██▌       | 26/100 [5:20:31<15:20:02, 745.98s/it]
PSNR:27.1903 (0.0269), SSIM:0.78989 (0.00075), LPIPS:0.25946 (0.00152):  27%|██▋       | 27/100 [5:20:31<14:46:39, 728.75s/it]
PSNR:27.1828 (0.0269), SSIM:0.79059 (0.00076), LPIPS:0.25841 (0.00150):  27%|██▋       | 27/100 [5:32:17<14:46:39, 728.75s/it]
PSNR:27.1828 (0.0269), SSIM:0.79059 (0.00076), LPIPS:0.25841 (0.00150):  28%|██▊       | 28/100 [5:32:17<14:26:32, 722.12s/it]
PSNR:27.2187 (0.0268), SSIM:0.79145 (0.00076), LPIPS:0.25722 (0.00154):  28%|██▊       | 28/100 [5:48:25<14:26:32, 722.12s/it]
PSNR:27.2187 (0.0268), SSIM:0.79145 (0.00076), LPIPS:0.25722 (0.00154):  29%|██▉       | 29/100 [5:48:25<15:41:46, 795.87s/it]
PSNR:27.3112 (0.0268), SSIM:0.79334 (0.00078), LPIPS:0.25521 (0.00158):  29%|██▉       | 29/100 [6:04:53<15:41:46, 795.87s/it]
PSNR:27.3112 (0.0268), SSIM:0.79334 (0.00078), LPIPS:0.25521 (0.00158):  30%|███       | 30/100 [6:04:53<16:35:29, 853.28s/it]
PSNR:27.3464 (0.0271), SSIM:0.79521 (0.00077), LPIPS:0.25436 (0.00156):  30%|███       | 30/100 [6:20:26<16:35:29, 853.28s/it]
PSNR:27.3464 (0.0271), SSIM:0.79521 (0.00077), LPIPS:0.25436 (0.00156):  31%|███       | 31/100 [6:20:26<16:48:56, 877.34s/it]
PSNR:27.2506 (0.0268), SSIM:0.79253 (0.00077), LPIPS:0.25653 (0.00155):  31%|███       | 31/100 [6:35:16<16:48:56, 877.34s/it]
PSNR:27.2506 (0.0268), SSIM:0.79253 (0.00077), LPIPS:0.25653 (0.00155):  32%|███▏      | 32/100 [6:35:16<16:38:25, 880.97s/it]
PSNR:27.2721 (0.0268), SSIM:0.79128 (0.00077), LPIPS:0.25773 (0.00154):  32%|███▏      | 32/100 [6:48:41<16:38:25, 880.97s/it]
PSNR:27.2721 (0.0268), SSIM:0.79128 (0.00077), LPIPS:0.25773 (0.00154):  33%|███▎      | 33/100 [6:48:41<15:58:19, 858.20s/it]
PSNR:27.3100 (0.0264), SSIM:0.78989 (0.00077), LPIPS:0.25833 (0.00158):  33%|███▎      | 33/100 [7:04:49<15:58:19, 858.20s/it]
PSNR:27.3100 (0.0264), SSIM:0.78989 (0.00077), LPIPS:0.25833 (0.00158):  34%|███▍      | 34/100 [7:04:49<16:20:32, 891.40s/it]
PSNR:27.4451 (0.0263), SSIM:0.79046 (0.00077), LPIPS:0.25916 (0.00162):  34%|███▍      | 34/100 [7:21:32<16:20:32, 891.40s/it]
PSNR:27.4451 (0.0263), SSIM:0.79046 (0.00077), LPIPS:0.25916 (0.00162):  35%|███▌      | 35/100 [7:21:32<16:41:48, 924.75s/it]
PSNR:27.4254 (0.0271), SSIM:0.79022 (0.00078), LPIPS:0.26007 (0.00162):  35%|███▌      | 35/100 [7:35:39<16:41:48, 924.75s/it]
PSNR:27.4254 (0.0271), SSIM:0.79022 (0.00078), LPIPS:0.26007 (0.00162):  36%|███▌      | 36/100 [7:35:39<16:01:30, 901.41s/it]
PSNR:27.3777 (0.0270), SSIM:0.79132 (0.00077), LPIPS:0.25934 (0.00159):  36%|███▌      | 36/100 [7:46:39<16:01:30, 901.41s/it]
PSNR:27.3777 (0.0270), SSIM:0.79132 (0.00077), LPIPS:0.25934 (0.00159):  37%|███▋      | 37/100 [7:46:39<14:30:33, 829.11s/it]
PSNR:27.3571 (0.0265), SSIM:0.79220 (0.00077), LPIPS:0.25742 (0.00157):  37%|███▋      | 37/100 [7:58:52<14:30:33, 829.11s/it]
PSNR:27.3571 (0.0265), SSIM:0.79220 (0.00077), LPIPS:0.25742 (0.00157):  38%|███▊      | 38/100 [7:58:52<13:46:42, 800.05s/it]
PSNR:27.3475 (0.0265), SSIM:0.79331 (0.00076), LPIPS:0.25613 (0.00157):  38%|███▊      | 38/100 [8:10:57<13:46:42, 800.05s/it]
PSNR:27.3475 (0.0265), SSIM:0.79331 (0.00076), LPIPS:0.25613 (0.00157):  39%|███▉      | 39/100 [8:10:57<13:10:28, 777.51s/it]
PSNR:27.3935 (0.0265), SSIM:0.79357 (0.00076), LPIPS:0.25650 (0.00156):  39%|███▉      | 39/100 [8:22:08<13:10:28, 777.51s/it]
PSNR:27.3935 (0.0265), SSIM:0.79357 (0.00076), LPIPS:0.25650 (0.00156):  40%|████      | 40/100 [8:22:08<12:25:44, 745.73s/it]
PSNR:27.3782 (0.0264), SSIM:0.79267 (0.00076), LPIPS:0.25658 (0.00157):  40%|████      | 40/100 [8:33:23<12:25:44, 745.73s/it]
PSNR:27.3782 (0.0264), SSIM:0.79267 (0.00076), LPIPS:0.25658 (0.00157):  41%|████      | 41/100 [8:33:23<11:52:21, 724.43s/it]
PSNR:27.3959 (0.0264), SSIM:0.79278 (0.00075), LPIPS:0.25668 (0.00155):  41%|████      | 41/100 [8:45:58<11:52:21, 724.43s/it]
PSNR:27.3959 (0.0264), SSIM:0.79278 (0.00075), LPIPS:0.25668 (0.00155):  42%|████▏     | 42/100 [8:45:58<11:49:10, 733.64s/it]
PSNR:27.4138 (0.0262), SSIM:0.79338 (0.00075), LPIPS:0.25701 (0.00153):  42%|████▏     | 42/100 [8:57:27<11:49:10, 733.64s/it]
PSNR:27.4138 (0.0262), SSIM:0.79338 (0.00075), LPIPS:0.25701 (0.00153):  43%|████▎     | 43/100 [8:57:27<11:24:10, 720.18s/it]
PSNR:27.1868 (0.0260), SSIM:0.78823 (0.00075), LPIPS:0.25948 (0.00151):  43%|████▎     | 43/100 [9:10:21<11:24:10, 720.18s/it]
PSNR:27.1868 (0.0260), SSIM:0.78823 (0.00075), LPIPS:0.25948 (0.00151):  44%|████▍     | 44/100 [9:10:21<11:27:24, 736.51s/it]
PSNR:27.2106 (0.0265), SSIM:0.78959 (0.00075), LPIPS:0.25741 (0.00151):  44%|████▍     | 44/100 [9:21:54<11:27:24, 736.51s/it]
PSNR:27.2106 (0.0265), SSIM:0.78959 (0.00075), LPIPS:0.25741 (0.00151):  45%|████▌     | 45/100 [9:21:54<11:02:55, 723.20s/it]
PSNR:27.2975 (0.0266), SSIM:0.79149 (0.00074), LPIPS:0.25588 (0.00150):  45%|████▌     | 45/100 [9:33:28<11:02:55, 723.20s/it]
PSNR:27.2975 (0.0266), SSIM:0.79149 (0.00074), LPIPS:0.25588 (0.00150):  46%|████▌     | 46/100 [9:33:28<10:43:06, 714.56s/it]
PSNR:27.3437 (0.0269), SSIM:0.79109 (0.00075), LPIPS:0.25742 (0.00152):  46%|████▌     | 46/100 [9:44:28<10:43:06, 714.56s/it]
PSNR:27.3437 (0.0269), SSIM:0.79109 (0.00075), LPIPS:0.25742 (0.00152):  47%|████▋     | 47/100 [9:44:28<10:16:52, 698.35s/it]
PSNR:27.2770 (0.0266), SSIM:0.79018 (0.00075), LPIPS:0.25890 (0.00150):  47%|████▋     | 47/100 [10:00:35<10:16:52, 698.35s/it]
PSNR:27.2770 (0.0266), SSIM:0.79018 (0.00075), LPIPS:0.25890 (0.00150):  48%|████▊     | 48/100 [10:00:35<11:14:58, 778.82s/it]
PSNR:27.1864 (0.0263), SSIM:0.78985 (0.00074), LPIPS:0.25905 (0.00149):  48%|████▊     | 48/100 [10:16:56<11:14:58, 778.82s/it]
PSNR:27.1864 (0.0263), SSIM:0.78985 (0.00074), LPIPS:0.25905 (0.00149):  49%|████▉     | 49/100 [10:16:56<11:53:34, 839.50s/it]
PSNR:27.1024 (0.0260), SSIM:0.78813 (0.00073), LPIPS:0.25970 (0.00147):  49%|████▉     | 49/100 [10:31:25<11:53:34, 839.50s/it]
PSNR:27.1024 (0.0260), SSIM:0.78813 (0.00073), LPIPS:0.25970 (0.00147):  50%|█████     | 50/100 [10:31:25<11:47:00, 848.41s/it]
PSNR:27.1191 (0.0260), SSIM:0.78749 (0.00073), LPIPS:0.26113 (0.00147):  50%|█████     | 50/100 [10:42:50<11:47:00, 848.41s/it]
PSNR:27.1191 (0.0260), SSIM:0.78749 (0.00073), LPIPS:0.26113 (0.00147):  51%|█████     | 51/100 [10:42:50<10:52:46, 799.31s/it]
PSNR:27.1406 (0.0260), SSIM:0.78771 (0.00072), LPIPS:0.26067 (0.00147):  51%|█████     | 51/100 [10:54:29<10:52:46, 799.31s/it]
PSNR:27.1406 (0.0260), SSIM:0.78771 (0.00072), LPIPS:0.26067 (0.00147):  52%|█████▏    | 52/100 [10:54:29<10:15:26, 769.31s/it]
PSNR:27.1056 (0.0259), SSIM:0.78694 (0.00074), LPIPS:0.26142 (0.00148):  52%|█████▏    | 52/100 [11:06:18<10:15:26, 769.31s/it]
PSNR:27.1056 (0.0259), SSIM:0.78694 (0.00074), LPIPS:0.26142 (0.00148):  53%|█████▎    | 53/100 [11:06:18<9:48:19, 751.05s/it] 
PSNR:27.0702 (0.0258), SSIM:0.78579 (0.00074), LPIPS:0.26120 (0.00147):  53%|█████▎    | 53/100 [11:17:54<9:48:19, 751.05s/it]
PSNR:27.0702 (0.0258), SSIM:0.78579 (0.00074), LPIPS:0.26120 (0.00147):  54%|█████▍    | 54/100 [11:17:54<9:23:06, 734.48s/it]
PSNR:26.9651 (0.0257), SSIM:0.78491 (0.00074), LPIPS:0.26159 (0.00148):  54%|█████▍    | 54/100 [11:29:47<9:23:06, 734.48s/it]
PSNR:26.9651 (0.0257), SSIM:0.78491 (0.00074), LPIPS:0.26159 (0.00148):  55%|█████▌    | 55/100 [11:29:47<9:06:00, 728.00s/it]
PSNR:26.9944 (0.0254), SSIM:0.78596 (0.00073), LPIPS:0.26097 (0.00146):  55%|█████▌    | 55/100 [11:41:43<9:06:00, 728.00s/it]
PSNR:26.9944 (0.0254), SSIM:0.78596 (0.00073), LPIPS:0.26097 (0.00146):  56%|█████▌    | 56/100 [11:41:43<8:51:16, 724.47s/it]
PSNR:27.0705 (0.0262), SSIM:0.78688 (0.00075), LPIPS:0.26080 (0.00149):  56%|█████▌    | 56/100 [11:52:38<8:51:16, 724.47s/it]
PSNR:27.0705 (0.0262), SSIM:0.78688 (0.00075), LPIPS:0.26080 (0.00149):  57%|█████▋    | 57/100 [11:52:38<8:24:17, 703.66s/it]
PSNR:27.1307 (0.0262), SSIM:0.78842 (0.00074), LPIPS:0.26001 (0.00148):  57%|█████▋    | 57/100 [12:05:32<8:24:17, 703.66s/it]
PSNR:27.1307 (0.0262), SSIM:0.78842 (0.00074), LPIPS:0.26001 (0.00148):  58%|█████▊    | 58/100 [12:05:32<8:27:22, 724.82s/it]
PSNR:27.1660 (0.0263), SSIM:0.78845 (0.00074), LPIPS:0.26105 (0.00147):  58%|█████▊    | 58/100 [12:16:20<8:27:22, 724.82s/it]
PSNR:27.1660 (0.0263), SSIM:0.78845 (0.00074), LPIPS:0.26105 (0.00147):  59%|█████▉    | 59/100 [12:16:20<7:59:37, 701.90s/it]
PSNR:27.1967 (0.0263), SSIM:0.78853 (0.00074), LPIPS:0.26157 (0.00148):  59%|█████▉    | 59/100 [12:28:04<7:59:37, 701.90s/it]
PSNR:27.1967 (0.0263), SSIM:0.78853 (0.00074), LPIPS:0.26157 (0.00148):  60%|██████    | 60/100 [12:28:04<7:48:14, 702.35s/it]
PSNR:27.2286 (0.0262), SSIM:0.78892 (0.00075), LPIPS:0.26270 (0.00148):  60%|██████    | 60/100 [12:39:11<7:48:14, 702.35s/it]
PSNR:27.2286 (0.0262), SSIM:0.78892 (0.00075), LPIPS:0.26270 (0.00148):  61%|██████    | 61/100 [12:39:11<7:29:39, 691.77s/it]
PSNR:27.2387 (0.0261), SSIM:0.78870 (0.00075), LPIPS:0.26303 (0.00149):  61%|██████    | 61/100 [12:51:07<7:29:39, 691.77s/it]
PSNR:27.2387 (0.0261), SSIM:0.78870 (0.00075), LPIPS:0.26303 (0.00149):  62%|██████▏   | 62/100 [12:51:07<7:22:39, 698.92s/it]
PSNR:27.2451 (0.0262), SSIM:0.78802 (0.00075), LPIPS:0.26394 (0.00148):  62%|██████▏   | 62/100 [13:02:05<7:22:39, 698.92s/it]
PSNR:27.2451 (0.0262), SSIM:0.78802 (0.00075), LPIPS:0.26394 (0.00148):  63%|██████▎   | 63/100 [13:02:05<7:03:25, 686.64s/it]
PSNR:27.2500 (0.0261), SSIM:0.78773 (0.00075), LPIPS:0.26404 (0.00148):  63%|██████▎   | 63/100 [13:14:17<7:03:25, 686.64s/it]
PSNR:27.2500 (0.0261), SSIM:0.78773 (0.00075), LPIPS:0.26404 (0.00148):  64%|██████▍   | 64/100 [13:14:17<7:00:16, 700.45s/it]
PSNR:27.2865 (0.0264), SSIM:0.78886 (0.00076), LPIPS:0.26360 (0.00147):  64%|██████▍   | 64/100 [13:25:40<7:00:16, 700.45s/it]
PSNR:27.2865 (0.0264), SSIM:0.78886 (0.00076), LPIPS:0.26360 (0.00147):  65%|██████▌   | 65/100 [13:25:40<6:45:31, 695.19s/it]
PSNR:27.2547 (0.0261), SSIM:0.78798 (0.00075), LPIPS:0.26541 (0.00147):  65%|██████▌   | 65/100 [13:39:35<6:45:31, 695.19s/it]
PSNR:27.2547 (0.0261), SSIM:0.78798 (0.00075), LPIPS:0.26541 (0.00147):  66%|██████▌   | 66/100 [13:39:35<6:57:42, 737.14s/it]
PSNR:27.2514 (0.0266), SSIM:0.78776 (0.00077), LPIPS:0.26555 (0.00148):  66%|██████▌   | 66/100 [13:50:39<6:57:42, 737.14s/it]
PSNR:27.2514 (0.0266), SSIM:0.78776 (0.00077), LPIPS:0.26555 (0.00148):  67%|██████▋   | 67/100 [13:50:39<6:33:19, 715.13s/it]
PSNR:27.2471 (0.0265), SSIM:0.78786 (0.00077), LPIPS:0.26675 (0.00147):  67%|██████▋   | 67/100 [14:02:34<6:33:19, 715.13s/it]
PSNR:27.2471 (0.0265), SSIM:0.78786 (0.00077), LPIPS:0.26675 (0.00147):  68%|██████▊   | 68/100 [14:02:34<6:21:26, 715.21s/it]
PSNR:27.2573 (0.0266), SSIM:0.78872 (0.00078), LPIPS:0.26607 (0.00148):  68%|██████▊   | 68/100 [14:14:07<6:21:26, 715.21s/it]
PSNR:27.2573 (0.0266), SSIM:0.78872 (0.00078), LPIPS:0.26607 (0.00148):  69%|██████▉   | 69/100 [14:14:07<6:06:01, 708.43s/it]
PSNR:27.2550 (0.0268), SSIM:0.78896 (0.00077), LPIPS:0.26543 (0.00147):  69%|██████▉   | 69/100 [14:26:08<6:06:01, 708.43s/it]
PSNR:27.2550 (0.0268), SSIM:0.78896 (0.00077), LPIPS:0.26543 (0.00147):  70%|███████   | 70/100 [14:26:08<5:56:03, 712.11s/it]
PSNR:27.2152 (0.0268), SSIM:0.78840 (0.00077), LPIPS:0.26497 (0.00146):  70%|███████   | 70/100 [14:37:29<5:56:03, 712.11s/it]
PSNR:27.2152 (0.0268), SSIM:0.78840 (0.00077), LPIPS:0.26497 (0.00146):  71%|███████   | 71/100 [14:37:29<5:39:39, 702.75s/it]
PSNR:27.1394 (0.0266), SSIM:0.78600 (0.00077), LPIPS:0.26596 (0.00144):  71%|███████   | 71/100 [14:50:22<5:39:39, 702.75s/it]
PSNR:27.1394 (0.0266), SSIM:0.78600 (0.00077), LPIPS:0.26596 (0.00144):  72%|███████▏  | 72/100 [14:50:22<5:37:47, 723.85s/it]
PSNR:27.1655 (0.0264), SSIM:0.78605 (0.00076), LPIPS:0.26628 (0.00144):  72%|███████▏  | 72/100 [15:01:51<5:37:47, 723.85s/it]
PSNR:27.1655 (0.0264), SSIM:0.78605 (0.00076), LPIPS:0.26628 (0.00144):  73%|███████▎  | 73/100 [15:01:51<5:21:06, 713.57s/it]
PSNR:27.1990 (0.0268), SSIM:0.78664 (0.00078), LPIPS:0.26584 (0.00147):  73%|███████▎  | 73/100 [15:12:37<5:21:06, 713.57s/it]
PSNR:27.1990 (0.0268), SSIM:0.78664 (0.00078), LPIPS:0.26584 (0.00147):  74%|███████▍  | 74/100 [15:12:37<5:00:23, 693.20s/it]
PSNR:27.2257 (0.0268), SSIM:0.78715 (0.00078), LPIPS:0.26538 (0.00148):  74%|███████▍  | 74/100 [15:24:08<5:00:23, 693.20s/it]
PSNR:27.2257 (0.0268), SSIM:0.78715 (0.00078), LPIPS:0.26538 (0.00148):  75%|███████▌  | 75/100 [15:24:08<4:48:33, 692.56s/it]
PSNR:27.1942 (0.0267), SSIM:0.78729 (0.00077), LPIPS:0.26503 (0.00149):  75%|███████▌  | 75/100 [15:36:09<4:48:33, 692.56s/it]
PSNR:27.1942 (0.0267), SSIM:0.78729 (0.00077), LPIPS:0.26503 (0.00149):  76%|███████▌  | 76/100 [15:36:09<4:40:23, 700.98s/it]
PSNR:27.1278 (0.0267), SSIM:0.78623 (0.00077), LPIPS:0.26668 (0.00148):  76%|███████▌  | 76/100 [15:49:33<4:40:23, 700.98s/it]
PSNR:27.1278 (0.0267), SSIM:0.78623 (0.00077), LPIPS:0.26668 (0.00148):  77%|███████▋  | 77/100 [15:49:33<4:40:33, 731.90s/it]
PSNR:27.1170 (0.0266), SSIM:0.78520 (0.00078), LPIPS:0.26725 (0.00148):  77%|███████▋  | 77/100 [16:01:29<4:40:33, 731.90s/it]
PSNR:27.1170 (0.0266), SSIM:0.78520 (0.00078), LPIPS:0.26725 (0.00148):  78%|███████▊  | 78/100 [16:01:29<4:26:40, 727.27s/it]
PSNR:27.1341 (0.0270), SSIM:0.78495 (0.00079), LPIPS:0.26674 (0.00147):  78%|███████▊  | 78/100 [16:12:58<4:26:40, 727.27s/it]
PSNR:27.1341 (0.0270), SSIM:0.78495 (0.00079), LPIPS:0.26674 (0.00147):  79%|███████▉  | 79/100 [16:12:58<4:10:28, 715.64s/it]
PSNR:27.1264 (0.0268), SSIM:0.78500 (0.00078), LPIPS:0.26654 (0.00145):  79%|███████▉  | 79/100 [16:26:05<4:10:28, 715.64s/it]
PSNR:27.1264 (0.0268), SSIM:0.78500 (0.00078), LPIPS:0.26654 (0.00145):  80%|████████  | 80/100 [16:26:05<4:05:46, 737.30s/it]
PSNR:27.1641 (0.0267), SSIM:0.78527 (0.00078), LPIPS:0.26623 (0.00145):  80%|████████  | 80/100 [16:37:01<4:05:46, 737.30s/it]
PSNR:27.1641 (0.0267), SSIM:0.78527 (0.00078), LPIPS:0.26623 (0.00145):  81%|████████  | 81/100 [16:37:01<3:45:41, 712.71s/it]
PSNR:27.1708 (0.0266), SSIM:0.78546 (0.00077), LPIPS:0.26607 (0.00144):  81%|████████  | 81/100 [16:49:01<3:45:41, 712.71s/it]
PSNR:27.1708 (0.0266), SSIM:0.78546 (0.00077), LPIPS:0.26607 (0.00144):  82%|████████▏ | 82/100 [16:49:01<3:34:31, 715.07s/it]
PSNR:27.1889 (0.0266), SSIM:0.78579 (0.00077), LPIPS:0.26544 (0.00144):  82%|████████▏ | 82/100 [17:01:02<3:34:31, 715.07s/it]
PSNR:27.1889 (0.0266), SSIM:0.78579 (0.00077), LPIPS:0.26544 (0.00144):  83%|████████▎ | 83/100 [17:01:02<3:23:03, 716.65s/it]
PSNR:27.2063 (0.0266), SSIM:0.78625 (0.00077), LPIPS:0.26505 (0.00145):  83%|████████▎ | 83/100 [17:12:30<3:23:03, 716.65s/it]
PSNR:27.2063 (0.0266), SSIM:0.78625 (0.00077), LPIPS:0.26505 (0.00145):  84%|████████▍ | 84/100 [17:12:30<3:08:50, 708.13s/it]
PSNR:27.1946 (0.0264), SSIM:0.78566 (0.00077), LPIPS:0.26572 (0.00145):  84%|████████▍ | 84/100 [17:24:24<3:08:50, 708.13s/it]
PSNR:27.1946 (0.0264), SSIM:0.78566 (0.00077), LPIPS:0.26572 (0.00145):  85%|████████▌ | 85/100 [17:24:24<2:57:30, 710.00s/it]
PSNR:27.1712 (0.0264), SSIM:0.78520 (0.00077), LPIPS:0.26556 (0.00145):  85%|████████▌ | 85/100 [17:35:46<2:57:30, 710.00s/it]
PSNR:27.1712 (0.0264), SSIM:0.78520 (0.00077), LPIPS:0.26556 (0.00145):  86%|████████▌ | 86/100 [17:35:46<2:43:42, 701.62s/it]
PSNR:27.1772 (0.0264), SSIM:0.78495 (0.00078), LPIPS:0.26636 (0.00146):  86%|████████▌ | 86/100 [17:47:39<2:43:42, 701.62s/it]
PSNR:27.1772 (0.0264), SSIM:0.78495 (0.00078), LPIPS:0.26636 (0.00146):  87%|████████▋ | 87/100 [17:47:39<2:32:43, 704.90s/it]
PSNR:27.1736 (0.0272), SSIM:0.78543 (0.00078), LPIPS:0.26665 (0.00145):  87%|████████▋ | 87/100 [17:59:21<2:32:43, 704.90s/it]
PSNR:27.1736 (0.0272), SSIM:0.78543 (0.00078), LPIPS:0.26665 (0.00145):  88%|████████▊ | 88/100 [17:59:21<2:20:49, 704.13s/it]
PSNR:27.1903 (0.0271), SSIM:0.78462 (0.00077), LPIPS:0.26674 (0.00145):  88%|████████▊ | 88/100 [18:11:27<2:20:49, 704.13s/it]
PSNR:27.1903 (0.0271), SSIM:0.78462 (0.00077), LPIPS:0.26674 (0.00145):  89%|████████▉ | 89/100 [18:11:27<2:10:17, 710.71s/it]
PSNR:27.2237 (0.0271), SSIM:0.78550 (0.00077), LPIPS:0.26683 (0.00144):  89%|████████▉ | 89/100 [18:23:14<2:10:17, 710.71s/it]
PSNR:27.2237 (0.0271), SSIM:0.78550 (0.00077), LPIPS:0.26683 (0.00144):  90%|█████████ | 90/100 [18:23:14<1:58:16, 709.62s/it]
PSNR:27.2339 (0.0269), SSIM:0.78552 (0.00077), LPIPS:0.26670 (0.00145):  90%|█████████ | 90/100 [18:34:50<1:58:16, 709.62s/it]
PSNR:27.2339 (0.0269), SSIM:0.78552 (0.00077), LPIPS:0.26670 (0.00145):  91%|█████████ | 91/100 [18:34:50<1:45:49, 705.52s/it]
PSNR:27.2577 (0.0272), SSIM:0.78658 (0.00077), LPIPS:0.26626 (0.00145):  91%|█████████ | 91/100 [18:46:51<1:45:49, 705.52s/it]
PSNR:27.2577 (0.0272), SSIM:0.78658 (0.00077), LPIPS:0.26626 (0.00145):  92%|█████████▏| 92/100 [18:46:51<1:34:39, 709.98s/it]
PSNR:27.2726 (0.0272), SSIM:0.78718 (0.00076), LPIPS:0.26657 (0.00146):  92%|█████████▏| 92/100 [18:58:16<1:34:39, 709.98s/it]
PSNR:27.2726 (0.0272), SSIM:0.78718 (0.00076), LPIPS:0.26657 (0.00146):  93%|█████████▎| 93/100 [18:58:16<1:21:57, 702.50s/it]
PSNR:27.2851 (0.0274), SSIM:0.78754 (0.00076), LPIPS:0.26588 (0.00146):  93%|█████████▎| 93/100 [19:09:56<1:21:57, 702.50s/it]
PSNR:27.2851 (0.0274), SSIM:0.78754 (0.00076), LPIPS:0.26588 (0.00146):  94%|█████████▍| 94/100 [19:09:56<1:10:10, 701.68s/it]
PSNR:27.2266 (0.0272), SSIM:0.78662 (0.00076), LPIPS:0.26614 (0.00146):  94%|█████████▍| 94/100 [19:21:37<1:10:10, 701.68s/it]
PSNR:27.2266 (0.0272), SSIM:0.78662 (0.00076), LPIPS:0.26614 (0.00146):  95%|█████████▌| 95/100 [19:21:37<58:28, 701.63s/it]  
PSNR:27.2449 (0.0272), SSIM:0.78713 (0.00076), LPIPS:0.26559 (0.00147):  95%|█████████▌| 95/100 [19:32:56<58:28, 701.63s/it]
PSNR:27.2449 (0.0272), SSIM:0.78713 (0.00076), LPIPS:0.26559 (0.00147):  96%|█████████▌| 96/100 [19:32:56<46:19, 694.76s/it]
PSNR:27.2201 (0.0271), SSIM:0.78587 (0.00076), LPIPS:0.26635 (0.00148):  96%|█████████▌| 96/100 [19:44:36<46:19, 694.76s/it]
PSNR:27.2201 (0.0271), SSIM:0.78587 (0.00076), LPIPS:0.26635 (0.00148):  97%|█████████▋| 97/100 [19:44:36<34:49, 696.49s/it]
PSNR:27.2210 (0.0269), SSIM:0.78528 (0.00076), LPIPS:0.26702 (0.00148):  97%|█████████▋| 97/100 [19:55:55<34:49, 696.49s/it]
PSNR:27.2210 (0.0269), SSIM:0.78528 (0.00076), LPIPS:0.26702 (0.00148):  98%|█████████▊| 98/100 [19:55:55<23:02, 691.13s/it]
PSNR:27.2286 (0.0268), SSIM:0.78359 (0.00076), LPIPS:0.26786 (0.00148):  98%|█████████▊| 98/100 [20:07:09<23:02, 691.13s/it]
PSNR:27.2286 (0.0268), SSIM:0.78359 (0.00076), LPIPS:0.26786 (0.00148):  99%|█████████▉| 99/100 [20:07:09<11:26, 686.07s/it]
PSNR:27.2634 (0.0268), SSIM:0.78397 (0.00076), LPIPS:0.26776 (0.00148):  99%|█████████▉| 99/100 [20:18:44<11:26, 686.07s/it]
PSNR:27.2634 (0.0268), SSIM:0.78397 (0.00076), LPIPS:0.26776 (0.00148): 100%|██████████| 100/100 [20:18:44<00:00, 688.54s/it]
PSNR:27.2634 (0.0268), SSIM:0.78397 (0.00076), LPIPS:0.26776 (0.00148): 100%|██████████| 100/100 [20:18:44<00:00, 731.24s/it]
Total Average PSNR: 27.263 (0.0268)
Total Average SSIM: 0.78397 (0.00076)
Total Average LPIPS: 0.26776 (0.00148)
Number of samples: 100
