nohup: 忽略输入
Dataset has size 100
Start from 0
  0%|          | 0/100 [00:00<?, ?it/s]Setting up [LPIPS] perceptual loss: trunk [vgg], v[0.1], spatial [off]
Loading model from: /root/.local/lib/python3.8/site-packages/lpips/weights/v0.1/vgg.pth
main_sampling.py:517: UserWarning: To copy construct from a tensor, it is recommended to use sourceTensor.clone().detach() or sourceTensor.clone().detach().requires_grad_(True), rather than torch.tensor(sourceTensor).
  LPIPS = loss_fn_vgg(2*orig-1.0, 2*torch.tensor(x[j]).to(torch.float32).cuda()-1.0)[0,0,0,0]
PSNR:30.0496 (0.0000), SSIM:0.80294 (0.00000), LPIPS:0.23372 (0.00000):   0%|          | 0/100 [34:55<?, ?it/s]PSNR:30.0496 (0.0000), SSIM:0.80294 (0.00000), LPIPS:0.23372 (0.00000):   1%|          | 1/100 [34:55<57:37:46, 2095.62s/it]PSNR:29.4290 (0.0000), SSIM:0.83192 (0.00000), LPIPS:0.20202 (0.00000):   1%|          | 1/100 [1:09:08<57:37:46, 2095.62s/it]PSNR:29.4290 (0.0000), SSIM:0.83192 (0.00000), LPIPS:0.20202 (0.00000):   2%|▏         | 2/100 [1:09:08<56:21:26, 2070.27s/it]PSNR:29.4290 (0.0000), SSIM:0.83192 (0.00000), LPIPS:0.20202 (0.00000):   2%|▏         | 2/100 [1:11:38<58:30:09, 2149.08s/it]
Traceback (most recent call last):
  File "main_sampling.py", line 898, in <module>
  File "main_sampling.py", line 480, in sample_image
    xt = hmc(x, n, b, seq, seq_next, algo, opt, y_0, H_funcs, x_orig)
  File "main_sampling.py", line 684, in hmc
    
  File "/root/miniconda3/envs/NHMC/lib/python3.8/site-packages/torch/autograd/__init__.py", line 436, in grad
    result = _engine_run_backward(
  File "/root/miniconda3/envs/NHMC/lib/python3.8/site-packages/torch/autograd/graph.py", line 769, in _engine_run_backward
    return Variable._execution_engine.run_backward(  # Calls into the C++ engine to run the backward pass
  File "/root/miniconda3/envs/NHMC/lib/python3.8/site-packages/torch/utils/data/_utils/signal_handling.py", line 67, in handler
    _error_if_any_worker_fails()
RuntimeError: DataLoader worker (pid 3468534) is killed by signal: Terminated. 
